f:\tfs\datasolveny\datasolveylib\x64\release\datasolve.pch
f:\tfs\datasolveny\datasolveylib\x64\release\vc141.pdb
f:\tfs\datasolveny\datasolveylib\x64\release\stdafx.obj
f:\tfs\datasolveny\datasolveylib\x64\release\stackwalker.obj
f:\tfs\datasolveny\datasolveylib\x64\release\solvedata.obj
f:\tfs\datasolveny\datasolveylib\x64\release\publicfunc.obj
f:\tfs\datasolveny\datasolveylib\x64\release\positionhpe.obj
f:\tfs\datasolveny\datasolveylib\x64\release\judge.obj
f:\tfs\datasolveny\datasolveylib\x64\release\holecore.obj
f:\tfs\datasolveny\datasolveylib\x64\release\hole.obj
f:\tfs\datasolveny\datasolveylib\x64\release\globaldefine.obj
f:\tfs\datasolveny\datasolveylib\x64\release\datasolvelib.obj
f:\tfs\datasolveny\datasolveylib\x64\release\dataqualityanalyse.obj
f:\tfs\datasolveny\datasolveylib\x64\release\dataentities.obj
f:\tfs\datasolveny\datasolveylib\x64\release\crhpe.obj
f:\tfs\datasolveny\datasolveylib\x64\release\baseexception.obj
f:\tfs\datasolveny\datasolveylib\x64\release\dllmain.obj
e:\覃伟军 交接资料整理\扁鹊算法相关\datasolveny\datasolveylib\x64\release\datasolve.pch
e:\覃伟军 交接资料整理\扁鹊算法相关\datasolveny\datasolveylib\x64\release\vc141.pdb
e:\覃伟军 交接资料整理\扁鹊算法相关\datasolveny\datasolveylib\x64\release\stdafx.obj
e:\覃伟军 交接资料整理\扁鹊算法相关\datasolveny\datasolveylib\x64\release\stackwalker.obj
e:\覃伟军 交接资料整理\扁鹊算法相关\datasolveny\datasolveylib\x64\release\solvedata.obj
e:\覃伟军 交接资料整理\扁鹊算法相关\datasolveny\datasolveylib\x64\release\publicfunc.obj
e:\覃伟军 交接资料整理\扁鹊算法相关\datasolveny\datasolveylib\x64\release\positionhpe.obj
e:\覃伟军 交接资料整理\扁鹊算法相关\datasolveny\datasolveylib\x64\release\judge.obj
e:\覃伟军 交接资料整理\扁鹊算法相关\datasolveny\datasolveylib\x64\release\holecore.obj
e:\覃伟军 交接资料整理\扁鹊算法相关\datasolveny\datasolveylib\x64\release\hole.obj
e:\覃伟军 交接资料整理\扁鹊算法相关\datasolveny\datasolveylib\x64\release\globaldefine.obj
e:\覃伟军 交接资料整理\扁鹊算法相关\datasolveny\datasolveylib\x64\release\datasolvelib.obj
e:\覃伟军 交接资料整理\扁鹊算法相关\datasolveny\datasolveylib\x64\release\dataqualityanalyse.obj
e:\覃伟军 交接资料整理\扁鹊算法相关\datasolveny\datasolveylib\x64\release\dataentities.obj
e:\覃伟军 交接资料整理\扁鹊算法相关\datasolveny\datasolveylib\x64\release\crhpe.obj
e:\覃伟军 交接资料整理\扁鹊算法相关\datasolveny\datasolveylib\x64\release\baseexception.obj
e:\覃伟军 交接资料整理\扁鹊算法相关\datasolveny\datasolveylib\x64\release\dllmain.obj
f:\tfs\datasolveny\x64\release\datasolve.lib
f:\tfs\datasolveny\x64\release\datasolve.exp
f:\tfs\datasolveny\x64\release\datasolve.ipdb
f:\tfs\datasolveny\x64\release\datasolve.iobj
e:\覃伟军 交接资料整理\扁鹊算法相关\datasolveny\x64\release\datasolve.lib
e:\覃伟军 交接资料整理\扁鹊算法相关\datasolveny\x64\release\datasolve.exp
e:\覃伟军 交接资料整理\扁鹊算法相关\datasolveny\x64\release\datasolve.ipdb
e:\覃伟军 交接资料整理\扁鹊算法相关\datasolveny\x64\release\datasolve.iobj
f:\tfs\datasolveny\x64\release\datasolve.dll
f:\tfs\datasolveny\x64\release\datasolve.map
f:\tfs\datasolveny\x64\release\datasolve.pdb
e:\覃伟军 交接资料整理\扁鹊算法相关\datasolveny\x64\release\datasolve.dll
e:\覃伟军 交接资料整理\扁鹊算法相关\datasolveny\x64\release\datasolve.map
e:\覃伟军 交接资料整理\扁鹊算法相关\datasolveny\x64\release\datasolve.pdb
f:\tfs\datasolveny\datasolveylib\x64\release\datasolve.res
e:\覃伟军 交接资料整理\扁鹊算法相关\datasolveny\datasolveylib\x64\release\datasolve.res
e:\覃伟军 交接资料整理\扁鹊算法相关\datasolveny\datasolveylib\x64\release\datasolve.tlog\cl.command.1.tlog
e:\覃伟军 交接资料整理\扁鹊算法相关\datasolveny\datasolveylib\x64\release\datasolve.tlog\cl.read.1.tlog
e:\覃伟军 交接资料整理\扁鹊算法相关\datasolveny\datasolveylib\x64\release\datasolve.tlog\cl.write.1.tlog
e:\覃伟军 交接资料整理\扁鹊算法相关\datasolveny\datasolveylib\x64\release\datasolve.tlog\datasolve.write.1u.tlog
e:\覃伟军 交接资料整理\扁鹊算法相关\datasolveny\datasolveylib\x64\release\datasolve.tlog\link.command.1.tlog
e:\覃伟军 交接资料整理\扁鹊算法相关\datasolveny\datasolveylib\x64\release\datasolve.tlog\link.delete.1.tlog
e:\覃伟军 交接资料整理\扁鹊算法相关\datasolveny\datasolveylib\x64\release\datasolve.tlog\link.read.1.tlog
e:\覃伟军 交接资料整理\扁鹊算法相关\datasolveny\datasolveylib\x64\release\datasolve.tlog\link.write.1.tlog
e:\覃伟军 交接资料整理\扁鹊算法相关\datasolveny\datasolveylib\x64\release\datasolve.tlog\rc.command.1.tlog
e:\覃伟军 交接资料整理\扁鹊算法相关\datasolveny\datasolveylib\x64\release\datasolve.tlog\rc.read.1.tlog
e:\覃伟军 交接资料整理\扁鹊算法相关\datasolveny\datasolveylib\x64\release\datasolve.tlog\rc.write.1.tlog
