f:\tfs\datasolveny\judgeex\x64\release\vc141.pdb
f:\tfs\datasolveny\judgeex\x64\release\posjudgedlg.obj
f:\tfs\datasolveny\judgeex\x64\release\posjudge.obj
f:\tfs\datasolveny\judgeex\x64\release\测试软件v1.0.pch
f:\tfs\datasolveny\judgeex\x64\release\stdafx.obj
f:\tfs\datasolveny\judgeex\x64\release\sha.obj
f:\tfs\datasolveny\judgeex\x64\release\md5.obj
f:\tfs\datasolveny\judgeex\x64\release\excelhpe.obj
f:\tfs\datasolveny\judgeex\x64\release\dlglocate.obj
f:\tfs\datasolveny\judgeex\x64\release\coding.obj
f:\tfs\datasolveny\judgeex\x64\release\cdlgwoundcompare.obj
f:\tfs\datasolveny\x64\release\测试软件v1.0.exe
f:\tfs\datasolveny\x64\release\测试软件v1.0.pdb
f:\tfs\datasolveny\judgeex\x64\release\posjudge.res
f:\tfs\datasolveny\judgeex\x64\release\judgeex.tlog\cl.command.1.tlog
f:\tfs\datasolveny\judgeex\x64\release\judgeex.tlog\cl.read.1.tlog
f:\tfs\datasolveny\judgeex\x64\release\judgeex.tlog\cl.write.1.tlog
f:\tfs\datasolveny\judgeex\x64\release\judgeex.tlog\link.command.1.tlog
f:\tfs\datasolveny\judgeex\x64\release\judgeex.tlog\link.read.1.tlog
f:\tfs\datasolveny\judgeex\x64\release\judgeex.tlog\link.write.1.tlog
f:\tfs\datasolveny\judgeex\x64\release\judgeex.tlog\rc.command.1.tlog
f:\tfs\datasolveny\judgeex\x64\release\judgeex.tlog\rc.read.1.tlog
f:\tfs\datasolveny\judgeex\x64\release\judgeex.tlog\rc.write.1.tlog
