  CRHPE.cpp
d:\00-钢轨探伤\datasolveny\datasolveylib\dataentities.h : warning C4819: 该文件包含不能在当前代码页(936)中表示的字符。请将该文件保存为 Unicode 格式以防止数据丢失
d:\00-钢轨探伤\datasolveny\datasolveylib\datadefine.h : warning C4819: 该文件包含不能在当前代码页(936)中表示的字符。请将该文件保存为 Unicode 格式以防止数据丢失
d:\00-钢轨探伤\datasolveny\datasolveylib\dataentities.h(938): warning C4819: 该文件包含不能在当前代码页(936)中表示的字符。请将该文件保存为 Unicode 格式以防止数据丢失
d:\00-钢轨探伤\datasolveny\datasolveylib\dataentitiesfornode.h : warning C4819: 该文件包含不能在当前代码页(936)中表示的字符。请将该文件保存为 Unicode 格式以防止数据丢失
d:\00-钢轨探伤\datasolveny\datasolveylib\crhpe.cpp(13): warning C4018: “<”: 有符号/无符号不匹配
d:\00-钢轨探伤\datasolveny\datasolveylib\crhpe.cpp(114): warning C4018: “<”: 有符号/无符号不匹配
d:\00-钢轨探伤\datasolveny\datasolveylib\crhpe.cpp(143): warning C4018: “<”: 有符号/无符号不匹配
d:\00-钢轨探伤\datasolveny\datasolveylib\crhpe.cpp(205): warning C4018: “<”: 有符号/无符号不匹配
d:\00-钢轨探伤\datasolveny\datasolveylib\crhpe.cpp(205): warning C4018: “>”: 有符号/无符号不匹配
d:\00-钢轨探伤\datasolveny\datasolveylib\crhpe.cpp(223): warning C4018: “<”: 有符号/无符号不匹配
d:\00-钢轨探伤\datasolveny\datasolveylib\crhpe.cpp(240): warning C4018: “<”: 有符号/无符号不匹配
d:\00-钢轨探伤\datasolveny\datasolveylib\crhpe.cpp(268): warning C4018: “<”: 有符号/无符号不匹配
d:\00-钢轨探伤\datasolveny\datasolveylib\crhpe.cpp(297): warning C4018: “<”: 有符号/无符号不匹配
d:\00-钢轨探伤\datasolveny\datasolveylib\crhpe.cpp(306): warning C4018: “<”: 有符号/无符号不匹配
d:\00-钢轨探伤\datasolveny\datasolveylib\crhpe.cpp(413): warning C4018: “<”: 有符号/无符号不匹配
d:\00-钢轨探伤\datasolveny\datasolveylib\crhpe.cpp(473): warning C4018: “>”: 有符号/无符号不匹配
d:\00-钢轨探伤\datasolveny\datasolveylib\crhpe.cpp(473): warning C4018: “<”: 有符号/无符号不匹配
d:\00-钢轨探伤\datasolveny\datasolveylib\crhpe.cpp(633): warning C4018: “<”: 有符号/无符号不匹配
d:\00-钢轨探伤\datasolveny\datasolveylib\crhpe.cpp(642): warning C4018: “<”: 有符号/无符号不匹配
d:\00-钢轨探伤\datasolveny\datasolveylib\crhpe.cpp(680): warning C4018: “<”: 有符号/无符号不匹配
d:\00-钢轨探伤\datasolveny\datasolveylib\crhpe.cpp(689): warning C4018: “<”: 有符号/无符号不匹配
d:\00-钢轨探伤\datasolveny\datasolveylib\crhpe.cpp(1117): warning C4018: “<”: 有符号/无符号不匹配
d:\00-钢轨探伤\datasolveny\datasolveylib\crhpe.cpp(1121): warning C4018: “<”: 有符号/无符号不匹配
d:\00-钢轨探伤\datasolveny\datasolveylib\crhpe.cpp(1150): warning C4018: “<”: 有符号/无符号不匹配
d:\00-钢轨探伤\datasolveny\datasolveylib\crhpe.cpp(1152): warning C4018: “<”: 有符号/无符号不匹配
d:\00-钢轨探伤\datasolveny\datasolveylib\crhpe.cpp(1200): warning C4018: “<”: 有符号/无符号不匹配
d:\00-钢轨探伤\datasolveny\datasolveylib\crhpe.cpp(1254): warning C4018: “<”: 有符号/无符号不匹配
d:\00-钢轨探伤\datasolveny\datasolveylib\crhpe.cpp(1278): warning C4018: “<”: 有符号/无符号不匹配
d:\00-钢轨探伤\datasolveny\datasolveylib\crhpe.cpp(1340): warning C4244: “=”: 从“int16_t”转换到“uint8_t”，可能丢失数据
d:\00-钢轨探伤\datasolveny\datasolveylib\crhpe.cpp(1341): warning C4244: “=”: 从“int16_t”转换到“uint8_t”，可能丢失数据
d:\00-钢轨探伤\datasolveny\datasolveylib\crhpe.cpp(1353): warning C4018: “<”: 有符号/无符号不匹配
d:\00-钢轨探伤\datasolveny\datasolveylib\crhpe.cpp(1403): warning C4018: “<”: 有符号/无符号不匹配
d:\00-钢轨探伤\datasolveny\datasolveylib\crhpe.cpp(1412): warning C4018: “<”: 有符号/无符号不匹配
d:\00-钢轨探伤\datasolveny\datasolveylib\crhpe.cpp(1420): warning C4018: “<”: 有符号/无符号不匹配
d:\00-钢轨探伤\datasolveny\datasolveylib\crhpe.cpp(1570): warning C4018: “<”: 有符号/无符号不匹配
d:\00-钢轨探伤\datasolveny\datasolveylib\crhpe.cpp(1575): warning C4018: “<”: 有符号/无符号不匹配
d:\00-钢轨探伤\datasolveny\datasolveylib\crhpe.cpp(1607): warning C4018: “<”: 有符号/无符号不匹配
d:\00-钢轨探伤\datasolveny\datasolveylib\crhpe.cpp(1659): warning C4018: “<”: 有符号/无符号不匹配
d:\00-钢轨探伤\datasolveny\datasolveylib\crhpe.cpp(1679): warning C4018: “<”: 有符号/无符号不匹配
d:\00-钢轨探伤\datasolveny\datasolveylib\crhpe.cpp(1757): warning C4018: “<”: 有符号/无符号不匹配
d:\00-钢轨探伤\datasolveny\datasolveylib\crhpe.cpp(1814): warning C4018: “<”: 有符号/无符号不匹配
d:\00-钢轨探伤\datasolveny\datasolveylib\crhpe.cpp(1823): warning C4018: “<”: 有符号/无符号不匹配
d:\00-钢轨探伤\datasolveny\datasolveylib\crhpe.cpp(1864): warning C4101: “e”: 未引用的局部变量
d:\00-钢轨探伤\datasolveny\datasolveylib\crhpe.cpp(1876): warning C4018: “<”: 有符号/无符号不匹配
d:\00-钢轨探伤\datasolveny\datasolveylib\crhpe.cpp(1886): warning C4018: “<”: 有符号/无符号不匹配
d:\00-钢轨探伤\datasolveny\datasolveylib\crhpe.cpp(1900): warning C4018: “<”: 有符号/无符号不匹配
d:\00-钢轨探伤\datasolveny\datasolveylib\crhpe.cpp(1917): warning C4018: “<”: 有符号/无符号不匹配
d:\00-钢轨探伤\datasolveny\datasolveylib\crhpe.cpp(1932): warning C4018: “<”: 有符号/无符号不匹配
d:\00-钢轨探伤\datasolveny\datasolveylib\crhpe.cpp(1936): warning C4018: “<”: 有符号/无符号不匹配
d:\00-钢轨探伤\datasolveny\datasolveylib\crhpe.cpp(1953): warning C4018: “<”: 有符号/无符号不匹配
d:\00-钢轨探伤\datasolveny\datasolveylib\crhpe.cpp(2122): warning C4018: “<”: 有符号/无符号不匹配
d:\00-钢轨探伤\datasolveny\datasolveylib\crhpe.cpp(2124): warning C4018: “<”: 有符号/无符号不匹配
d:\00-钢轨探伤\datasolveny\datasolveylib\crhpe.cpp(2148): warning C4244: “=”: 从“double”转换到“int16_t”，可能丢失数据
d:\00-钢轨探伤\datasolveny\datasolveylib\crhpe.cpp(2190): warning C4244: “初始化”: 从“double”转换到“int”，可能丢失数据
d:\00-钢轨探伤\datasolveny\datasolveylib\crhpe.cpp(2219): warning C4244: “参数”: 从“double”转换到“int”，可能丢失数据
d:\00-钢轨探伤\datasolveny\datasolveylib\crhpe.cpp(2330): warning C4018: “<”: 有符号/无符号不匹配
d:\00-钢轨探伤\datasolveny\datasolveylib\crhpe.cpp(2375): warning C4018: “<”: 有符号/无符号不匹配
d:\00-钢轨探伤\datasolveny\datasolveylib\crhpe.cpp(2417): warning C4018: “<”: 有符号/无符号不匹配
d:\00-钢轨探伤\datasolveny\datasolveylib\crhpe.cpp(2433): warning C4018: “<”: 有符号/无符号不匹配
d:\00-钢轨探伤\datasolveny\datasolveylib\crhpe.cpp(2481): warning C4018: “<”: 有符号/无符号不匹配
d:\00-钢轨探伤\datasolveny\datasolveylib\crhpe.cpp(2495): warning C4018: “<”: 有符号/无符号不匹配
d:\00-钢轨探伤\datasolveny\datasolveylib\crhpe.cpp(2497): warning C4018: “<”: 有符号/无符号不匹配
d:\00-钢轨探伤\datasolveny\datasolveylib\crhpe.cpp(2501): warning C4018: “>”: 有符号/无符号不匹配
d:\00-钢轨探伤\datasolveny\datasolveylib\crhpe.cpp(2604): warning C4018: “<”: 有符号/无符号不匹配
d:\00-钢轨探伤\datasolveny\datasolveylib\crhpe.cpp(2674): warning C4018: “<”: 有符号/无符号不匹配
d:\00-钢轨探伤\datasolveny\datasolveylib\crhpe.cpp(2678): warning C4244: “初始化”: 从“double”转换到“int”，可能丢失数据
d:\00-钢轨探伤\datasolveny\datasolveylib\crhpe.cpp(2701): warning C4244: “初始化”: 从“double”转换到“int”，可能丢失数据
d:\00-钢轨探伤\datasolveny\datasolveylib\crhpe.cpp(2760): warning C4018: “<”: 有符号/无符号不匹配
d:\00-钢轨探伤\datasolveny\datasolveylib\crhpe.cpp(2788): warning C4018: “<”: 有符号/无符号不匹配
d:\00-钢轨探伤\datasolveny\datasolveylib\crhpe.cpp(2799): warning C4018: “<”: 有符号/无符号不匹配
d:\00-钢轨探伤\datasolveny\datasolveylib\crhpe.cpp(2802): warning C4244: “初始化”: 从“double”转换到“int”，可能丢失数据
d:\00-钢轨探伤\datasolveny\datasolveylib\crhpe.cpp(2810): warning C4244: “+=”: 从“double”转换到“int32_t”，可能丢失数据
d:\00-钢轨探伤\datasolveny\datasolveylib\crhpe.cpp(2837): warning C4244: “=”: 从“double”转换到“int”，可能丢失数据
d:\00-钢轨探伤\datasolveny\datasolveylib\crhpe.cpp(2838): warning C4244: “=”: 从“double”转换到“int”，可能丢失数据
d:\00-钢轨探伤\datasolveny\datasolveylib\crhpe.cpp(2841): warning C4244: “=”: 从“double”转换到“int”，可能丢失数据
d:\00-钢轨探伤\datasolveny\datasolveylib\crhpe.cpp(2842): warning C4244: “=”: 从“double”转换到“int”，可能丢失数据
d:\00-钢轨探伤\datasolveny\datasolveylib\crhpe.cpp(2844): warning C4244: “=”: 从“double”转换到“int”，可能丢失数据
d:\00-钢轨探伤\datasolveny\datasolveylib\crhpe.cpp(2850): warning C4244: “-=”: 从“float”转换到“int”，可能丢失数据
d:\00-钢轨探伤\datasolveny\datasolveylib\crhpe.cpp(2851): warning C4244: “-=”: 从“float”转换到“int”，可能丢失数据
d:\00-钢轨探伤\datasolveny\datasolveylib\crhpe.cpp(2855): warning C4244: “-=”: 从“float”转换到“int”，可能丢失数据
d:\00-钢轨探伤\datasolveny\datasolveylib\crhpe.cpp(2878): warning C4018: “>=”: 有符号/无符号不匹配
d:\00-钢轨探伤\datasolveny\datasolveylib\crhpe.cpp(2974): warning C4018: “<”: 有符号/无符号不匹配
d:\00-钢轨探伤\datasolveny\datasolveylib\crhpe.cpp(3053): warning C4018: “<”: 有符号/无符号不匹配
d:\00-钢轨探伤\datasolveny\datasolveylib\crhpe.cpp(3155): warning C4018: “<”: 有符号/无符号不匹配
d:\00-钢轨探伤\datasolveny\datasolveylib\crhpe.cpp(3220): warning C4018: “<”: 有符号/无符号不匹配
d:\00-钢轨探伤\datasolveny\datasolveylib\crhpe.cpp(3278): warning C4018: “<”: 有符号/无符号不匹配
d:\00-钢轨探伤\datasolveny\datasolveylib\crhpe.cpp(3320): warning C4018: “<”: 有符号/无符号不匹配
d:\00-钢轨探伤\datasolveny\datasolveylib\crhpe.cpp(3357): warning C4018: “<”: 有符号/无符号不匹配
d:\00-钢轨探伤\datasolveny\datasolveylib\crhpe.cpp(3364): warning C4018: “<”: 有符号/无符号不匹配
d:\00-钢轨探伤\datasolveny\datasolveylib\crhpe.cpp(3372): warning C4018: “<”: 有符号/无符号不匹配
d:\00-钢轨探伤\datasolveny\datasolveylib\crhpe.cpp(3409): warning C4018: “<”: 有符号/无符号不匹配
d:\00-钢轨探伤\datasolveny\datasolveylib\crhpe.cpp(3416): warning C4018: “<”: 有符号/无符号不匹配
d:\00-钢轨探伤\datasolveny\datasolveylib\crhpe.cpp(3424): warning C4018: “<”: 有符号/无符号不匹配
d:\00-钢轨探伤\datasolveny\datasolveylib\crhpe.cpp(3467): warning C4018: “>=”: 有符号/无符号不匹配
d:\00-钢轨探伤\datasolveny\datasolveylib\crhpe.cpp(3483): warning C4018: “>=”: 有符号/无符号不匹配
d:\00-钢轨探伤\datasolveny\datasolveylib\crhpe.cpp(3499): warning C4018: “>=”: 有符号/无符号不匹配
d:\00-钢轨探伤\datasolveny\datasolveylib\crhpe.cpp(3515): warning C4018: “>=”: 有符号/无符号不匹配
d:\00-钢轨探伤\datasolveny\datasolveylib\crhpe.cpp(3531): warning C4018: “>=”: 有符号/无符号不匹配
d:\00-钢轨探伤\datasolveny\datasolveylib\crhpe.cpp(3547): warning C4018: “>=”: 有符号/无符号不匹配
d:\00-钢轨探伤\datasolveny\datasolveylib\crhpe.cpp(3563): warning C4018: “>=”: 有符号/无符号不匹配
d:\00-钢轨探伤\datasolveny\datasolveylib\crhpe.cpp(3579): warning C4018: “>=”: 有符号/无符号不匹配
d:\00-钢轨探伤\datasolveny\datasolveylib\crhpe.cpp(3595): warning C4018: “>=”: 有符号/无符号不匹配
d:\00-钢轨探伤\datasolveny\datasolveylib\crhpe.cpp(3612): warning C4018: “>=”: 有符号/无符号不匹配
d:\00-钢轨探伤\datasolveny\datasolveylib\crhpe.cpp(3633): warning C4018: “<”: 有符号/无符号不匹配
d:\00-钢轨探伤\datasolveny\datasolveylib\crhpe.cpp(3641): warning C4018: “<”: 有符号/无符号不匹配
d:\00-钢轨探伤\datasolveny\datasolveylib\crhpe.cpp(3650): warning C4018: “>=”: 有符号/无符号不匹配
d:\00-钢轨探伤\datasolveny\datasolveylib\crhpe.cpp(3669): warning C4018: “<”: 有符号/无符号不匹配
d:\00-钢轨探伤\datasolveny\datasolveylib\crhpe.cpp(3727): warning C4018: “<”: 有符号/无符号不匹配
d:\00-钢轨探伤\datasolveny\datasolveylib\crhpe.cpp(3816): warning C4018: “<”: 有符号/无符号不匹配
d:\00-钢轨探伤\datasolveny\datasolveylib\crhpe.cpp(3845): warning C4244: “初始化”: 从“double”转换到“int”，可能丢失数据
d:\00-钢轨探伤\datasolveny\datasolveylib\crhpe.cpp(3909): warning C4018: “>=”: 有符号/无符号不匹配
d:\00-钢轨探伤\datasolveny\datasolveylib\crhpe.cpp(3933): warning C4018: “>=”: 有符号/无符号不匹配
d:\00-钢轨探伤\datasolveny\datasolveylib\crhpe.cpp(4009): warning C4018: “<”: 有符号/无符号不匹配
d:\00-钢轨探伤\datasolveny\datasolveylib\crhpe.cpp(4075): warning C4018: “<”: 有符号/无符号不匹配
d:\00-钢轨探伤\datasolveny\datasolveylib\crhpe.cpp(4104): warning C4244: “初始化”: 从“double”转换到“int”，可能丢失数据
d:\00-钢轨探伤\datasolveny\datasolveylib\crhpe.cpp(4128): warning C4018: “>=”: 有符号/无符号不匹配
d:\00-钢轨探伤\datasolveny\datasolveylib\crhpe.cpp(4152): warning C4018: “>=”: 有符号/无符号不匹配
d:\00-钢轨探伤\datasolveny\datasolveylib\crhpe.cpp(4205): warning C4018: “<”: 有符号/无符号不匹配
d:\00-钢轨探伤\datasolveny\datasolveylib\crhpe.cpp(4207): warning C4018: “<”: 有符号/无符号不匹配
d:\00-钢轨探伤\datasolveny\datasolveylib\crhpe.cpp(4237): warning C4018: “<”: 有符号/无符号不匹配
d:\00-钢轨探伤\datasolveny\datasolveylib\crhpe.cpp(4239): warning C4018: “<”: 有符号/无符号不匹配
  DataEntities.cpp
d:\00-钢轨探伤\datasolveny\datasolveylib\dataentities.h : warning C4819: 该文件包含不能在当前代码页(936)中表示的字符。请将该文件保存为 Unicode 格式以防止数据丢失
d:\00-钢轨探伤\datasolveny\datasolveylib\datadefine.h : warning C4819: 该文件包含不能在当前代码页(936)中表示的字符。请将该文件保存为 Unicode 格式以防止数据丢失
d:\00-钢轨探伤\datasolveny\datasolveylib\dataentities.h(938): warning C4819: 该文件包含不能在当前代码页(936)中表示的字符。请将该文件保存为 Unicode 格式以防止数据丢失
  DataQualityAnalyse.cpp
d:\00-钢轨探伤\datasolveny\datasolveylib\datadefine.h : warning C4819: 该文件包含不能在当前代码页(936)中表示的字符。请将该文件保存为 Unicode 格式以防止数据丢失
d:\00-钢轨探伤\datasolveny\datasolveylib\dataentities.h : warning C4819: 该文件包含不能在当前代码页(936)中表示的字符。请将该文件保存为 Unicode 格式以防止数据丢失
d:\00-钢轨探伤\datasolveny\datasolveylib\dataentities.h(938): warning C4819: 该文件包含不能在当前代码页(936)中表示的字符。请将该文件保存为 Unicode 格式以防止数据丢失
d:\00-钢轨探伤\datasolveny\datasolveylib\dataentitiesfornode.h : warning C4819: 该文件包含不能在当前代码页(936)中表示的字符。请将该文件保存为 Unicode 格式以防止数据丢失
d:\00-钢轨探伤\datasolveny\datasolveylib\dataqualityanalyse.cpp(265): warning C4018: “<”: 有符号/无符号不匹配
d:\00-钢轨探伤\datasolveny\datasolveylib\dataqualityanalyse.cpp(370): warning C4244: “+=”: 从“float”转换到“int16_t”，可能丢失数据
d:\00-钢轨探伤\datasolveny\datasolveylib\dataqualityanalyse.cpp(384): warning C4244: “-=”: 从“float”转换到“int16_t”，可能丢失数据
d:\00-钢轨探伤\datasolveny\datasolveylib\dataqualityanalyse.cpp(523): warning C4018: “<”: 有符号/无符号不匹配
d:\00-钢轨探伤\datasolveny\datasolveylib\dataqualityanalyse.cpp(895): warning C4018: “<”: 有符号/无符号不匹配
d:\00-钢轨探伤\datasolveny\datasolveylib\dataqualityanalyse.cpp(899): warning C4018: “<”: 有符号/无符号不匹配
d:\00-钢轨探伤\datasolveny\datasolveylib\dataqualityanalyse.cpp(1017): warning C4267: “初始化”: 从“size_t”转换到“uint8_t”，可能丢失数据
d:\00-钢轨探伤\datasolveny\datasolveylib\dataqualityanalyse.cpp(1378): warning C4018: “>=”: 有符号/无符号不匹配
d:\00-钢轨探伤\datasolveny\datasolveylib\dataqualityanalyse.cpp(1415): warning C4018: “<”: 有符号/无符号不匹配
d:\00-钢轨探伤\datasolveny\datasolveylib\dataqualityanalyse.cpp(1634): warning C4244: “=”: 从“int64_t”转换到“UINT32”，可能丢失数据
d:\00-钢轨探伤\datasolveny\datasolveylib\dataqualityanalyse.cpp(1700): warning C4244: “=”: 从“int64_t”转换到“UINT32”，可能丢失数据
d:\00-钢轨探伤\datasolveny\datasolveylib\dataqualityanalyse.cpp(1762): warning C4018: “<”: 有符号/无符号不匹配
d:\00-钢轨探伤\datasolveny\datasolveylib\dataqualityanalyse.cpp(1806): warning C4018: “<”: 有符号/无符号不匹配
d:\00-钢轨探伤\datasolveny\datasolveylib\dataqualityanalyse.cpp(1886): warning C4018: “<”: 有符号/无符号不匹配
d:\00-钢轨探伤\datasolveny\datasolveylib\dataqualityanalyse.cpp(1904): warning C4018: “<”: 有符号/无符号不匹配
d:\00-钢轨探伤\datasolveny\datasolveylib\dataqualityanalyse.cpp(1921): warning C4018: “<”: 有符号/无符号不匹配
d:\00-钢轨探伤\datasolveny\datasolveylib\dataqualityanalyse.cpp(1948): warning C4018: “<”: 有符号/无符号不匹配
d:\00-钢轨探伤\datasolveny\datasolveylib\dataqualityanalyse.cpp(518): warning C4101: “isForkError”: 未引用的局部变量
  GlobalDefine.cpp
d:\00-钢轨探伤\datasolveny\datasolveylib\dataentities.h : warning C4819: 该文件包含不能在当前代码页(936)中表示的字符。请将该文件保存为 Unicode 格式以防止数据丢失
d:\00-钢轨探伤\datasolveny\datasolveylib\datadefine.h : warning C4819: 该文件包含不能在当前代码页(936)中表示的字符。请将该文件保存为 Unicode 格式以防止数据丢失
d:\00-钢轨探伤\datasolveny\datasolveylib\dataentities.h(938): warning C4819: 该文件包含不能在当前代码页(936)中表示的字符。请将该文件保存为 Unicode 格式以防止数据丢失
d:\00-钢轨探伤\datasolveny\datasolveylib\dataentitiesfornode.h : warning C4819: 该文件包含不能在当前代码页(936)中表示的字符。请将该文件保存为 Unicode 格式以防止数据丢失
  Judge.cpp
d:\00-钢轨探伤\datasolveny\datasolveylib\dataentities.h : warning C4819: 该文件包含不能在当前代码页(936)中表示的字符。请将该文件保存为 Unicode 格式以防止数据丢失
d:\00-钢轨探伤\datasolveny\datasolveylib\datadefine.h : warning C4819: 该文件包含不能在当前代码页(936)中表示的字符。请将该文件保存为 Unicode 格式以防止数据丢失
d:\00-钢轨探伤\datasolveny\datasolveylib\dataentities.h(938): warning C4819: 该文件包含不能在当前代码页(936)中表示的字符。请将该文件保存为 Unicode 格式以防止数据丢失
d:\00-钢轨探伤\datasolveny\datasolveylib\dataentitiesfornode.h : warning C4819: 该文件包含不能在当前代码页(936)中表示的字符。请将该文件保存为 Unicode 格式以防止数据丢失
d:\00-钢轨探伤\datasolveny\datasolveylib\judge.cpp(107): warning C4018: “<”: 有符号/无符号不匹配
d:\00-钢轨探伤\datasolveny\datasolveylib\judge.cpp(140): warning C4244: “参数”: 从“_Ty”转换到“const unsigned char”，可能丢失数据
          with
          [
              _Ty=int16_t
          ]
d:\00-钢轨探伤\datasolveny\datasolveylib\judge.cpp(264): warning C4018: “<”: 有符号/无符号不匹配
d:\00-钢轨探伤\datasolveny\datasolveylib\judge.cpp(267): warning C4018: “<”: 有符号/无符号不匹配
d:\00-钢轨探伤\datasolveny\datasolveylib\judge.cpp(272): warning C4244: “=”: 从“int16_t”转换到“uint8_t”，可能丢失数据
d:\00-钢轨探伤\datasolveny\datasolveylib\judge.cpp(273): warning C4244: “=”: 从“int16_t”转换到“uint8_t”，可能丢失数据
d:\00-钢轨探伤\datasolveny\datasolveylib\judge.cpp(299): warning C4018: “<”: 有符号/无符号不匹配
d:\00-钢轨探伤\datasolveny\datasolveylib\judge.cpp(306): warning C4018: “<”: 有符号/无符号不匹配
d:\00-钢轨探伤\datasolveny\datasolveylib\judge.cpp(314): warning C4018: “<”: 有符号/无符号不匹配
d:\00-钢轨探伤\datasolveny\datasolveylib\judge.cpp(405): warning C4018: “>=”: 有符号/无符号不匹配
d:\00-钢轨探伤\datasolveny\datasolveylib\judge.cpp(405): warning C4018: “<=”: 有符号/无符号不匹配
d:\00-钢轨探伤\datasolveny\datasolveylib\judge.cpp(411): warning C4018: “>”: 有符号/无符号不匹配
d:\00-钢轨探伤\datasolveny\datasolveylib\judge.cpp(424): warning C4018: “>=”: 有符号/无符号不匹配
d:\00-钢轨探伤\datasolveny\datasolveylib\judge.cpp(424): warning C4018: “<=”: 有符号/无符号不匹配
d:\00-钢轨探伤\datasolveny\datasolveylib\judge.cpp(430): warning C4018: “>”: 有符号/无符号不匹配
d:\00-钢轨探伤\datasolveny\datasolveylib\judge.cpp(499): warning C4018: “<”: 有符号/无符号不匹配
d:\00-钢轨探伤\datasolveny\datasolveylib\judge.cpp(508): warning C4018: “<”: 有符号/无符号不匹配
d:\00-钢轨探伤\datasolveny\datasolveylib\judge.cpp(565): warning C4018: “<”: 有符号/无符号不匹配
d:\00-钢轨探伤\datasolveny\datasolveylib\judge.cpp(568): warning C4018: “<”: 有符号/无符号不匹配
d:\00-钢轨探伤\datasolveny\datasolveylib\judge.cpp(694): warning C4018: “<”: 有符号/无符号不匹配
d:\00-钢轨探伤\datasolveny\datasolveylib\judge.cpp(719): warning C4244: “=”: 从“double”转换到“uint16_t”，可能丢失数据
d:\00-钢轨探伤\datasolveny\datasolveylib\judge.cpp(720): warning C4244: “=”: 从“float”转换到“uint16_t”，可能丢失数据
d:\00-钢轨探伤\datasolveny\datasolveylib\judge.cpp(736): warning C4244: “=”: 从“double”转换到“uint16_t”，可能丢失数据
d:\00-钢轨探伤\datasolveny\datasolveylib\judge.cpp(737): warning C4244: “=”: 从“float”转换到“uint16_t”，可能丢失数据
d:\00-钢轨探伤\datasolveny\datasolveylib\judge.cpp(755): warning C4244: “=”: 从“double”转换到“uint16_t”，可能丢失数据
d:\00-钢轨探伤\datasolveny\datasolveylib\judge.cpp(756): warning C4244: “=”: 从“float”转换到“uint16_t”，可能丢失数据
d:\00-钢轨探伤\datasolveny\datasolveylib\judge.cpp(768): warning C4244: “=”: 从“double”转换到“uint16_t”，可能丢失数据
d:\00-钢轨探伤\datasolveny\datasolveylib\judge.cpp(769): warning C4244: “=”: 从“double”转换到“uint16_t”，可能丢失数据
d:\00-钢轨探伤\datasolveny\datasolveylib\judge.cpp(781): warning C4244: “=”: 从“double”转换到“uint16_t”，可能丢失数据
d:\00-钢轨探伤\datasolveny\datasolveylib\judge.cpp(782): warning C4244: “=”: 从“float”转换到“uint16_t”，可能丢失数据
d:\00-钢轨探伤\datasolveny\datasolveylib\judge.cpp(814): warning C4244: “=”: 从“double”转换到“uint16_t”，可能丢失数据
d:\00-钢轨探伤\datasolveny\datasolveylib\judge.cpp(815): warning C4244: “=”: 从“double”转换到“uint16_t”，可能丢失数据
d:\00-钢轨探伤\datasolveny\datasolveylib\judge.cpp(831): warning C4244: “=”: 从“double”转换到“uint16_t”，可能丢失数据
d:\00-钢轨探伤\datasolveny\datasolveylib\judge.cpp(832): warning C4244: “=”: 从“float”转换到“uint16_t”，可能丢失数据
d:\00-钢轨探伤\datasolveny\datasolveylib\judge.cpp(854): warning C4244: “=”: 从“double”转换到“uint16_t”，可能丢失数据
d:\00-钢轨探伤\datasolveny\datasolveylib\judge.cpp(855): warning C4244: “=”: 从“float”转换到“uint16_t”，可能丢失数据
d:\00-钢轨探伤\datasolveny\datasolveylib\judge.cpp(872): warning C4244: “=”: 从“double”转换到“uint16_t”，可能丢失数据
d:\00-钢轨探伤\datasolveny\datasolveylib\judge.cpp(873): warning C4244: “=”: 从“float”转换到“uint16_t”，可能丢失数据
d:\00-钢轨探伤\datasolveny\datasolveylib\judge.cpp(895): warning C4244: “初始化”: 从“double”转换到“int”，可能丢失数据
d:\00-钢轨探伤\datasolveny\datasolveylib\judge.cpp(896): warning C4244: “初始化”: 从“double”转换到“int”，可能丢失数据
d:\00-钢轨探伤\datasolveny\datasolveylib\judge.cpp(897): warning C4244: “参数”: 从“const uint16_t”转换到“uint8_t”，可能丢失数据
d:\00-钢轨探伤\datasolveny\datasolveylib\judge.cpp(898): warning C4244: “参数”: 从“const uint16_t”转换到“uint8_t”，可能丢失数据
d:\00-钢轨探伤\datasolveny\datasolveylib\judge.cpp(903): warning C4244: “参数”: 从“const uint16_t”转换到“uint8_t”，可能丢失数据
d:\00-钢轨探伤\datasolveny\datasolveylib\judge.cpp(904): warning C4244: “参数”: 从“const uint16_t”转换到“uint8_t”，可能丢失数据
d:\00-钢轨探伤\datasolveny\datasolveylib\judge.cpp(923): warning C4244: “初始化”: 从“double”转换到“int”，可能丢失数据
d:\00-钢轨探伤\datasolveny\datasolveylib\judge.cpp(924): warning C4244: “初始化”: 从“double”转换到“int”，可能丢失数据
d:\00-钢轨探伤\datasolveny\datasolveylib\judge.cpp(925): warning C4244: “参数”: 从“const uint16_t”转换到“uint8_t”，可能丢失数据
d:\00-钢轨探伤\datasolveny\datasolveylib\judge.cpp(926): warning C4244: “参数”: 从“const uint16_t”转换到“uint8_t”，可能丢失数据
d:\00-钢轨探伤\datasolveny\datasolveylib\judge.cpp(931): warning C4244: “参数”: 从“const uint16_t”转换到“uint8_t”，可能丢失数据
d:\00-钢轨探伤\datasolveny\datasolveylib\judge.cpp(932): warning C4244: “参数”: 从“const uint16_t”转换到“uint8_t”，可能丢失数据
d:\00-钢轨探伤\datasolveny\datasolveylib\judge.cpp(990): warning C4018: “<”: 有符号/无符号不匹配
d:\00-钢轨探伤\datasolveny\datasolveylib\judge.cpp(994): warning C4018: “<”: 有符号/无符号不匹配
d:\00-钢轨探伤\datasolveny\datasolveylib\judge.cpp(1050): warning C4018: “<”: 有符号/无符号不匹配
d:\00-钢轨探伤\datasolveny\datasolveylib\judge.cpp(1062): warning C4018: “<”: 有符号/无符号不匹配
d:\00-钢轨探伤\datasolveny\datasolveylib\judge.cpp(1082): warning C4018: “<”: 有符号/无符号不匹配
d:\00-钢轨探伤\datasolveny\datasolveylib\judge.cpp(1130): warning C4018: “<”: 有符号/无符号不匹配
d:\00-钢轨探伤\datasolveny\datasolveylib\judge.cpp(1137): warning C4018: “<”: 有符号/无符号不匹配
d:\00-钢轨探伤\datasolveny\datasolveylib\judge.cpp(1281): warning C4018: “<”: 有符号/无符号不匹配
d:\00-钢轨探伤\datasolveny\datasolveylib\judge.cpp(1341): warning C4018: “<”: 有符号/无符号不匹配
d:\00-钢轨探伤\datasolveny\datasolveylib\judge.cpp(1397): warning C4018: “<”: 有符号/无符号不匹配
d:\00-钢轨探伤\datasolveny\datasolveylib\judge.cpp(1435): warning C4018: “>=”: 有符号/无符号不匹配
d:\00-钢轨探伤\datasolveny\datasolveylib\judge.cpp(1438): warning C4244: “=”: 从“double”转换到“uint16_t”，可能丢失数据
d:\00-钢轨探伤\datasolveny\datasolveylib\judge.cpp(1439): warning C4244: “=”: 从“float”转换到“uint16_t”，可能丢失数据
d:\00-钢轨探伤\datasolveny\datasolveylib\judge.cpp(1442): warning C4018: “>=”: 有符号/无符号不匹配
d:\00-钢轨探伤\datasolveny\datasolveylib\judge.cpp(1452): warning C4244: “=”: 从“double”转换到“uint16_t”，可能丢失数据
d:\00-钢轨探伤\datasolveny\datasolveylib\judge.cpp(1453): warning C4244: “=”: 从“double”转换到“uint16_t”，可能丢失数据
d:\00-钢轨探伤\datasolveny\datasolveylib\judge.cpp(1458): warning C4018: “>=”: 有符号/无符号不匹配
d:\00-钢轨探伤\datasolveny\datasolveylib\judge.cpp(1471): warning C4244: “=”: 从“double”转换到“uint16_t”，可能丢失数据
d:\00-钢轨探伤\datasolveny\datasolveylib\judge.cpp(1472): warning C4244: “=”: 从“float”转换到“uint16_t”，可能丢失数据
d:\00-钢轨探伤\datasolveny\datasolveylib\judge.cpp(1479): warning C4018: “<”: 有符号/无符号不匹配
d:\00-钢轨探伤\datasolveny\datasolveylib\judge.cpp(1505): warning C4018: “>=”: 有符号/无符号不匹配
d:\00-钢轨探伤\datasolveny\datasolveylib\judge.cpp(1508): warning C4244: “=”: 从“double”转换到“uint16_t”，可能丢失数据
d:\00-钢轨探伤\datasolveny\datasolveylib\judge.cpp(1509): warning C4244: “=”: 从“float”转换到“uint16_t”，可能丢失数据
d:\00-钢轨探伤\datasolveny\datasolveylib\judge.cpp(1512): warning C4018: “>=”: 有符号/无符号不匹配
d:\00-钢轨探伤\datasolveny\datasolveylib\judge.cpp(1522): warning C4244: “=”: 从“double”转换到“uint16_t”，可能丢失数据
d:\00-钢轨探伤\datasolveny\datasolveylib\judge.cpp(1523): warning C4244: “=”: 从“double”转换到“uint16_t”，可能丢失数据
d:\00-钢轨探伤\datasolveny\datasolveylib\judge.cpp(1527): warning C4018: “>=”: 有符号/无符号不匹配
d:\00-钢轨探伤\datasolveny\datasolveylib\judge.cpp(1541): warning C4244: “=”: 从“double”转换到“uint16_t”，可能丢失数据
d:\00-钢轨探伤\datasolveny\datasolveylib\judge.cpp(1542): warning C4244: “=”: 从“float”转换到“uint16_t”，可能丢失数据
d:\00-钢轨探伤\datasolveny\datasolveylib\judge.cpp(1601): warning C4244: “初始化”: 从“double”转换到“int”，可能丢失数据
d:\00-钢轨探伤\datasolveny\datasolveylib\judge.cpp(1602): warning C4244: “初始化”: 从“double”转换到“int”，可能丢失数据
d:\00-钢轨探伤\datasolveny\datasolveylib\judge.cpp(1603): warning C4244: “参数”: 从“const uint16_t”转换到“uint8_t”，可能丢失数据
d:\00-钢轨探伤\datasolveny\datasolveylib\judge.cpp(1604): warning C4244: “参数”: 从“const uint16_t”转换到“uint8_t”，可能丢失数据
d:\00-钢轨探伤\datasolveny\datasolveylib\judge.cpp(1609): warning C4244: “参数”: 从“const uint16_t”转换到“uint8_t”，可能丢失数据
d:\00-钢轨探伤\datasolveny\datasolveylib\judge.cpp(1610): warning C4244: “参数”: 从“const uint16_t”转换到“uint8_t”，可能丢失数据
d:\00-钢轨探伤\datasolveny\datasolveylib\judge.cpp(1629): warning C4244: “初始化”: 从“double”转换到“int”，可能丢失数据
d:\00-钢轨探伤\datasolveny\datasolveylib\judge.cpp(1630): warning C4244: “初始化”: 从“double”转换到“int”，可能丢失数据
d:\00-钢轨探伤\datasolveny\datasolveylib\judge.cpp(1631): warning C4244: “参数”: 从“const uint16_t”转换到“uint8_t”，可能丢失数据
d:\00-钢轨探伤\datasolveny\datasolveylib\judge.cpp(1632): warning C4244: “参数”: 从“const uint16_t”转换到“uint8_t”，可能丢失数据
d:\00-钢轨探伤\datasolveny\datasolveylib\judge.cpp(1637): warning C4244: “参数”: 从“const uint16_t”转换到“uint8_t”，可能丢失数据
d:\00-钢轨探伤\datasolveny\datasolveylib\judge.cpp(1638): warning C4244: “参数”: 从“const uint16_t”转换到“uint8_t”，可能丢失数据
d:\00-钢轨探伤\datasolveny\datasolveylib\judge.cpp(1659): warning C4018: “>=”: 有符号/无符号不匹配
d:\00-钢轨探伤\datasolveny\datasolveylib\judge.cpp(1695): warning C4018: “<”: 有符号/无符号不匹配
d:\00-钢轨探伤\datasolveny\datasolveylib\judge.cpp(1711): warning C4018: “<”: 有符号/无符号不匹配
d:\00-钢轨探伤\datasolveny\datasolveylib\judge.cpp(1744): warning C4018: “<”: 有符号/无符号不匹配
d:\00-钢轨探伤\datasolveny\datasolveylib\judge.cpp(1748): warning C4018: “<”: 有符号/无符号不匹配
d:\00-钢轨探伤\datasolveny\datasolveylib\judge.cpp(1787): warning C4018: “<”: 有符号/无符号不匹配
d:\00-钢轨探伤\datasolveny\datasolveylib\judge.cpp(1803): warning C4018: “<”: 有符号/无符号不匹配
d:\00-钢轨探伤\datasolveny\datasolveylib\judge.cpp(1839): warning C4018: “<”: 有符号/无符号不匹配
d:\00-钢轨探伤\datasolveny\datasolveylib\judge.cpp(1851): warning C4018: “<”: 有符号/无符号不匹配
d:\00-钢轨探伤\datasolveny\datasolveylib\judge.cpp(1871): warning C4018: “<”: 有符号/无符号不匹配
d:\00-钢轨探伤\datasolveny\datasolveylib\judge.cpp(1906): warning C4018: “<”: 有符号/无符号不匹配
d:\00-钢轨探伤\datasolveny\datasolveylib\judge.cpp(1909): warning C4018: “<”: 有符号/无符号不匹配
d:\00-钢轨探伤\datasolveny\datasolveylib\judge.cpp(1989): warning C4018: “<”: 有符号/无符号不匹配
d:\00-钢轨探伤\datasolveny\datasolveylib\judge.cpp(2013): warning C4244: “=”: 从“double”转换到“uint16_t”，可能丢失数据
d:\00-钢轨探伤\datasolveny\datasolveylib\judge.cpp(2014): warning C4244: “=”: 从“float”转换到“uint16_t”，可能丢失数据
d:\00-钢轨探伤\datasolveny\datasolveylib\judge.cpp(2031): warning C4244: “=”: 从“double”转换到“uint16_t”，可能丢失数据
d:\00-钢轨探伤\datasolveny\datasolveylib\judge.cpp(2032): warning C4244: “=”: 从“float”转换到“uint16_t”，可能丢失数据
d:\00-钢轨探伤\datasolveny\datasolveylib\judge.cpp(2044): warning C4244: “=”: 从“double”转换到“uint16_t”，可能丢失数据
d:\00-钢轨探伤\datasolveny\datasolveylib\judge.cpp(2045): warning C4244: “=”: 从“double”转换到“uint16_t”，可能丢失数据
d:\00-钢轨探伤\datasolveny\datasolveylib\judge.cpp(2057): warning C4244: “=”: 从“double”转换到“uint16_t”，可能丢失数据
d:\00-钢轨探伤\datasolveny\datasolveylib\judge.cpp(2058): warning C4244: “=”: 从“float”转换到“uint16_t”，可能丢失数据
d:\00-钢轨探伤\datasolveny\datasolveylib\judge.cpp(2082): warning C4244: “=”: 从“double”转换到“uint16_t”，可能丢失数据
d:\00-钢轨探伤\datasolveny\datasolveylib\judge.cpp(2083): warning C4244: “=”: 从“float”转换到“uint16_t”，可能丢失数据
d:\00-钢轨探伤\datasolveny\datasolveylib\judge.cpp(2100): warning C4244: “=”: 从“double”转换到“uint16_t”，可能丢失数据
d:\00-钢轨探伤\datasolveny\datasolveylib\judge.cpp(2101): warning C4244: “=”: 从“float”转换到“uint16_t”，可能丢失数据
d:\00-钢轨探伤\datasolveny\datasolveylib\judge.cpp(2122): warning C4244: “=”: 从“double”转换到“uint16_t”，可能丢失数据
d:\00-钢轨探伤\datasolveny\datasolveylib\judge.cpp(2123): warning C4244: “=”: 从“float”转换到“uint16_t”，可能丢失数据
d:\00-钢轨探伤\datasolveny\datasolveylib\judge.cpp(2165): warning C4244: “初始化”: 从“double”转换到“int”，可能丢失数据
d:\00-钢轨探伤\datasolveny\datasolveylib\judge.cpp(2166): warning C4244: “初始化”: 从“double”转换到“int”，可能丢失数据
d:\00-钢轨探伤\datasolveny\datasolveylib\judge.cpp(2167): warning C4244: “参数”: 从“const uint16_t”转换到“uint8_t”，可能丢失数据
d:\00-钢轨探伤\datasolveny\datasolveylib\judge.cpp(2168): warning C4244: “参数”: 从“const uint16_t”转换到“uint8_t”，可能丢失数据
d:\00-钢轨探伤\datasolveny\datasolveylib\judge.cpp(2173): warning C4244: “参数”: 从“const uint16_t”转换到“uint8_t”，可能丢失数据
d:\00-钢轨探伤\datasolveny\datasolveylib\judge.cpp(2174): warning C4244: “参数”: 从“const uint16_t”转换到“uint8_t”，可能丢失数据
d:\00-钢轨探伤\datasolveny\datasolveylib\judge.cpp(2193): warning C4244: “初始化”: 从“double”转换到“int”，可能丢失数据
d:\00-钢轨探伤\datasolveny\datasolveylib\judge.cpp(2194): warning C4244: “初始化”: 从“double”转换到“int”，可能丢失数据
d:\00-钢轨探伤\datasolveny\datasolveylib\judge.cpp(2195): warning C4244: “参数”: 从“const uint16_t”转换到“uint8_t”，可能丢失数据
d:\00-钢轨探伤\datasolveny\datasolveylib\judge.cpp(2196): warning C4244: “参数”: 从“const uint16_t”转换到“uint8_t”，可能丢失数据
d:\00-钢轨探伤\datasolveny\datasolveylib\judge.cpp(2201): warning C4244: “参数”: 从“const uint16_t”转换到“uint8_t”，可能丢失数据
d:\00-钢轨探伤\datasolveny\datasolveylib\judge.cpp(2202): warning C4244: “参数”: 从“const uint16_t”转换到“uint8_t”，可能丢失数据
d:\00-钢轨探伤\datasolveny\datasolveylib\judge.cpp(2280): warning C4018: “<”: 有符号/无符号不匹配
d:\00-钢轨探伤\datasolveny\datasolveylib\judge.cpp(2284): warning C4018: “<”: 有符号/无符号不匹配
d:\00-钢轨探伤\datasolveny\datasolveylib\judge.cpp(2341): warning C4018: “<”: 有符号/无符号不匹配
d:\00-钢轨探伤\datasolveny\datasolveylib\judge.cpp(2353): warning C4018: “<”: 有符号/无符号不匹配
d:\00-钢轨探伤\datasolveny\datasolveylib\judge.cpp(2373): warning C4018: “<”: 有符号/无符号不匹配
d:\00-钢轨探伤\datasolveny\datasolveylib\judge.cpp(2390): warning C4018: “<”: 有符号/无符号不匹配
d:\00-钢轨探伤\datasolveny\datasolveylib\judge.cpp(2448): warning C4018: “<”: 有符号/无符号不匹配
d:\00-钢轨探伤\datasolveny\datasolveylib\judge.cpp(2474): warning C4244: “初始化”: 从“int16_t”转换到“uint8_t”，可能丢失数据
d:\00-钢轨探伤\datasolveny\datasolveylib\judge.cpp(2475): warning C4018: “<”: 有符号/无符号不匹配
d:\00-钢轨探伤\datasolveny\datasolveylib\judge.cpp(2483): warning C4244: “初始化”: 从“double”转换到“int”，可能丢失数据
d:\00-钢轨探伤\datasolveny\datasolveylib\judge.cpp(2484): warning C4244: “初始化”: 从“double”转换到“int”，可能丢失数据
d:\00-钢轨探伤\datasolveny\datasolveylib\judge.cpp(2489): warning C4018: “<”: 有符号/无符号不匹配
d:\00-钢轨探伤\datasolveny\datasolveylib\judge.cpp(2492): warning C4018: “<”: 有符号/无符号不匹配
d:\00-钢轨探伤\datasolveny\datasolveylib\judge.cpp(2494): warning C4018: “<”: 有符号/无符号不匹配
d:\00-钢轨探伤\datasolveny\datasolveylib\judge.cpp(2504): warning C4018: “>=”: 有符号/无符号不匹配
d:\00-钢轨探伤\datasolveny\datasolveylib\judge.cpp(2514): warning C4244: “参数”: 从“const uint16_t”转换到“uint8_t”，可能丢失数据
d:\00-钢轨探伤\datasolveny\datasolveylib\judge.cpp(2515): warning C4244: “参数”: 从“const uint16_t”转换到“uint8_t”，可能丢失数据
d:\00-钢轨探伤\datasolveny\datasolveylib\judge.cpp(2519): warning C4244: “参数”: 从“const uint16_t”转换到“uint8_t”，可能丢失数据
d:\00-钢轨探伤\datasolveny\datasolveylib\judge.cpp(2520): warning C4244: “参数”: 从“const uint16_t”转换到“uint8_t”，可能丢失数据
d:\00-钢轨探伤\datasolveny\datasolveylib\judge.cpp(2533): warning C4244: “=”: 从“int16_t”转换到“uint8_t”，可能丢失数据
d:\00-钢轨探伤\datasolveny\datasolveylib\judge.cpp(2534): warning C4018: “<”: 有符号/无符号不匹配
d:\00-钢轨探伤\datasolveny\datasolveylib\judge.cpp(2542): warning C4244: “初始化”: 从“double”转换到“int”，可能丢失数据
d:\00-钢轨探伤\datasolveny\datasolveylib\judge.cpp(2543): warning C4244: “初始化”: 从“double”转换到“int”，可能丢失数据
d:\00-钢轨探伤\datasolveny\datasolveylib\judge.cpp(2548): warning C4018: “>=”: 有符号/无符号不匹配
d:\00-钢轨探伤\datasolveny\datasolveylib\judge.cpp(2564): warning C4018: “>=”: 有符号/无符号不匹配
d:\00-钢轨探伤\datasolveny\datasolveylib\judge.cpp(2573): warning C4244: “参数”: 从“const uint16_t”转换到“uint8_t”，可能丢失数据
d:\00-钢轨探伤\datasolveny\datasolveylib\judge.cpp(2574): warning C4244: “参数”: 从“const uint16_t”转换到“uint8_t”，可能丢失数据
d:\00-钢轨探伤\datasolveny\datasolveylib\judge.cpp(2577): warning C4244: “参数”: 从“const uint16_t”转换到“uint8_t”，可能丢失数据
d:\00-钢轨探伤\datasolveny\datasolveylib\judge.cpp(2578): warning C4244: “参数”: 从“const uint16_t”转换到“uint8_t”，可能丢失数据
d:\00-钢轨探伤\datasolveny\datasolveylib\judge.cpp(2594): warning C4018: “<”: 有符号/无符号不匹配
d:\00-钢轨探伤\datasolveny\datasolveylib\judge.cpp(2628): warning C4018: “<”: 有符号/无符号不匹配
d:\00-钢轨探伤\datasolveny\datasolveylib\judge.cpp(2703): warning C4018: “<”: 有符号/无符号不匹配
d:\00-钢轨探伤\datasolveny\datasolveylib\judge.cpp(2758): warning C4018: “<”: 有符号/无符号不匹配
d:\00-钢轨探伤\datasolveny\datasolveylib\judge.cpp(2809): warning C4018: “<”: 有符号/无符号不匹配
d:\00-钢轨探伤\datasolveny\datasolveylib\judge.cpp(2816): warning C4018: “<”: 有符号/无符号不匹配
d:\00-钢轨探伤\datasolveny\datasolveylib\judge.cpp(2830): warning C4018: “<”: 有符号/无符号不匹配
d:\00-钢轨探伤\datasolveny\datasolveylib\judge.cpp(2851): warning C4018: “<”: 有符号/无符号不匹配
d:\00-钢轨探伤\datasolveny\datasolveylib\judge.cpp(2878): warning C4244: “初始化”: 从“double”转换到“int”，可能丢失数据
d:\00-钢轨探伤\datasolveny\datasolveylib\judge.cpp(2880): warning C4244: “参数”: 从“const uint16_t”转换到“uint8_t”，可能丢失数据
d:\00-钢轨探伤\datasolveny\datasolveylib\judge.cpp(2886): warning C4018: “<”: 有符号/无符号不匹配
d:\00-钢轨探伤\datasolveny\datasolveylib\judge.cpp(2937): warning C4018: “<”: 有符号/无符号不匹配
d:\00-钢轨探伤\datasolveny\datasolveylib\judge.cpp(2963): warning C4244: “=”: 从“double”转换到“uint16_t”，可能丢失数据
d:\00-钢轨探伤\datasolveny\datasolveylib\judge.cpp(2980): warning C4244: “参数”: 从“const uint16_t”转换到“uint8_t”，可能丢失数据
d:\00-钢轨探伤\datasolveny\datasolveylib\judge.cpp(2986): warning C4018: “<”: 有符号/无符号不匹配
d:\00-钢轨探伤\datasolveny\datasolveylib\judge.cpp(3036): warning C4018: “<”: 有符号/无符号不匹配
d:\00-钢轨探伤\datasolveny\datasolveylib\judge.cpp(3060): warning C4244: “=”: 从“double”转换到“uint16_t”，可能丢失数据
d:\00-钢轨探伤\datasolveny\datasolveylib\judge.cpp(3080): warning C4018: “<”: 有符号/无符号不匹配
d:\00-钢轨探伤\datasolveny\datasolveylib\judge.cpp(3086): warning C4018: “<”: 有符号/无符号不匹配
d:\00-钢轨探伤\datasolveny\datasolveylib\judge.cpp(3101): warning C4018: “<”: 有符号/无符号不匹配
d:\00-钢轨探伤\datasolveny\datasolveylib\judge.cpp(3110): warning C4018: “<”: 有符号/无符号不匹配
d:\00-钢轨探伤\datasolveny\datasolveylib\judge.cpp(3146): warning C4244: “=”: 从“int16_t”转换到“uint8_t”，可能丢失数据
d:\00-钢轨探伤\datasolveny\datasolveylib\judge.cpp(3163): warning C4244: “=”: 从“float”转换到“uint16_t”，可能丢失数据
d:\00-钢轨探伤\datasolveny\datasolveylib\judge.cpp(3201): warning C4018: “<”: 有符号/无符号不匹配
d:\00-钢轨探伤\datasolveny\datasolveylib\judge.cpp(3210): warning C4018: “<”: 有符号/无符号不匹配
d:\00-钢轨探伤\datasolveny\datasolveylib\judge.cpp(3277): warning C4018: “<”: 有符号/无符号不匹配
d:\00-钢轨探伤\datasolveny\datasolveylib\judge.cpp(3295): warning C4244: “=”: 从“float”转换到“uint16_t”，可能丢失数据
d:\00-钢轨探伤\datasolveny\datasolveylib\judge.cpp(3311): warning C4244: “=”: 从“float”转换到“uint16_t”，可能丢失数据
d:\00-钢轨探伤\datasolveny\datasolveylib\judge.cpp(3327): warning C4244: “=”: 从“float”转换到“uint16_t”，可能丢失数据
d:\00-钢轨探伤\datasolveny\datasolveylib\judge.cpp(3344): warning C4018: “<”: 有符号/无符号不匹配
d:\00-钢轨探伤\datasolveny\datasolveylib\judge.cpp(3377): warning C4244: “=”: 从“float”转换到“uint16_t”，可能丢失数据
d:\00-钢轨探伤\datasolveny\datasolveylib\judge.cpp(3388): warning C4244: “=”: 从“int16_t”转换到“uint8_t”，可能丢失数据
d:\00-钢轨探伤\datasolveny\datasolveylib\judge.cpp(3399): warning C4018: “<”: 有符号/无符号不匹配
d:\00-钢轨探伤\datasolveny\datasolveylib\judge.cpp(3412): warning C4018: “<”: 有符号/无符号不匹配
d:\00-钢轨探伤\datasolveny\datasolveylib\judge.cpp(3466): warning C4018: “<”: 有符号/无符号不匹配
d:\00-钢轨探伤\datasolveny\datasolveylib\judge.cpp(3475): warning C4018: “<”: 有符号/无符号不匹配
d:\00-钢轨探伤\datasolveny\datasolveylib\judge.cpp(3543): warning C4018: “<”: 有符号/无符号不匹配
d:\00-钢轨探伤\datasolveny\datasolveylib\judge.cpp(3604): warning C4244: “参数”: 从“int16_t”转换到“uint8_t”，可能丢失数据
d:\00-钢轨探伤\datasolveny\datasolveylib\judge.cpp(3633): warning C4018: “<”: 有符号/无符号不匹配
d:\00-钢轨探伤\datasolveny\datasolveylib\judge.cpp(3654): warning C4244: “=”: 从“double”转换到“uint16_t”，可能丢失数据
d:\00-钢轨探伤\datasolveny\datasolveylib\judge.cpp(3655): warning C4244: “=”: 从“double”转换到“uint16_t”，可能丢失数据
d:\00-钢轨探伤\datasolveny\datasolveylib\judge.cpp(3729): warning C4018: “<”: 有符号/无符号不匹配
d:\00-钢轨探伤\datasolveny\datasolveylib\judge.cpp(3742): warning C4018: “<”: 有符号/无符号不匹配
d:\00-钢轨探伤\datasolveny\datasolveylib\judge.cpp(3770): warning C4244: “=”: 从“double”转换到“uint16_t”，可能丢失数据
d:\00-钢轨探伤\datasolveny\datasolveylib\judge.cpp(3771): warning C4244: “=”: 从“double”转换到“uint16_t”，可能丢失数据
d:\00-钢轨探伤\datasolveny\datasolveylib\judge.cpp(3792): warning C4018: “<”: 有符号/无符号不匹配
d:\00-钢轨探伤\datasolveny\datasolveylib\judge.cpp(3810): warning C4244: “=”: 从“double”转换到“uint16_t”，可能丢失数据
d:\00-钢轨探伤\datasolveny\datasolveylib\judge.cpp(3866): warning C4244: “=”: 从“double”转换到“uint16_t”，可能丢失数据
d:\00-钢轨探伤\datasolveny\datasolveylib\judge.cpp(3906): warning C4244: “=”: 从“double”转换到“uint16_t”，可能丢失数据
d:\00-钢轨探伤\datasolveny\datasolveylib\judge.cpp(3951): warning C4244: “=”: 从“double”转换到“uint16_t”，可能丢失数据
d:\00-钢轨探伤\datasolveny\datasolveylib\judge.cpp(4043): warning C4018: “<”: 有符号/无符号不匹配
d:\00-钢轨探伤\datasolveny\datasolveylib\judge.cpp(4055): warning C4018: “<”: 有符号/无符号不匹配
d:\00-钢轨探伤\datasolveny\datasolveylib\judge.cpp(4064): warning C4018: “<”: 有符号/无符号不匹配
d:\00-钢轨探伤\datasolveny\datasolveylib\judge.cpp(4073): warning C4018: “<”: 有符号/无符号不匹配
d:\00-钢轨探伤\datasolveny\datasolveylib\judge.cpp(4123): warning C4244: “=”: 从“double”转换到“uint16_t”，可能丢失数据
d:\00-钢轨探伤\datasolveny\datasolveylib\judge.cpp(4245): warning C4018: “<”: 有符号/无符号不匹配
d:\00-钢轨探伤\datasolveny\datasolveylib\judge.cpp(4303): warning C4018: “<”: 有符号/无符号不匹配
d:\00-钢轨探伤\datasolveny\datasolveylib\judge.cpp(4522): warning C4018: “<”: 有符号/无符号不匹配
d:\00-钢轨探伤\datasolveny\datasolveylib\judge.cpp(4553): warning C4553: “==”: 未使用表达式结果；是否打算使用“=”?
d:\00-钢轨探伤\datasolveny\datasolveylib\judge.cpp(4627): warning C4018: “<”: 有符号/无符号不匹配
d:\00-钢轨探伤\datasolveny\datasolveylib\judge.cpp(4658): warning C4018: “<”: 有符号/无符号不匹配
d:\00-钢轨探伤\datasolveny\datasolveylib\judge.cpp(4669): warning C4018: “<”: 有符号/无符号不匹配
d:\00-钢轨探伤\datasolveny\datasolveylib\judge.cpp(4685): warning C4018: “<”: 有符号/无符号不匹配
d:\00-钢轨探伤\datasolveny\datasolveylib\judge.cpp(4696): warning C4018: “<”: 有符号/无符号不匹配
d:\00-钢轨探伤\datasolveny\datasolveylib\judge.cpp(4726): warning C4018: “<”: 有符号/无符号不匹配
d:\00-钢轨探伤\datasolveny\datasolveylib\judge.cpp(4738): warning C4018: “<”: 有符号/无符号不匹配
d:\00-钢轨探伤\datasolveny\datasolveylib\judge.cpp(4804): warning C4018: “<”: 有符号/无符号不匹配
d:\00-钢轨探伤\datasolveny\datasolveylib\judge.cpp(4830): warning C4018: “<”: 有符号/无符号不匹配
d:\00-钢轨探伤\datasolveny\datasolveylib\judge.cpp(4890): warning C4244: “=”: 从“double”转换到“uint16_t”，可能丢失数据
d:\00-钢轨探伤\datasolveny\datasolveylib\judge.cpp(4927): warning C4244: “=”: 从“double”转换到“uint16_t”，可能丢失数据
d:\00-钢轨探伤\datasolveny\datasolveylib\judge.cpp(4997): warning C4018: “<”: 有符号/无符号不匹配
d:\00-钢轨探伤\datasolveny\datasolveylib\judge.cpp(5014): warning C4244: “=”: 从“double”转换到“uint16_t”，可能丢失数据
d:\00-钢轨探伤\datasolveny\datasolveylib\judge.cpp(5036): warning C4244: “=”: 从“double”转换到“uint16_t”，可能丢失数据
d:\00-钢轨探伤\datasolveny\datasolveylib\judge.cpp(5073): warning C4018: “<”: 有符号/无符号不匹配
d:\00-钢轨探伤\datasolveny\datasolveylib\judge.cpp(5139): warning C4244: “=”: 从“double”转换到“uint16_t”，可能丢失数据
d:\00-钢轨探伤\datasolveny\datasolveylib\judge.cpp(5281): warning C4018: “<”: 有符号/无符号不匹配
d:\00-钢轨探伤\datasolveny\datasolveylib\judge.cpp(5285): warning C4018: “<”: 有符号/无符号不匹配
d:\00-钢轨探伤\datasolveny\datasolveylib\judge.cpp(5289): warning C4018: “<”: 有符号/无符号不匹配
d:\00-钢轨探伤\datasolveny\datasolveylib\judge.cpp(5340): warning C4018: “<”: 有符号/无符号不匹配
d:\00-钢轨探伤\datasolveny\datasolveylib\judge.cpp(5381): warning C4244: “=”: 从“double”转换到“uint16_t”，可能丢失数据
d:\00-钢轨探伤\datasolveny\datasolveylib\judge.cpp(5488): warning C4244: “参数”: 从“int16_t”转换到“uint8_t”，可能丢失数据
d:\00-钢轨探伤\datasolveny\datasolveylib\judge.cpp(5489): warning C4244: “参数”: 从“int16_t”转换到“uint8_t”，可能丢失数据
d:\00-钢轨探伤\datasolveny\datasolveylib\judge.cpp(5546): warning C4244: “=”: 从“double”转换到“uint16_t”，可能丢失数据
d:\00-钢轨探伤\datasolveny\datasolveylib\judge.cpp(5572): warning C4018: “<”: 有符号/无符号不匹配
d:\00-钢轨探伤\datasolveny\datasolveylib\judge.cpp(5575): warning C4018: “<”: 有符号/无符号不匹配
d:\00-钢轨探伤\datasolveny\datasolveylib\judge.cpp(5586): warning C4018: “>=”: 有符号/无符号不匹配
d:\00-钢轨探伤\datasolveny\datasolveylib\judge.cpp(5586): warning C4018: “<=”: 有符号/无符号不匹配
d:\00-钢轨探伤\datasolveny\datasolveylib\judge.cpp(5592): warning C4018: “<”: 有符号/无符号不匹配
d:\00-钢轨探伤\datasolveny\datasolveylib\judge.cpp(5595): warning C4018: “<”: 有符号/无符号不匹配
d:\00-钢轨探伤\datasolveny\datasolveylib\judge.cpp(5606): warning C4018: “>=”: 有符号/无符号不匹配
d:\00-钢轨探伤\datasolveny\datasolveylib\judge.cpp(5606): warning C4018: “<=”: 有符号/无符号不匹配
d:\00-钢轨探伤\datasolveny\datasolveylib\judge.cpp(5648): warning C4018: “<”: 有符号/无符号不匹配
d:\00-钢轨探伤\datasolveny\datasolveylib\judge.cpp(5796): warning C4018: “<”: 有符号/无符号不匹配
d:\00-钢轨探伤\datasolveny\datasolveylib\judge.cpp(5826): warning C4018: “<”: 有符号/无符号不匹配
d:\00-钢轨探伤\datasolveny\datasolveylib\judge.cpp(5838): warning C4018: “>=”: 有符号/无符号不匹配
d:\00-钢轨探伤\datasolveny\datasolveylib\judge.cpp(5838): warning C4018: “<=”: 有符号/无符号不匹配
d:\00-钢轨探伤\datasolveny\datasolveylib\judge.cpp(5842): warning C4018: “>=”: 有符号/无符号不匹配
d:\00-钢轨探伤\datasolveny\datasolveylib\judge.cpp(5852): warning C4018: “<”: 有符号/无符号不匹配
d:\00-钢轨探伤\datasolveny\datasolveylib\judge.cpp(5903): warning C4018: “<”: 有符号/无符号不匹配
d:\00-钢轨探伤\datasolveny\datasolveylib\judge.cpp(5938): warning C4018: “<”: 有符号/无符号不匹配
d:\00-钢轨探伤\datasolveny\datasolveylib\judge.cpp(5962): warning C4018: “<”: 有符号/无符号不匹配
d:\00-钢轨探伤\datasolveny\datasolveylib\judge.cpp(5964): warning C4018: “>”: 有符号/无符号不匹配
d:\00-钢轨探伤\datasolveny\datasolveylib\judge.cpp(6035): warning C4018: “<”: 有符号/无符号不匹配
d:\00-钢轨探伤\datasolveny\datasolveylib\judge.cpp(6063): warning C4018: “<”: 有符号/无符号不匹配
d:\00-钢轨探伤\datasolveny\datasolveylib\judge.cpp(6126): warning C4018: “<”: 有符号/无符号不匹配
d:\00-钢轨探伤\datasolveny\datasolveylib\judge.cpp(6130): warning C4018: “<”: 有符号/无符号不匹配
d:\00-钢轨探伤\datasolveny\datasolveylib\judge.cpp(6167): warning C4018: “<”: 有符号/无符号不匹配
d:\00-钢轨探伤\datasolveny\datasolveylib\judge.cpp(6173): warning C4018: “<”: 有符号/无符号不匹配
d:\00-钢轨探伤\datasolveny\datasolveylib\judge.cpp(6219): warning C4018: “<”: 有符号/无符号不匹配
d:\00-钢轨探伤\datasolveny\datasolveylib\judge.cpp(6254): warning C4018: “<”: 有符号/无符号不匹配
d:\00-钢轨探伤\datasolveny\datasolveylib\judge.cpp(6256): warning C4018: “<”: 有符号/无符号不匹配
d:\00-钢轨探伤\datasolveny\datasolveylib\judge.cpp(6300): warning C4018: “<”: 有符号/无符号不匹配
d:\00-钢轨探伤\datasolveny\datasolveylib\judge.cpp(6329): warning C4018: “<”: 有符号/无符号不匹配
d:\00-钢轨探伤\datasolveny\datasolveylib\judge.cpp(6358): warning C4018: “<”: 有符号/无符号不匹配
d:\00-钢轨探伤\datasolveny\datasolveylib\judge.cpp(6496): warning C4018: “<”: 有符号/无符号不匹配
d:\00-钢轨探伤\datasolveny\datasolveylib\judge.cpp(6498): warning C4018: “<”: 有符号/无符号不匹配
d:\00-钢轨探伤\datasolveny\datasolveylib\judge.cpp(6508): warning C4018: “<”: 有符号/无符号不匹配
d:\00-钢轨探伤\datasolveny\datasolveylib\judge.cpp(6513): warning C4018: “<”: 有符号/无符号不匹配
d:\00-钢轨探伤\datasolveny\datasolveylib\judge.cpp(6518): warning C4018: “<”: 有符号/无符号不匹配
d:\00-钢轨探伤\datasolveny\datasolveylib\judge.cpp(6523): warning C4018: “<”: 有符号/无符号不匹配
d:\00-钢轨探伤\datasolveny\datasolveylib\judge.cpp(6534): warning C4018: “<”: 有符号/无符号不匹配
d:\00-钢轨探伤\datasolveny\datasolveylib\judge.cpp(6606): warning C4018: “<”: 有符号/无符号不匹配
d:\00-钢轨探伤\datasolveny\datasolveylib\judge.cpp(6615): warning C4018: “<”: 有符号/无符号不匹配
d:\00-钢轨探伤\datasolveny\datasolveylib\judge.cpp(6617): warning C4267: “+=”: 从“size_t”转换到“uint16_t”，可能丢失数据
d:\00-钢轨探伤\datasolveny\datasolveylib\judge.cpp(6688): warning C4305: “初始化”: 从“double”到“float”截断
d:\00-钢轨探伤\datasolveny\datasolveylib\judge.cpp(6694): warning C4244: “=”: 从“double”转换到“float”，可能丢失数据
d:\00-钢轨探伤\datasolveny\datasolveylib\judge.cpp(6705): warning C4018: “<”: 有符号/无符号不匹配
d:\00-钢轨探伤\datasolveny\datasolveylib\judge.cpp(6765): warning C4018: “<”: 有符号/无符号不匹配
d:\00-钢轨探伤\datasolveny\datasolveylib\judge.cpp(6840): warning C4018: “<”: 有符号/无符号不匹配
d:\00-钢轨探伤\datasolveny\datasolveylib\judge.cpp(7215): warning C4018: “<”: 有符号/无符号不匹配
d:\00-钢轨探伤\datasolveny\datasolveylib\judge.cpp(7314): warning C4018: “<”: 有符号/无符号不匹配
d:\00-钢轨探伤\datasolveny\datasolveylib\judge.cpp(7338): warning C4018: “<”: 有符号/无符号不匹配
d:\00-钢轨探伤\datasolveny\datasolveylib\judge.cpp(7359): warning C4018: “<”: 有符号/无符号不匹配
d:\00-钢轨探伤\datasolveny\datasolveylib\judge.cpp(7476): warning C4018: “<”: 有符号/无符号不匹配
d:\00-钢轨探伤\datasolveny\datasolveylib\judge.cpp(7521): warning C4018: “<”: 有符号/无符号不匹配
d:\00-钢轨探伤\datasolveny\datasolveylib\judge.cpp(7527): warning C4018: “<”: 有符号/无符号不匹配
d:\00-钢轨探伤\datasolveny\datasolveylib\judge.cpp(7561): warning C4018: “<”: 有符号/无符号不匹配
d:\00-钢轨探伤\datasolveny\datasolveylib\judge.cpp(7575): warning C4244: “参数”: 从“double”转换到“uint8_t”，可能丢失数据
d:\00-钢轨探伤\datasolveny\datasolveylib\judge.cpp(7576): warning C4244: “参数”: 从“double”转换到“uint8_t”，可能丢失数据
d:\00-钢轨探伤\datasolveny\datasolveylib\judge.cpp(7577): warning C4244: “参数”: 从“double”转换到“uint8_t”，可能丢失数据
d:\00-钢轨探伤\datasolveny\datasolveylib\judge.cpp(7578): warning C4244: “参数”: 从“double”转换到“uint8_t”，可能丢失数据
d:\00-钢轨探伤\datasolveny\datasolveylib\judge.cpp(7644): warning C4018: “<”: 有符号/无符号不匹配
d:\00-钢轨探伤\datasolveny\datasolveylib\judge.cpp(7649): warning C4018: “<”: 有符号/无符号不匹配
d:\00-钢轨探伤\datasolveny\datasolveylib\judge.cpp(7697): warning C4018: “<”: 有符号/无符号不匹配
d:\00-钢轨探伤\datasolveny\datasolveylib\judge.cpp(7699): warning C4018: “<”: 有符号/无符号不匹配
d:\00-钢轨探伤\datasolveny\datasolveylib\judge.cpp(7705): warning C4018: “<”: 有符号/无符号不匹配
d:\00-钢轨探伤\datasolveny\datasolveylib\judge.cpp(7735): warning C4018: “<”: 有符号/无符号不匹配
d:\00-钢轨探伤\datasolveny\datasolveylib\judge.cpp(7743): warning C4018: “<”: 有符号/无符号不匹配
d:\00-钢轨探伤\datasolveny\datasolveylib\judge.cpp(7748): warning C4018: “<”: 有符号/无符号不匹配
d:\00-钢轨探伤\datasolveny\datasolveylib\judge.cpp(7808): warning C4018: “<”: 有符号/无符号不匹配
d:\00-钢轨探伤\datasolveny\datasolveylib\judge.cpp(7820): warning C4018: “<”: 有符号/无符号不匹配
d:\00-钢轨探伤\datasolveny\datasolveylib\judge.cpp(7848): warning C4018: “<”: 有符号/无符号不匹配
d:\00-钢轨探伤\datasolveny\datasolveylib\judge.cpp(7862): warning C4018: “<”: 有符号/无符号不匹配
d:\00-钢轨探伤\datasolveny\datasolveylib\judge.cpp(7869): warning C4018: “<”: 有符号/无符号不匹配
d:\00-钢轨探伤\datasolveny\datasolveylib\judge.cpp(7928): warning C4018: “<”: 有符号/无符号不匹配
d:\00-钢轨探伤\datasolveny\datasolveylib\judge.cpp(6682): warning C4101: “pm”: 未引用的局部变量
d:\00-钢轨探伤\datasolveny\datasolveylib\judge.cpp(6733): warning C4101: “bi”: 未引用的局部变量
d:\00-钢轨探伤\datasolveny\datasolveylib\judge.cpp(7994): warning C4018: “<”: 有符号/无符号不匹配
d:\00-钢轨探伤\datasolveny\datasolveylib\judge.cpp(8017): warning C4018: “<”: 有符号/无符号不匹配
d:\00-钢轨探伤\datasolveny\datasolveylib\judge.cpp(8055): warning C4018: “<”: 有符号/无符号不匹配
d:\00-钢轨探伤\datasolveny\datasolveylib\judge.cpp(8072): warning C4018: “<”: 有符号/无符号不匹配
d:\00-钢轨探伤\datasolveny\datasolveylib\judge.cpp(8091): warning C4018: “<”: 有符号/无符号不匹配
d:\00-钢轨探伤\datasolveny\datasolveylib\judge.cpp(8099): warning C4018: “<”: 有符号/无符号不匹配
d:\00-钢轨探伤\datasolveny\datasolveylib\judge.cpp(8107): warning C4018: “<”: 有符号/无符号不匹配
d:\00-钢轨探伤\datasolveny\datasolveylib\judge.cpp(8165): warning C4018: “<”: 有符号/无符号不匹配
d:\00-钢轨探伤\datasolveny\datasolveylib\judge.cpp(8370): warning C4018: “<”: 有符号/无符号不匹配
d:\00-钢轨探伤\datasolveny\datasolveylib\judge.cpp(8424): warning C4018: “<”: 有符号/无符号不匹配
d:\00-钢轨探伤\datasolveny\datasolveylib\judge.cpp(8483): warning C4018: “<”: 有符号/无符号不匹配
d:\00-钢轨探伤\datasolveny\datasolveylib\judge.cpp(8537): warning C4018: “<”: 有符号/无符号不匹配
d:\00-钢轨探伤\datasolveny\datasolveylib\judge.cpp(8553): warning C4018: “<”: 有符号/无符号不匹配
d:\00-钢轨探伤\datasolveny\datasolveylib\judge.cpp(8573): warning C4018: “<”: 有符号/无符号不匹配
d:\00-钢轨探伤\datasolveny\datasolveylib\judge.cpp(8598): warning C4018: “<”: 有符号/无符号不匹配
d:\00-钢轨探伤\datasolveny\datasolveylib\judge.cpp(8614): warning C4101: “e”: 未引用的局部变量
d:\00-钢轨探伤\datasolveny\datasolveylib\judge.cpp(8631): warning C4018: “<”: 有符号/无符号不匹配
d:\00-钢轨探伤\datasolveny\datasolveylib\judge.cpp(8633): warning C4018: “>”: 有符号/无符号不匹配
d:\00-钢轨探伤\datasolveny\datasolveylib\judge.cpp(8637): warning C4018: “<”: 有符号/无符号不匹配
d:\00-钢轨探伤\datasolveny\datasolveylib\judge.cpp(8653): warning C4018: “<”: 有符号/无符号不匹配
d:\00-钢轨探伤\datasolveny\datasolveylib\judge.cpp(8675): warning C4018: “<”: 有符号/无符号不匹配
d:\00-钢轨探伤\datasolveny\datasolveylib\judge.cpp(8691): warning C4018: “<”: 有符号/无符号不匹配
d:\00-钢轨探伤\datasolveny\datasolveylib\judge.cpp(8697): warning C4018: “<”: 有符号/无符号不匹配
d:\00-钢轨探伤\datasolveny\datasolveylib\judge.cpp(8701): warning C4018: “<”: 有符号/无符号不匹配
d:\00-钢轨探伤\datasolveny\datasolveylib\judge.cpp(8714): warning C4018: “<”: 有符号/无符号不匹配
d:\00-钢轨探伤\datasolveny\datasolveylib\judge.cpp(8751): warning C4018: “<”: 有符号/无符号不匹配
d:\00-钢轨探伤\datasolveny\datasolveylib\judge.cpp(8781): warning C4018: “<”: 有符号/无符号不匹配
d:\00-钢轨探伤\datasolveny\datasolveylib\judge.cpp(8921): warning C4018: “<”: 有符号/无符号不匹配
d:\00-钢轨探伤\datasolveny\datasolveylib\judge.cpp(8939): warning C4018: “<”: 有符号/无符号不匹配
d:\00-钢轨探伤\datasolveny\datasolveylib\judge.cpp(8944): warning C4018: “<”: 有符号/无符号不匹配
d:\00-钢轨探伤\datasolveny\datasolveylib\judge.cpp(9020): warning C4018: “<”: 有符号/无符号不匹配
d:\00-钢轨探伤\datasolveny\datasolveylib\judge.cpp(9036): warning C4018: “<”: 有符号/无符号不匹配
d:\00-钢轨探伤\datasolveny\datasolveylib\judge.cpp(9040): warning C4018: “<”: 有符号/无符号不匹配
d:\00-钢轨探伤\datasolveny\datasolveylib\judge.cpp(9057): warning C4018: “<”: 有符号/无符号不匹配
d:\00-钢轨探伤\datasolveny\datasolveylib\judge.cpp(9088): warning C4018: “<”: 有符号/无符号不匹配
d:\00-钢轨探伤\datasolveny\datasolveylib\judge.cpp(9125): warning C4018: “<”: 有符号/无符号不匹配
d:\00-钢轨探伤\datasolveny\datasolveylib\judge.cpp(9156): warning C4018: “<”: 有符号/无符号不匹配
d:\00-钢轨探伤\datasolveny\datasolveylib\judge.cpp(9159): warning C4018: “<”: 有符号/无符号不匹配
d:\00-钢轨探伤\datasolveny\datasolveylib\judge.cpp(9164): warning C4018: “<”: 有符号/无符号不匹配
d:\00-钢轨探伤\datasolveny\datasolveylib\judge.cpp(9168): warning C4018: “>”: 有符号/无符号不匹配
d:\00-钢轨探伤\datasolveny\datasolveylib\judge.cpp(9232): warning C4018: “<”: 有符号/无符号不匹配
d:\00-钢轨探伤\datasolveny\datasolveylib\judge.cpp(9257): warning C4018: “<”: 有符号/无符号不匹配
d:\00-钢轨探伤\datasolveny\datasolveylib\judge.cpp(9265): warning C4018: “>”: 有符号/无符号不匹配
d:\00-钢轨探伤\datasolveny\datasolveylib\judge.cpp(9284): warning C4018: “<”: 有符号/无符号不匹配
d:\00-钢轨探伤\datasolveny\datasolveylib\judge.cpp(9291): warning C4018: “<”: 有符号/无符号不匹配
  PositionHPE.cpp
d:\00-钢轨探伤\datasolveny\datasolveylib\dataentities.h : warning C4819: 该文件包含不能在当前代码页(936)中表示的字符。请将该文件保存为 Unicode 格式以防止数据丢失
d:\00-钢轨探伤\datasolveny\datasolveylib\datadefine.h : warning C4819: 该文件包含不能在当前代码页(936)中表示的字符。请将该文件保存为 Unicode 格式以防止数据丢失
d:\00-钢轨探伤\datasolveny\datasolveylib\dataentities.h(938): warning C4819: 该文件包含不能在当前代码页(936)中表示的字符。请将该文件保存为 Unicode 格式以防止数据丢失
d:\00-钢轨探伤\datasolveny\datasolveylib\dataentitiesfornode.h : warning C4819: 该文件包含不能在当前代码页(936)中表示的字符。请将该文件保存为 Unicode 格式以防止数据丢失
d:\00-钢轨探伤\datasolveny\datasolveylib\positionhpe.cpp(43): warning C4018: “<”: 有符号/无符号不匹配
d:\00-钢轨探伤\datasolveny\datasolveylib\positionhpe.cpp(50): warning C4018: “<=”: 有符号/无符号不匹配
d:\00-钢轨探伤\datasolveny\datasolveylib\positionhpe.cpp(58): warning C4244: “+=”: 从“double”转换到“int32_t”，可能丢失数据
d:\00-钢轨探伤\datasolveny\datasolveylib\positionhpe.cpp(59): warning C4267: “+=”: 从“size_t”转换到“uint16_t”，可能丢失数据
d:\00-钢轨探伤\datasolveny\datasolveylib\positionhpe.cpp(63): warning C4244: “+=”: 从“double”转换到“int32_t”，可能丢失数据
d:\00-钢轨探伤\datasolveny\datasolveylib\positionhpe.cpp(64): warning C4267: “+=”: 从“size_t”转换到“uint16_t”，可能丢失数据
d:\00-钢轨探伤\datasolveny\datasolveylib\positionhpe.cpp(67): warning C4018: “<”: 有符号/无符号不匹配
d:\00-钢轨探伤\datasolveny\datasolveylib\positionhpe.cpp(104): warning C4267: “+=”: 从“size_t”转换到“uint16_t”，可能丢失数据
d:\00-钢轨探伤\datasolveny\datasolveylib\positionhpe.cpp(105): warning C4267: “=”: 从“size_t”转换到“uint16_t”，可能丢失数据
d:\00-钢轨探伤\datasolveny\datasolveylib\positionhpe.cpp(113): warning C4018: “<”: 有符号/无符号不匹配
d:\00-钢轨探伤\datasolveny\datasolveylib\positionhpe.cpp(124): warning C4018: “<=”: 有符号/无符号不匹配
d:\00-钢轨探伤\datasolveny\datasolveylib\positionhpe.cpp(128): warning C4018: “<”: 有符号/无符号不匹配
d:\00-钢轨探伤\datasolveny\datasolveylib\positionhpe.cpp(149): warning C4267: “+=”: 从“size_t”转换到“uint16_t”，可能丢失数据
d:\00-钢轨探伤\datasolveny\datasolveylib\positionhpe.cpp(156): warning C4018: “<”: 有符号/无符号不匹配
d:\00-钢轨探伤\datasolveny\datasolveylib\positionhpe.cpp(163): warning C4018: “<”: 有符号/无符号不匹配
d:\00-钢轨探伤\datasolveny\datasolveylib\positionhpe.cpp(219): warning C4018: “<”: 有符号/无符号不匹配
d:\00-钢轨探伤\datasolveny\datasolveylib\positionhpe.cpp(239): warning C4244: “=”: 从“int64_t”转换到“int”，可能丢失数据
d:\00-钢轨探伤\datasolveny\datasolveylib\positionhpe.cpp(240): warning C4244: “=”: 从“int64_t”转换到“int”，可能丢失数据
d:\00-钢轨探伤\datasolveny\datasolveylib\positionhpe.cpp(241): warning C4018: “<”: 有符号/无符号不匹配
d:\00-钢轨探伤\datasolveny\datasolveylib\positionhpe.cpp(255): warning C4244: “=”: 从“double”转换到“int32_t”，可能丢失数据
d:\00-钢轨探伤\datasolveny\datasolveylib\positionhpe.cpp(256): warning C4244: “=”: 从“double”转换到“int32_t”，可能丢失数据
d:\00-钢轨探伤\datasolveny\datasolveylib\positionhpe.cpp(257): warning C4244: “=”: 从“double”转换到“int32_t”，可能丢失数据
d:\00-钢轨探伤\datasolveny\datasolveylib\positionhpe.cpp(258): warning C4244: “=”: 从“double”转换到“int32_t”，可能丢失数据
d:\00-钢轨探伤\datasolveny\datasolveylib\positionhpe.cpp(275): warning C4018: “<”: 有符号/无符号不匹配
d:\00-钢轨探伤\datasolveny\datasolveylib\positionhpe.cpp(289): warning C4018: “<”: 有符号/无符号不匹配
d:\00-钢轨探伤\datasolveny\datasolveylib\positionhpe.cpp(312): warning C4018: “<”: 有符号/无符号不匹配
d:\00-钢轨探伤\datasolveny\datasolveylib\positionhpe.cpp(351): warning C4018: “<”: 有符号/无符号不匹配
d:\00-钢轨探伤\datasolveny\datasolveylib\positionhpe.cpp(380): warning C4018: “<”: 有符号/无符号不匹配
d:\00-钢轨探伤\datasolveny\datasolveylib\positionhpe.cpp(394): warning C4018: “<”: 有符号/无符号不匹配
d:\00-钢轨探伤\datasolveny\datasolveylib\positionhpe.cpp(412): warning C4018: “<”: 有符号/无符号不匹配
d:\00-钢轨探伤\datasolveny\datasolveylib\positionhpe.cpp(416): warning C4018: “<=”: 有符号/无符号不匹配
d:\00-钢轨探伤\datasolveny\datasolveylib\positionhpe.cpp(425): warning C4018: “>”: 有符号/无符号不匹配
d:\00-钢轨探伤\datasolveny\datasolveylib\positionhpe.cpp(441): warning C4018: “<=”: 有符号/无符号不匹配
d:\00-钢轨探伤\datasolveny\datasolveylib\positionhpe.cpp(450): warning C4018: “<”: 有符号/无符号不匹配
d:\00-钢轨探伤\datasolveny\datasolveylib\positionhpe.cpp(461): warning C4018: “<”: 有符号/无符号不匹配
d:\00-钢轨探伤\datasolveny\datasolveylib\positionhpe.cpp(465): warning C4018: “<=”: 有符号/无符号不匹配
d:\00-钢轨探伤\datasolveny\datasolveylib\positionhpe.cpp(470): warning C4018: “>”: 有符号/无符号不匹配
d:\00-钢轨探伤\datasolveny\datasolveylib\positionhpe.cpp(510): warning C4018: “<”: 有符号/无符号不匹配
d:\00-钢轨探伤\datasolveny\datasolveylib\positionhpe.cpp(550): warning C4018: “<”: 有符号/无符号不匹配
d:\00-钢轨探伤\datasolveny\datasolveylib\positionhpe.cpp(552): warning C4018: “<”: 有符号/无符号不匹配
d:\00-钢轨探伤\datasolveny\datasolveylib\positionhpe.cpp(567): warning C4018: “<”: 有符号/无符号不匹配
d:\00-钢轨探伤\datasolveny\datasolveylib\positionhpe.cpp(592): warning C4018: “<”: 有符号/无符号不匹配
d:\00-钢轨探伤\datasolveny\datasolveylib\positionhpe.cpp(618): warning C4018: “<”: 有符号/无符号不匹配
d:\00-钢轨探伤\datasolveny\datasolveylib\positionhpe.cpp(642): warning C4018: “<”: 有符号/无符号不匹配
d:\00-钢轨探伤\datasolveny\datasolveylib\positionhpe.cpp(644): warning C4018: “<=”: 有符号/无符号不匹配
d:\00-钢轨探伤\datasolveny\datasolveylib\positionhpe.cpp(644): warning C4018: “>=”: 有符号/无符号不匹配
d:\00-钢轨探伤\datasolveny\datasolveylib\positionhpe.cpp(652): warning C4018: “<”: 有符号/无符号不匹配
d:\00-钢轨探伤\datasolveny\datasolveylib\positionhpe.cpp(654): warning C4018: “<=”: 有符号/无符号不匹配
d:\00-钢轨探伤\datasolveny\datasolveylib\positionhpe.cpp(654): warning C4018: “>=”: 有符号/无符号不匹配
d:\00-钢轨探伤\datasolveny\datasolveylib\positionhpe.cpp(682): warning C4018: “<”: 有符号/无符号不匹配
d:\00-钢轨探伤\datasolveny\datasolveylib\positionhpe.cpp(691): warning C4018: “<”: 有符号/无符号不匹配
d:\00-钢轨探伤\datasolveny\datasolveylib\positionhpe.cpp(822): warning C4244: “初始化”: 从“const double”转换到“int”，可能丢失数据
d:\00-钢轨探伤\datasolveny\datasolveylib\positionhpe.cpp(1103): warning C4018: “<”: 有符号/无符号不匹配
d:\00-钢轨探伤\datasolveny\datasolveylib\positionhpe.cpp(1116): warning C4018: “<”: 有符号/无符号不匹配
d:\00-钢轨探伤\datasolveny\datasolveylib\positionhpe.cpp(1144): warning C4018: “<”: 有符号/无符号不匹配
d:\00-钢轨探伤\datasolveny\datasolveylib\positionhpe.cpp(1157): warning C4018: “<”: 有符号/无符号不匹配
d:\00-钢轨探伤\datasolveny\datasolveylib\positionhpe.cpp(1280): warning C4018: “<”: 有符号/无符号不匹配
d:\00-钢轨探伤\datasolveny\datasolveylib\positionhpe.cpp(1301): warning C4018: “<”: 有符号/无符号不匹配
d:\00-钢轨探伤\datasolveny\datasolveylib\positionhpe.cpp(1320): warning C4018: “<=”: 有符号/无符号不匹配
d:\00-钢轨探伤\datasolveny\datasolveylib\positionhpe.cpp(1406): warning C4018: “<”: 有符号/无符号不匹配
d:\00-钢轨探伤\datasolveny\datasolveylib\positionhpe.cpp(1406): warning C4018: “>”: 有符号/无符号不匹配
d:\00-钢轨探伤\datasolveny\datasolveylib\positionhpe.cpp(1416): warning C4018: “<”: 有符号/无符号不匹配
d:\00-钢轨探伤\datasolveny\datasolveylib\positionhpe.cpp(1449): warning C4018: “<”: 有符号/无符号不匹配
d:\00-钢轨探伤\datasolveny\datasolveylib\positionhpe.cpp(1774): warning C4554: “&”: 检查运算符优先级是否存在的可能的错误；使用括号阐明优先级
d:\00-钢轨探伤\datasolveny\datasolveylib\positionhpe.cpp(1872): warning C4018: “<”: 有符号/无符号不匹配
d:\00-钢轨探伤\datasolveny\datasolveylib\positionhpe.cpp(1879): warning C4018: “<”: 有符号/无符号不匹配
d:\00-钢轨探伤\datasolveny\datasolveylib\positionhpe.cpp(1907): warning C4018: “<”: 有符号/无符号不匹配
d:\00-钢轨探伤\datasolveny\datasolveylib\positionhpe.cpp(2126): warning C4018: “<”: 有符号/无符号不匹配
d:\00-钢轨探伤\datasolveny\datasolveylib\positionhpe.cpp(2136): warning C4018: “<”: 有符号/无符号不匹配
  PublicFunc.cpp
d:\00-钢轨探伤\datasolveny\datasolveylib\dataentities.h : warning C4819: 该文件包含不能在当前代码页(936)中表示的字符。请将该文件保存为 Unicode 格式以防止数据丢失
d:\00-钢轨探伤\datasolveny\datasolveylib\datadefine.h : warning C4819: 该文件包含不能在当前代码页(936)中表示的字符。请将该文件保存为 Unicode 格式以防止数据丢失
d:\00-钢轨探伤\datasolveny\datasolveylib\dataentities.h(938): warning C4819: 该文件包含不能在当前代码页(936)中表示的字符。请将该文件保存为 Unicode 格式以防止数据丢失
d:\00-钢轨探伤\datasolveny\datasolveylib\dataentitiesfornode.h : warning C4819: 该文件包含不能在当前代码页(936)中表示的字符。请将该文件保存为 Unicode 格式以防止数据丢失
d:\00-钢轨探伤\datasolveny\datasolveylib\publicfunc.cpp(310): warning C4018: “<”: 有符号/无符号不匹配
d:\00-钢轨探伤\datasolveny\datasolveylib\publicfunc.cpp(438): warning C4018: “<”: 有符号/无符号不匹配
d:\00-钢轨探伤\datasolveny\datasolveylib\publicfunc.cpp(454): warning C4018: “<”: 有符号/无符号不匹配
d:\00-钢轨探伤\datasolveny\datasolveylib\publicfunc.cpp(469): warning C4018: “<”: 有符号/无符号不匹配
d:\00-钢轨探伤\datasolveny\datasolveylib\publicfunc.cpp(483): warning C4018: “<”: 有符号/无符号不匹配
d:\00-钢轨探伤\datasolveny\datasolveylib\publicfunc.cpp(497): warning C4018: “<”: 有符号/无符号不匹配
d:\00-钢轨探伤\datasolveny\datasolveylib\publicfunc.cpp(510): warning C4018: “<”: 有符号/无符号不匹配
d:\00-钢轨探伤\datasolveny\datasolveylib\publicfunc.cpp(526): warning C4018: “<”: 有符号/无符号不匹配
d:\00-钢轨探伤\datasolveny\datasolveylib\publicfunc.cpp(553): warning C4018: “<”: 有符号/无符号不匹配
d:\00-钢轨探伤\datasolveny\datasolveylib\publicfunc.cpp(568): warning C4267: “初始化”: 从“size_t”转换到“uint8_t”，可能丢失数据
d:\00-钢轨探伤\datasolveny\datasolveylib\publicfunc.cpp(571): warning C4018: “<”: 有符号/无符号不匹配
d:\00-钢轨探伤\datasolveny\datasolveylib\publicfunc.cpp(573): warning C4018: “<”: 有符号/无符号不匹配
d:\00-钢轨探伤\datasolveny\datasolveylib\publicfunc.cpp(582): warning C4018: “<”: 有符号/无符号不匹配
d:\00-钢轨探伤\datasolveny\datasolveylib\publicfunc.cpp(601): warning C4018: “<”: 有符号/无符号不匹配
d:\00-钢轨探伤\datasolveny\datasolveylib\publicfunc.cpp(601): warning C4018: “>”: 有符号/无符号不匹配
d:\00-钢轨探伤\datasolveny\datasolveylib\publicfunc.cpp(620): warning C4018: “<”: 有符号/无符号不匹配
d:\00-钢轨探伤\datasolveny\datasolveylib\publicfunc.cpp(676): warning C4018: “<”: 有符号/无符号不匹配
d:\00-钢轨探伤\datasolveny\datasolveylib\publicfunc.cpp(698): warning C4018: “<”: 有符号/无符号不匹配
d:\00-钢轨探伤\datasolveny\datasolveylib\publicfunc.cpp(720): warning C4018: “<”: 有符号/无符号不匹配
d:\00-钢轨探伤\datasolveny\datasolveylib\publicfunc.cpp(725): warning C4018: “>”: 有符号/无符号不匹配
d:\00-钢轨探伤\datasolveny\datasolveylib\publicfunc.cpp(730): warning C4018: “<”: 有符号/无符号不匹配
d:\00-钢轨探伤\datasolveny\datasolveylib\publicfunc.cpp(732): warning C4018: “<”: 有符号/无符号不匹配
d:\00-钢轨探伤\datasolveny\datasolveylib\publicfunc.cpp(732): warning C4018: “>=”: 有符号/无符号不匹配
d:\00-钢轨探伤\datasolveny\datasolveylib\publicfunc.cpp(849): warning C4018: “<”: 有符号/无符号不匹配
d:\00-钢轨探伤\datasolveny\datasolveylib\publicfunc.cpp(880): warning C4018: “<”: 有符号/无符号不匹配
d:\00-钢轨探伤\datasolveny\datasolveylib\publicfunc.cpp(883): warning C4018: “<”: 有符号/无符号不匹配
d:\00-钢轨探伤\datasolveny\datasolveylib\publicfunc.cpp(894): warning C4018: “<”: 有符号/无符号不匹配
d:\00-钢轨探伤\datasolveny\datasolveylib\publicfunc.cpp(945): warning C4018: “<”: 有符号/无符号不匹配
d:\00-钢轨探伤\datasolveny\datasolveylib\publicfunc.cpp(947): warning C4018: “>=”: 有符号/无符号不匹配
d:\00-钢轨探伤\datasolveny\datasolveylib\publicfunc.cpp(947): warning C4018: “<=”: 有符号/无符号不匹配
d:\00-钢轨探伤\datasolveny\datasolveylib\publicfunc.cpp(959): warning C4018: “<”: 有符号/无符号不匹配
d:\00-钢轨探伤\datasolveny\datasolveylib\publicfunc.cpp(970): warning C4018: “<”: 有符号/无符号不匹配
d:\00-钢轨探伤\datasolveny\datasolveylib\publicfunc.cpp(1000): warning C4018: “<”: 有符号/无符号不匹配
d:\00-钢轨探伤\datasolveny\datasolveylib\publicfunc.cpp(1004): warning C4018: “>”: 有符号/无符号不匹配
d:\00-钢轨探伤\datasolveny\datasolveylib\publicfunc.cpp(1017): warning C4018: “<”: 有符号/无符号不匹配
d:\00-钢轨探伤\datasolveny\datasolveylib\publicfunc.cpp(1022): warning C4018: “>”: 有符号/无符号不匹配
d:\00-钢轨探伤\datasolveny\datasolveylib\publicfunc.cpp(1078): warning C4018: “>=”: 有符号/无符号不匹配
d:\00-钢轨探伤\datasolveny\datasolveylib\publicfunc.cpp(1078): warning C4018: “<=”: 有符号/无符号不匹配
d:\00-钢轨探伤\datasolveny\datasolveylib\publicfunc.cpp(1083): warning C4018: “>=”: 有符号/无符号不匹配
d:\00-钢轨探伤\datasolveny\datasolveylib\publicfunc.cpp(1083): warning C4018: “<”: 有符号/无符号不匹配
d:\00-钢轨探伤\datasolveny\datasolveylib\publicfunc.cpp(1144): warning C4018: “<”: 有符号/无符号不匹配
d:\00-钢轨探伤\datasolveny\datasolveylib\publicfunc.cpp(1173): warning C4018: “>=”: 有符号/无符号不匹配
  SolveData.cpp
d:\00-钢轨探伤\datasolveny\datasolveylib\dataentities.h : warning C4819: 该文件包含不能在当前代码页(936)中表示的字符。请将该文件保存为 Unicode 格式以防止数据丢失
d:\00-钢轨探伤\datasolveny\datasolveylib\datadefine.h : warning C4819: 该文件包含不能在当前代码页(936)中表示的字符。请将该文件保存为 Unicode 格式以防止数据丢失
d:\00-钢轨探伤\datasolveny\datasolveylib\dataentities.h(938): warning C4819: 该文件包含不能在当前代码页(936)中表示的字符。请将该文件保存为 Unicode 格式以防止数据丢失
d:\00-钢轨探伤\datasolveny\datasolveylib\dataentitiesfornode.h : warning C4819: 该文件包含不能在当前代码页(936)中表示的字符。请将该文件保存为 Unicode 格式以防止数据丢失
d:\00-钢轨探伤\datasolveny\datasolveylib\solvedata.cpp(385): warning C4018: “>”: 有符号/无符号不匹配
d:\00-钢轨探伤\datasolveny\datasolveylib\solvedata.cpp(1147): warning C4018: “<”: 有符号/无符号不匹配
d:\00-钢轨探伤\datasolveny\datasolveylib\solvedata.cpp(1164): warning C4018: “<”: 有符号/无符号不匹配
d:\00-钢轨探伤\datasolveny\datasolveylib\solvedata.cpp(1170): warning C4018: “<”: 有符号/无符号不匹配
  hole.cpp
d:\00-钢轨探伤\datasolveny\datasolveylib\dataentities.h : warning C4819: 该文件包含不能在当前代码页(936)中表示的字符。请将该文件保存为 Unicode 格式以防止数据丢失
d:\00-钢轨探伤\datasolveny\datasolveylib\datadefine.h : warning C4819: 该文件包含不能在当前代码页(936)中表示的字符。请将该文件保存为 Unicode 格式以防止数据丢失
d:\00-钢轨探伤\datasolveny\datasolveylib\dataentities.h(938): warning C4819: 该文件包含不能在当前代码页(936)中表示的字符。请将该文件保存为 Unicode 格式以防止数据丢失
d:\00-钢轨探伤\datasolveny\datasolveylib\dataentitiesfornode.h : warning C4819: 该文件包含不能在当前代码页(936)中表示的字符。请将该文件保存为 Unicode 格式以防止数据丢失
d:\00-钢轨探伤\datasolveny\datasolveylib\hole.cpp(22): warning C4018: “<”: 有符号/无符号不匹配
d:\00-钢轨探伤\datasolveny\datasolveylib\hole.cpp(39): warning C4018: “<”: 有符号/无符号不匹配
d:\00-钢轨探伤\datasolveny\datasolveylib\hole.cpp(85): warning C4018: “<”: 有符号/无符号不匹配
d:\00-钢轨探伤\datasolveny\datasolveylib\hole.cpp(119): warning C4018: “<”: 有符号/无符号不匹配
d:\00-钢轨探伤\datasolveny\datasolveylib\hole.cpp(128): warning C4018: “<”: 有符号/无符号不匹配
d:\00-钢轨探伤\datasolveny\datasolveylib\hole.cpp(157): warning C4244: “初始化”: 从“const uint16_t”转换到“uint8_t”，可能丢失数据
d:\00-钢轨探伤\datasolveny\datasolveylib\hole.cpp(181): warning C4018: “<”: 有符号/无符号不匹配
d:\00-钢轨探伤\datasolveny\datasolveylib\hole.cpp(198): warning C4018: “<”: 有符号/无符号不匹配
d:\00-钢轨探伤\datasolveny\datasolveylib\hole.cpp(269): warning C4018: “<”: 有符号/无符号不匹配
d:\00-钢轨探伤\datasolveny\datasolveylib\hole.cpp(276): warning C4018: “<”: 有符号/无符号不匹配
d:\00-钢轨探伤\datasolveny\datasolveylib\hole.cpp(310): warning C4018: “<”: 有符号/无符号不匹配
d:\00-钢轨探伤\datasolveny\datasolveylib\hole.cpp(315): warning C4018: “<”: 有符号/无符号不匹配
d:\00-钢轨探伤\datasolveny\datasolveylib\hole.cpp(324): warning C4018: “<”: 有符号/无符号不匹配
d:\00-钢轨探伤\datasolveny\datasolveylib\hole.cpp(334): warning C4018: “<”: 有符号/无符号不匹配
d:\00-钢轨探伤\datasolveny\datasolveylib\hole.cpp(375): warning C4018: “<”: 有符号/无符号不匹配
d:\00-钢轨探伤\datasolveny\datasolveylib\hole.cpp(392): warning C4018: “<”: 有符号/无符号不匹配
d:\00-钢轨探伤\datasolveny\datasolveylib\hole.cpp(440): warning C4018: “<”: 有符号/无符号不匹配
d:\00-钢轨探伤\datasolveny\datasolveylib\hole.cpp(508): warning C4018: “<”: 有符号/无符号不匹配
d:\00-钢轨探伤\datasolveny\datasolveylib\hole.cpp(510): warning C4018: “>”: 有符号/无符号不匹配
d:\00-钢轨探伤\datasolveny\datasolveylib\hole.cpp(515): warning C4018: “<”: 有符号/无符号不匹配
d:\00-钢轨探伤\datasolveny\datasolveylib\hole.cpp(556): warning C4018: “<”: 有符号/无符号不匹配
d:\00-钢轨探伤\datasolveny\datasolveylib\hole.cpp(573): warning C4018: “>”: 有符号/无符号不匹配
d:\00-钢轨探伤\datasolveny\datasolveylib\hole.cpp(578): warning C4018: “<”: 有符号/无符号不匹配
d:\00-钢轨探伤\datasolveny\datasolveylib\hole.cpp(606): warning C4018: “<”: 有符号/无符号不匹配
d:\00-钢轨探伤\datasolveny\datasolveylib\hole.cpp(623): warning C4018: “>”: 有符号/无符号不匹配
d:\00-钢轨探伤\datasolveny\datasolveylib\hole.cpp(628): warning C4018: “<”: 有符号/无符号不匹配
d:\00-钢轨探伤\datasolveny\datasolveylib\hole.cpp(667): warning C4244: “=”: 从“float”转换到“uint16_t”，可能丢失数据
d:\00-钢轨探伤\datasolveny\datasolveylib\hole.cpp(675): warning C4244: “=”: 从“float”转换到“uint16_t”，可能丢失数据
d:\00-钢轨探伤\datasolveny\datasolveylib\hole.cpp(769): warning C4018: “<”: 有符号/无符号不匹配
d:\00-钢轨探伤\datasolveny\datasolveylib\hole.cpp(782): warning C4018: “<”: 有符号/无符号不匹配
d:\00-钢轨探伤\datasolveny\datasolveylib\hole.cpp(801): warning C4018: “<”: 有符号/无符号不匹配
d:\00-钢轨探伤\datasolveny\datasolveylib\hole.cpp(805): warning C4018: “<”: 有符号/无符号不匹配
d:\00-钢轨探伤\datasolveny\datasolveylib\hole.cpp(819): warning C4018: “<”: 有符号/无符号不匹配
d:\00-钢轨探伤\datasolveny\datasolveylib\hole.cpp(832): warning C4018: “<”: 有符号/无符号不匹配
d:\00-钢轨探伤\datasolveny\datasolveylib\hole.cpp(857): warning C4018: “<”: 有符号/无符号不匹配
d:\00-钢轨探伤\datasolveny\datasolveylib\hole.cpp(893): warning C4244: “参数”: 从“const uint16_t”转换到“uint8_t”，可能丢失数据
d:\00-钢轨探伤\datasolveny\datasolveylib\hole.cpp(894): warning C4244: “参数”: 从“const uint16_t”转换到“uint8_t”，可能丢失数据
d:\00-钢轨探伤\datasolveny\datasolveylib\hole.cpp(903): warning C4018: “<”: 有符号/无符号不匹配
d:\00-钢轨探伤\datasolveny\datasolveylib\hole.cpp(907): warning C4018: “<”: 有符号/无符号不匹配
d:\00-钢轨探伤\datasolveny\datasolveylib\hole.cpp(924): warning C4018: “<”: 有符号/无符号不匹配
d:\00-钢轨探伤\datasolveny\datasolveylib\hole.cpp(984): warning C4244: “参数”: 从“const uint16_t”转换到“uint8_t”，可能丢失数据
d:\00-钢轨探伤\datasolveny\datasolveylib\hole.cpp(987): warning C4244: “参数”: 从“const uint16_t”转换到“uint8_t”，可能丢失数据
d:\00-钢轨探伤\datasolveny\datasolveylib\hole.cpp(992): warning C4018: “<”: 有符号/无符号不匹配
d:\00-钢轨探伤\datasolveny\datasolveylib\hole.cpp(1025): warning C4018: “<”: 有符号/无符号不匹配
d:\00-钢轨探伤\datasolveny\datasolveylib\hole.cpp(1042): warning C4018: “<”: 有符号/无符号不匹配
d:\00-钢轨探伤\datasolveny\datasolveylib\hole.cpp(1081): warning C4018: “<”: 有符号/无符号不匹配
d:\00-钢轨探伤\datasolveny\datasolveylib\hole.cpp(1135): warning C4018: “<”: 有符号/无符号不匹配
d:\00-钢轨探伤\datasolveny\datasolveylib\hole.cpp(1185): warning C4244: “参数”: 从“double”转换到“int”，可能丢失数据
d:\00-钢轨探伤\datasolveny\datasolveylib\hole.cpp(1195): warning C4018: “<”: 有符号/无符号不匹配
d:\00-钢轨探伤\datasolveny\datasolveylib\hole.cpp(1228): warning C4244: “参数”: 从“double”转换到“int”，可能丢失数据
d:\00-钢轨探伤\datasolveny\datasolveylib\hole.cpp(1229): warning C4244: “参数”: 从“double”转换到“int”，可能丢失数据
d:\00-钢轨探伤\datasolveny\datasolveylib\hole.cpp(1269): warning C4018: “<”: 有符号/无符号不匹配
d:\00-钢轨探伤\datasolveny\datasolveylib\hole.cpp(1286): warning C4244: “=”: 从“double”转换到“uint16_t”，可能丢失数据
d:\00-钢轨探伤\datasolveny\datasolveylib\hole.cpp(1307): warning C4244: “=”: 从“double”转换到“uint16_t”，可能丢失数据
d:\00-钢轨探伤\datasolveny\datasolveylib\hole.cpp(1321): warning C4244: “参数”: 从“double”转换到“int”，可能丢失数据
d:\00-钢轨探伤\datasolveny\datasolveylib\hole.cpp(1331): warning C4018: “<”: 有符号/无符号不匹配
d:\00-钢轨探伤\datasolveny\datasolveylib\hole.cpp(1388): warning C4018: “<”: 有符号/无符号不匹配
d:\00-钢轨探伤\datasolveny\datasolveylib\hole.cpp(1405): warning C4244: “=”: 从“double”转换到“uint16_t”，可能丢失数据
d:\00-钢轨探伤\datasolveny\datasolveylib\hole.cpp(1427): warning C4244: “=”: 从“double”转换到“uint16_t”，可能丢失数据
d:\00-钢轨探伤\datasolveny\datasolveylib\hole.cpp(1448): warning C4244: “=”: 从“double”转换到“uint16_t”，可能丢失数据
d:\00-钢轨探伤\datasolveny\datasolveylib\hole.cpp(1541): warning C4474: sprintf: 格式字符串中传递的参数太多
  d:\00-钢轨探伤\datasolveny\datasolveylib\hole.cpp(1541): note: 占位符和其参数预计 0 可变参数，但提供的却是 1 参数
d:\00-钢轨探伤\datasolveny\datasolveylib\hole.cpp(1576): warning C4244: “=”: 从“int16_t”转换到“int8_t”，可能丢失数据
d:\00-钢轨探伤\datasolveny\datasolveylib\hole.cpp(1598): warning C4244: “=”: 从“int16_t”转换到“int8_t”，可能丢失数据
d:\00-钢轨探伤\datasolveny\datasolveylib\hole.cpp(1614): warning C4018: “<”: 有符号/无符号不匹配
d:\00-钢轨探伤\datasolveny\datasolveylib\hole.cpp(1621): warning C4018: “<”: 有符号/无符号不匹配
d:\00-钢轨探伤\datasolveny\datasolveylib\hole.cpp(1728): warning C4244: “参数”: 从“int16_t”转换到“uint8_t”，可能丢失数据
d:\00-钢轨探伤\datasolveny\datasolveylib\hole.cpp(1729): warning C4018: “<”: 有符号/无符号不匹配
d:\00-钢轨探伤\datasolveny\datasolveylib\hole.cpp(1746): warning C4244: “参数”: 从“int16_t”转换到“uint8_t”，可能丢失数据
d:\00-钢轨探伤\datasolveny\datasolveylib\hole.cpp(1747): warning C4018: “<”: 有符号/无符号不匹配
d:\00-钢轨探伤\datasolveny\datasolveylib\hole.cpp(1769): warning C4018: “<”: 有符号/无符号不匹配
d:\00-钢轨探伤\datasolveny\datasolveylib\hole.cpp(1777): warning C4018: “<”: 有符号/无符号不匹配
d:\00-钢轨探伤\datasolveny\datasolveylib\hole.cpp(1798): warning C4244: “=”: 从“int16_t”转换到“int8_t”，可能丢失数据
d:\00-钢轨探伤\datasolveny\datasolveylib\hole.cpp(1856): warning C4244: “参数”: 从“const uint16_t”转换到“uint8_t”，可能丢失数据
d:\00-钢轨探伤\datasolveny\datasolveylib\hole.cpp(1857): warning C4244: “参数”: 从“const uint16_t”转换到“uint8_t”，可能丢失数据
d:\00-钢轨探伤\datasolveny\datasolveylib\hole.cpp(1858): warning C4244: “参数”: 从“const uint16_t”转换到“uint8_t”，可能丢失数据
d:\00-钢轨探伤\datasolveny\datasolveylib\hole.cpp(1859): warning C4244: “参数”: 从“const uint16_t”转换到“uint8_t”，可能丢失数据
d:\00-钢轨探伤\datasolveny\datasolveylib\hole.cpp(1902): warning C4018: “<”: 有符号/无符号不匹配
d:\00-钢轨探伤\datasolveny\datasolveylib\hole.cpp(1911): warning C4018: “<”: 有符号/无符号不匹配
d:\00-钢轨探伤\datasolveny\datasolveylib\hole.cpp(1964): warning C4018: “<”: 有符号/无符号不匹配
d:\00-钢轨探伤\datasolveny\datasolveylib\hole.cpp(1971): warning C4018: “<”: 有符号/无符号不匹配
d:\00-钢轨探伤\datasolveny\datasolveylib\hole.cpp(1999): warning C4018: “<”: 有符号/无符号不匹配
d:\00-钢轨探伤\datasolveny\datasolveylib\hole.cpp(2005): warning C4018: “<”: 有符号/无符号不匹配
d:\00-钢轨探伤\datasolveny\datasolveylib\hole.cpp(2019): warning C4018: “<”: 有符号/无符号不匹配
d:\00-钢轨探伤\datasolveny\datasolveylib\hole.cpp(2044): warning C4244: “参数”: 从“double”转换到“int”，可能丢失数据
d:\00-钢轨探伤\datasolveny\datasolveylib\hole.cpp(2047): warning C4018: “<”: 有符号/无符号不匹配
d:\00-钢轨探伤\datasolveny\datasolveylib\hole.cpp(2081): warning C4244: “=”: 从“double”转换到“uint16_t”，可能丢失数据
d:\00-钢轨探伤\datasolveny\datasolveylib\hole.cpp(2101): warning C4244: “=”: 从“double”转换到“uint16_t”，可能丢失数据
d:\00-钢轨探伤\datasolveny\datasolveylib\hole.cpp(2115): warning C4018: “<”: 有符号/无符号不匹配
d:\00-钢轨探伤\datasolveny\datasolveylib\hole.cpp(2140): warning C4244: “参数”: 从“double”转换到“int”，可能丢失数据
d:\00-钢轨探伤\datasolveny\datasolveylib\hole.cpp(2150): warning C4018: “<”: 有符号/无符号不匹配
d:\00-钢轨探伤\datasolveny\datasolveylib\hole.cpp(2184): warning C4244: “=”: 从“double”转换到“uint16_t”，可能丢失数据
d:\00-钢轨探伤\datasolveny\datasolveylib\hole.cpp(2204): warning C4244: “=”: 从“double”转换到“uint16_t”，可能丢失数据
d:\00-钢轨探伤\datasolveny\datasolveylib\hole.cpp(2262): warning C4018: “>=”: 有符号/无符号不匹配
d:\00-钢轨探伤\datasolveny\datasolveylib\hole.cpp(2323): warning C4018: “<”: 有符号/无符号不匹配
d:\00-钢轨探伤\datasolveny\datasolveylib\hole.cpp(2351): warning C4244: “=”: 从“double”转换到“uint16_t”，可能丢失数据
d:\00-钢轨探伤\datasolveny\datasolveylib\hole.cpp(2360): warning C4018: “<”: 有符号/无符号不匹配
d:\00-钢轨探伤\datasolveny\datasolveylib\hole.cpp(2390): warning C4244: “=”: 从“double”转换到“uint16_t”，可能丢失数据
d:\00-钢轨探伤\datasolveny\datasolveylib\hole.cpp(2414): warning C4244: “=”: 从“double”转换到“uint16_t”，可能丢失数据
d:\00-钢轨探伤\datasolveny\datasolveylib\hole.cpp(2440): warning C4244: “=”: 从“double”转换到“uint16_t”，可能丢失数据
d:\00-钢轨探伤\datasolveny\datasolveylib\hole.cpp(2454): warning C4018: “<”: 有符号/无符号不匹配
d:\00-钢轨探伤\datasolveny\datasolveylib\hole.cpp(2482): warning C4244: “=”: 从“double”转换到“uint16_t”，可能丢失数据
d:\00-钢轨探伤\datasolveny\datasolveylib\hole.cpp(2491): warning C4018: “<”: 有符号/无符号不匹配
d:\00-钢轨探伤\datasolveny\datasolveylib\hole.cpp(2520): warning C4244: “=”: 从“double”转换到“uint16_t”，可能丢失数据
d:\00-钢轨探伤\datasolveny\datasolveylib\hole.cpp(2541): warning C4244: “=”: 从“double”转换到“uint16_t”，可能丢失数据
d:\00-钢轨探伤\datasolveny\datasolveylib\hole.cpp(2567): warning C4244: “=”: 从“double”转换到“uint16_t”，可能丢失数据
d:\00-钢轨探伤\datasolveny\datasolveylib\hole.cpp(2580): warning C4018: “<”: 有符号/无符号不匹配
d:\00-钢轨探伤\datasolveny\datasolveylib\hole.cpp(2617): warning C4244: “=”: 从“double”转换到“uint16_t”，可能丢失数据
d:\00-钢轨探伤\datasolveny\datasolveylib\hole.cpp(2637): warning C4244: “=”: 从“double”转换到“uint16_t”，可能丢失数据
d:\00-钢轨探伤\datasolveny\datasolveylib\hole.cpp(2655): warning C4474: sprintf: 格式字符串中传递的参数太多
  d:\00-钢轨探伤\datasolveny\datasolveylib\hole.cpp(2655): note: 占位符和其参数预计 0 可变参数，但提供的却是 1 参数
d:\00-钢轨探伤\datasolveny\datasolveylib\hole.cpp(2658): warning C4244: “=”: 从“double”转换到“uint16_t”，可能丢失数据
d:\00-钢轨探伤\datasolveny\datasolveylib\hole.cpp(2679): warning C4244: “=”: 从“double”转换到“uint16_t”，可能丢失数据
d:\00-钢轨探伤\datasolveny\datasolveylib\hole.cpp(2691): warning C4018: “<”: 有符号/无符号不匹配
d:\00-钢轨探伤\datasolveny\datasolveylib\hole.cpp(2726): warning C4244: “=”: 从“double”转换到“uint16_t”，可能丢失数据
d:\00-钢轨探伤\datasolveny\datasolveylib\hole.cpp(2744): warning C4474: sprintf: 格式字符串中传递的参数太多
  d:\00-钢轨探伤\datasolveny\datasolveylib\hole.cpp(2744): note: 占位符和其参数预计 0 可变参数，但提供的却是 1 参数
d:\00-钢轨探伤\datasolveny\datasolveylib\hole.cpp(2747): warning C4244: “=”: 从“double”转换到“uint16_t”，可能丢失数据
d:\00-钢轨探伤\datasolveny\datasolveylib\hole.cpp(2770): warning C4244: “=”: 从“double”转换到“uint16_t”，可能丢失数据
d:\00-钢轨探伤\datasolveny\datasolveylib\hole.cpp(2784): warning C4018: “<”: 有符号/无符号不匹配
d:\00-钢轨探伤\datasolveny\datasolveylib\hole.cpp(2804): warning C4244: “=”: 从“double”转换到“uint16_t”，可能丢失数据
d:\00-钢轨探伤\datasolveny\datasolveylib\hole.cpp(2816): warning C4018: “<”: 有符号/无符号不匹配
d:\00-钢轨探伤\datasolveny\datasolveylib\hole.cpp(2835): warning C4244: “=”: 从“double”转换到“uint16_t”，可能丢失数据
d:\00-钢轨探伤\datasolveny\datasolveylib\hole.cpp(2849): warning C4018: “<”: 有符号/无符号不匹配
d:\00-钢轨探伤\datasolveny\datasolveylib\hole.cpp(2873): warning C4244: “=”: 从“double”转换到“uint16_t”，可能丢失数据
d:\00-钢轨探伤\datasolveny\datasolveylib\hole.cpp(2885): warning C4018: “<”: 有符号/无符号不匹配
d:\00-钢轨探伤\datasolveny\datasolveylib\hole.cpp(2909): warning C4244: “=”: 从“double”转换到“uint16_t”，可能丢失数据
d:\00-钢轨探伤\datasolveny\datasolveylib\hole.cpp(2924): warning C4018: “<”: 有符号/无符号不匹配
d:\00-钢轨探伤\datasolveny\datasolveylib\hole.cpp(2937): warning C4018: “<”: 有符号/无符号不匹配
d:\00-钢轨探伤\datasolveny\datasolveylib\hole.cpp(2967): warning C4244: “=”: 从“int16_t”转换到“int8_t”，可能丢失数据
d:\00-钢轨探伤\datasolveny\datasolveylib\hole.cpp(3266): warning C4018: “<”: 有符号/无符号不匹配
d:\00-钢轨探伤\datasolveny\datasolveylib\hole.cpp(3272): warning C4018: “<”: 有符号/无符号不匹配
d:\00-钢轨探伤\datasolveny\datasolveylib\hole.cpp(3281): warning C4018: “<”: 有符号/无符号不匹配
d:\00-钢轨探伤\datasolveny\datasolveylib\hole.cpp(3301): warning C4018: “<”: 有符号/无符号不匹配
d:\00-钢轨探伤\datasolveny\datasolveylib\hole.cpp(3308): warning C4018: “<”: 有符号/无符号不匹配
d:\00-钢轨探伤\datasolveny\datasolveylib\hole.cpp(3351): warning C4244: “=”: 从“int16_t”转换到“int8_t”，可能丢失数据
d:\00-钢轨探伤\datasolveny\datasolveylib\hole.cpp(3385): warning C4018: “<”: 有符号/无符号不匹配
d:\00-钢轨探伤\datasolveny\datasolveylib\hole.cpp(3388): warning C4018: “>=”: 有符号/无符号不匹配
d:\00-钢轨探伤\datasolveny\datasolveylib\hole.cpp(3388): warning C4018: “<=”: 有符号/无符号不匹配
d:\00-钢轨探伤\datasolveny\datasolveylib\hole.cpp(3395): warning C4018: “<”: 有符号/无符号不匹配
d:\00-钢轨探伤\datasolveny\datasolveylib\hole.cpp(3398): warning C4018: “>=”: 有符号/无符号不匹配
d:\00-钢轨探伤\datasolveny\datasolveylib\hole.cpp(3398): warning C4018: “<=”: 有符号/无符号不匹配
d:\00-钢轨探伤\datasolveny\datasolveylib\hole.cpp(3433): warning C4018: “>”: 有符号/无符号不匹配
d:\00-钢轨探伤\datasolveny\datasolveylib\hole.cpp(3437): warning C4018: “<”: 有符号/无符号不匹配
d:\00-钢轨探伤\datasolveny\datasolveylib\hole.cpp(3441): warning C4018: “>”: 有符号/无符号不匹配
d:\00-钢轨探伤\datasolveny\datasolveylib\hole.cpp(3441): warning C4018: “<”: 有符号/无符号不匹配
d:\00-钢轨探伤\datasolveny\datasolveylib\hole.cpp(3460): warning C4018: “>”: 有符号/无符号不匹配
d:\00-钢轨探伤\datasolveny\datasolveylib\hole.cpp(3464): warning C4018: “<”: 有符号/无符号不匹配
d:\00-钢轨探伤\datasolveny\datasolveylib\hole.cpp(3468): warning C4018: “<=”: 有符号/无符号不匹配
d:\00-钢轨探伤\datasolveny\datasolveylib\hole.cpp(3497): warning C4018: “<”: 有符号/无符号不匹配
d:\00-钢轨探伤\datasolveny\datasolveylib\hole.cpp(3538): warning C4018: “<=”: 有符号/无符号不匹配
d:\00-钢轨探伤\datasolveny\datasolveylib\hole.cpp(3548): warning C4018: “>”: 有符号/无符号不匹配
d:\00-钢轨探伤\datasolveny\datasolveylib\hole.cpp(3587): warning C4018: “<”: 有符号/无符号不匹配
d:\00-钢轨探伤\datasolveny\datasolveylib\hole.cpp(3600): warning C4018: “<”: 有符号/无符号不匹配
d:\00-钢轨探伤\datasolveny\datasolveylib\hole.cpp(3611): warning C4018: “<”: 有符号/无符号不匹配
d:\00-钢轨探伤\datasolveny\datasolveylib\hole.cpp(3618): warning C4018: “<”: 有符号/无符号不匹配
d:\00-钢轨探伤\datasolveny\datasolveylib\hole.cpp(3694): warning C4018: “<”: 有符号/无符号不匹配
d:\00-钢轨探伤\datasolveny\datasolveylib\hole.cpp(3723): warning C4244: “=”: 从“float”转换到“uint16_t”，可能丢失数据
d:\00-钢轨探伤\datasolveny\datasolveylib\hole.cpp(3728): warning C4018: “<”: 有符号/无符号不匹配
d:\00-钢轨探伤\datasolveny\datasolveylib\hole.cpp(3745): warning C4018: “<”: 有符号/无符号不匹配
d:\00-钢轨探伤\datasolveny\datasolveylib\hole.cpp(3782): warning C4018: “<”: 有符号/无符号不匹配
d:\00-钢轨探伤\datasolveny\datasolveylib\hole.cpp(3809): warning C4018: “<”: 有符号/无符号不匹配
d:\00-钢轨探伤\datasolveny\datasolveylib\hole.cpp(3815): warning C4018: “<”: 有符号/无符号不匹配
d:\00-钢轨探伤\datasolveny\datasolveylib\hole.cpp(3831): warning C4018: “<”: 有符号/无符号不匹配
d:\00-钢轨探伤\datasolveny\datasolveylib\hole.cpp(3849): warning C4018: “<”: 有符号/无符号不匹配
d:\00-钢轨探伤\datasolveny\datasolveylib\hole.cpp(3856): warning C4018: “>=”: 有符号/无符号不匹配
d:\00-钢轨探伤\datasolveny\datasolveylib\hole.cpp(3863): warning C4018: “>=”: 有符号/无符号不匹配
d:\00-钢轨探伤\datasolveny\datasolveylib\hole.cpp(3874): warning C4018: “<”: 有符号/无符号不匹配
d:\00-钢轨探伤\datasolveny\datasolveylib\hole.cpp(3907): warning C4244: “=”: 从“double”转换到“uint16_t”，可能丢失数据
d:\00-钢轨探伤\datasolveny\datasolveylib\hole.cpp(3928): warning C4244: “=”: 从“double”转换到“uint16_t”，可能丢失数据
d:\00-钢轨探伤\datasolveny\datasolveylib\hole.cpp(3949): warning C4018: “<”: 有符号/无符号不匹配
d:\00-钢轨探伤\datasolveny\datasolveylib\hole.cpp(3969): warning C4018: “<”: 有符号/无符号不匹配
d:\00-钢轨探伤\datasolveny\datasolveylib\hole.cpp(4001): warning C4018: “<”: 有符号/无符号不匹配
d:\00-钢轨探伤\datasolveny\datasolveylib\hole.cpp(4024): warning C4018: “<”: 有符号/无符号不匹配
d:\00-钢轨探伤\datasolveny\datasolveylib\hole.cpp(4054): warning C4018: “<”: 有符号/无符号不匹配
d:\00-钢轨探伤\datasolveny\datasolveylib\hole.cpp(4063): warning C4018: “<”: 有符号/无符号不匹配
d:\00-钢轨探伤\datasolveny\datasolveylib\hole.cpp(4083): warning C4244: “参数”: 从“double”转换到“int”，可能丢失数据
d:\00-钢轨探伤\datasolveny\datasolveylib\hole.cpp(4100): warning C4244: “=”: 从“double”转换到“uint16_t”，可能丢失数据
d:\00-钢轨探伤\datasolveny\datasolveylib\hole.cpp(4120): warning C4244: “=”: 从“double”转换到“uint16_t”，可能丢失数据
d:\00-钢轨探伤\datasolveny\datasolveylib\hole.cpp(4128): warning C4018: “<”: 有符号/无符号不匹配
d:\00-钢轨探伤\datasolveny\datasolveylib\hole.cpp(4165): warning C4244: “=”: 从“double”转换到“uint16_t”，可能丢失数据
d:\00-钢轨探伤\datasolveny\datasolveylib\hole.cpp(4186): warning C4244: “=”: 从“double”转换到“uint16_t”，可能丢失数据
d:\00-钢轨探伤\datasolveny\datasolveylib\hole.cpp(4211): warning C4244: “=”: 从“double”转换到“uint16_t”，可能丢失数据
d:\00-钢轨探伤\datasolveny\datasolveylib\hole.cpp(4220): warning C4244: “参数”: 从“double”转换到“int”，可能丢失数据
d:\00-钢轨探伤\datasolveny\datasolveylib\hole.cpp(4226): warning C4018: “<”: 有符号/无符号不匹配
d:\00-钢轨探伤\datasolveny\datasolveylib\hole.cpp(4256): warning C4244: “=”: 从“double”转换到“uint16_t”，可能丢失数据
d:\00-钢轨探伤\datasolveny\datasolveylib\hole.cpp(4290): warning C4018: “<”: 有符号/无符号不匹配
d:\00-钢轨探伤\datasolveny\datasolveylib\hole.cpp(4334): warning C4244: “=”: 从“double”转换到“uint16_t”，可能丢失数据
d:\00-钢轨探伤\datasolveny\datasolveylib\hole.cpp(4354): warning C4244: “=”: 从“double”转换到“uint16_t”，可能丢失数据
d:\00-钢轨探伤\datasolveny\datasolveylib\hole.cpp(4364): warning C4244: “参数”: 从“int16_t”转换到“uint8_t”，可能丢失数据
d:\00-钢轨探伤\datasolveny\datasolveylib\hole.cpp(4365): warning C4018: “<”: 有符号/无符号不匹配
d:\00-钢轨探伤\datasolveny\datasolveylib\hole.cpp(4378): warning C4018: “<”: 有符号/无符号不匹配
d:\00-钢轨探伤\datasolveny\datasolveylib\hole.cpp(4407): warning C4244: “=”: 从“double”转换到“uint16_t”，可能丢失数据
d:\00-钢轨探伤\datasolveny\datasolveylib\hole.cpp(4456): warning C4244: “=”: 从“double”转换到“uint16_t”，可能丢失数据
d:\00-钢轨探伤\datasolveny\datasolveylib\hole.cpp(4479): warning C4244: “=”: 从“double”转换到“uint16_t”，可能丢失数据
d:\00-钢轨探伤\datasolveny\datasolveylib\hole.cpp(4492): warning C4018: “<”: 有符号/无符号不匹配
d:\00-钢轨探伤\datasolveny\datasolveylib\hole.cpp(4509): warning C4018: “<”: 有符号/无符号不匹配
d:\00-钢轨探伤\datasolveny\datasolveylib\hole.cpp(4594): warning C4244: “=”: 从“int16_t”转换到“int8_t”，可能丢失数据
  holeCore.cpp
d:\00-钢轨探伤\datasolveny\datasolveylib\dataentities.h : warning C4819: 该文件包含不能在当前代码页(936)中表示的字符。请将该文件保存为 Unicode 格式以防止数据丢失
d:\00-钢轨探伤\datasolveny\datasolveylib\datadefine.h : warning C4819: 该文件包含不能在当前代码页(936)中表示的字符。请将该文件保存为 Unicode 格式以防止数据丢失
d:\00-钢轨探伤\datasolveny\datasolveylib\dataentities.h(938): warning C4819: 该文件包含不能在当前代码页(936)中表示的字符。请将该文件保存为 Unicode 格式以防止数据丢失
d:\00-钢轨探伤\datasolveny\datasolveylib\dataentitiesfornode.h : warning C4819: 该文件包含不能在当前代码页(936)中表示的字符。请将该文件保存为 Unicode 格式以防止数据丢失
d:\00-钢轨探伤\datasolveny\datasolveylib\holecore.cpp(21): warning C4244: “参数”: 从“double”转换到“int”，可能丢失数据
d:\00-钢轨探伤\datasolveny\datasolveylib\holecore.cpp(25): warning C4018: “<”: 有符号/无符号不匹配
d:\00-钢轨探伤\datasolveny\datasolveylib\holecore.cpp(27): warning C4244: “参数”: 从“double”转换到“int”，可能丢失数据
d:\00-钢轨探伤\datasolveny\datasolveylib\holecore.cpp(60): warning C4244: “参数”: 从“double”转换到“int”，可能丢失数据
d:\00-钢轨探伤\datasolveny\datasolveylib\holecore.cpp(64): warning C4018: “<”: 有符号/无符号不匹配
d:\00-钢轨探伤\datasolveny\datasolveylib\holecore.cpp(66): warning C4244: “参数”: 从“double”转换到“int”，可能丢失数据
d:\00-钢轨探伤\datasolveny\datasolveylib\holecore.cpp(132): warning C4018: “<”: 有符号/无符号不匹配
d:\00-钢轨探伤\datasolveny\datasolveylib\holecore.cpp(151): warning C4244: “=”: 从“float”转换到“uint16_t”，可能丢失数据
d:\00-钢轨探伤\datasolveny\datasolveylib\holecore.cpp(189): warning C4018: “<=”: 有符号/无符号不匹配
d:\00-钢轨探伤\datasolveny\datasolveylib\holecore.cpp(204): warning C4018: “<=”: 有符号/无符号不匹配
d:\00-钢轨探伤\datasolveny\datasolveylib\holecore.cpp(250): warning C4018: “<”: 有符号/无符号不匹配
d:\00-钢轨探伤\datasolveny\datasolveylib\holecore.cpp(274): warning C4244: “=”: 从“float”转换到“uint16_t”，可能丢失数据
d:\00-钢轨探伤\datasolveny\datasolveylib\holecore.cpp(300): warning C4018: “<=”: 有符号/无符号不匹配
d:\00-钢轨探伤\datasolveny\datasolveylib\holecore.cpp(364): warning C4018: “<”: 有符号/无符号不匹配
d:\00-钢轨探伤\datasolveny\datasolveylib\holecore.cpp(390): warning C4244: “=”: 从“float”转换到“uint16_t”，可能丢失数据
d:\00-钢轨探伤\datasolveny\datasolveylib\holecore.cpp(427): warning C4018: “<=”: 有符号/无符号不匹配
d:\00-钢轨探伤\datasolveny\datasolveylib\holecore.cpp(443): warning C4018: “<=”: 有符号/无符号不匹配
d:\00-钢轨探伤\datasolveny\datasolveylib\holecore.cpp(486): warning C4018: “<”: 有符号/无符号不匹配
d:\00-钢轨探伤\datasolveny\datasolveylib\holecore.cpp(513): warning C4244: “=”: 从“float”转换到“uint16_t”，可能丢失数据
d:\00-钢轨探伤\datasolveny\datasolveylib\holecore.cpp(627): warning C4018: “<”: 有符号/无符号不匹配
d:\00-钢轨探伤\datasolveny\datasolveylib\holecore.cpp(704): warning C4244: “=”: 从“double”转换到“uint16_t”，可能丢失数据
d:\00-钢轨探伤\datasolveny\datasolveylib\holecore.cpp(711): warning C4018: “<”: 有符号/无符号不匹配
d:\00-钢轨探伤\datasolveny\datasolveylib\holecore.cpp(742): warning C4244: “=”: 从“double”转换到“uint16_t”，可能丢失数据
d:\00-钢轨探伤\datasolveny\datasolveylib\holecore.cpp(750): warning C4018: “<”: 有符号/无符号不匹配
d:\00-钢轨探伤\datasolveny\datasolveylib\holecore.cpp(779): warning C4474: sprintf: 格式字符串中传递的参数太多
  d:\00-钢轨探伤\datasolveny\datasolveylib\holecore.cpp(779): note: 占位符和其参数预计 0 可变参数，但提供的却是 1 参数
d:\00-钢轨探伤\datasolveny\datasolveylib\holecore.cpp(782): warning C4244: “=”: 从“double”转换到“uint16_t”，可能丢失数据
d:\00-钢轨探伤\datasolveny\datasolveylib\holecore.cpp(802): warning C4244: “=”: 从“double”转换到“uint16_t”，可能丢失数据
d:\00-钢轨探伤\datasolveny\datasolveylib\holecore.cpp(810): warning C4018: “<”: 有符号/无符号不匹配
d:\00-钢轨探伤\datasolveny\datasolveylib\holecore.cpp(842): warning C4244: “=”: 从“double”转换到“uint16_t”，可能丢失数据
d:\00-钢轨探伤\datasolveny\datasolveylib\holecore.cpp(850): warning C4018: “<”: 有符号/无符号不匹配
d:\00-钢轨探伤\datasolveny\datasolveylib\holecore.cpp(893): warning C4018: “<”: 有符号/无符号不匹配
d:\00-钢轨探伤\datasolveny\datasolveylib\holecore.cpp(982): warning C4244: “=”: 从“double”转换到“uint16_t”，可能丢失数据
d:\00-钢轨探伤\datasolveny\datasolveylib\holecore.cpp(997): warning C4018: “<”: 有符号/无符号不匹配
d:\00-钢轨探伤\datasolveny\datasolveylib\holecore.cpp(1027): warning C4474: sprintf: 格式字符串中传递的参数太多
  d:\00-钢轨探伤\datasolveny\datasolveylib\holecore.cpp(1027): note: 占位符和其参数预计 0 可变参数，但提供的却是 1 参数
d:\00-钢轨探伤\datasolveny\datasolveylib\holecore.cpp(1030): warning C4244: “=”: 从“double”转换到“uint16_t”，可能丢失数据
d:\00-钢轨探伤\datasolveny\datasolveylib\holecore.cpp(1065): warning C4018: “<”: 有符号/无符号不匹配
d:\00-钢轨探伤\datasolveny\datasolveylib\holecore.cpp(1092): warning C4244: “=”: 从“double”转换到“uint16_t”，可能丢失数据
d:\00-钢轨探伤\datasolveny\datasolveylib\holecore.cpp(1107): warning C4018: “<”: 有符号/无符号不匹配
d:\00-钢轨探伤\datasolveny\datasolveylib\holecore.cpp(1139): warning C4018: “<”: 有符号/无符号不匹配
d:\00-钢轨探伤\datasolveny\datasolveylib\holecore.cpp(1167): warning C4244: “=”: 从“double”转换到“uint16_t”，可能丢失数据
d:\00-钢轨探伤\datasolveny\datasolveylib\holecore.cpp(1178): warning C4018: “<”: 有符号/无符号不匹配
d:\00-钢轨探伤\datasolveny\datasolveylib\holecore.cpp(1254): warning C4244: “=”: 从“double”转换到“uint16_t”，可能丢失数据
d:\00-钢轨探伤\datasolveny\datasolveylib\holecore.cpp(1277): warning C4244: “=”: 从“double”转换到“uint16_t”，可能丢失数据
d:\00-钢轨探伤\datasolveny\datasolveylib\holecore.cpp(1303): warning C4244: “=”: 从“double”转换到“uint16_t”，可能丢失数据
d:\00-钢轨探伤\datasolveny\datasolveylib\holecore.cpp(1325): warning C4018: “<”: 有符号/无符号不匹配
d:\00-钢轨探伤\datasolveny\datasolveylib\holecore.cpp(1353): warning C4244: “=”: 从“double”转换到“uint16_t”，可能丢失数据
d:\00-钢轨探伤\datasolveny\datasolveylib\holecore.cpp(1363): warning C4018: “<”: 有符号/无符号不匹配
d:\00-钢轨探伤\datasolveny\datasolveylib\holecore.cpp(1431): warning C4244: “=”: 从“double”转换到“uint16_t”，可能丢失数据
d:\00-钢轨探伤\datasolveny\datasolveylib\holecore.cpp(1461): warning C4244: “=”: 从“double”转换到“uint16_t”，可能丢失数据
d:\00-钢轨探伤\datasolveny\datasolveylib\holecore.cpp(1484): warning C4244: “=”: 从“double”转换到“uint16_t”，可能丢失数据
d:\00-钢轨探伤\datasolveny\datasolveylib\holecore.cpp(1509): warning C4244: “=”: 从“double”转换到“uint16_t”，可能丢失数据
d:\00-钢轨探伤\datasolveny\datasolveylib\holecore.cpp(1535): warning C4018: “<”: 有符号/无符号不匹配
d:\00-钢轨探伤\datasolveny\datasolveylib\holecore.cpp(1556): warning C4244: “=”: 从“double”转换到“uint16_t”，可能丢失数据
d:\00-钢轨探伤\datasolveny\datasolveylib\holecore.cpp(1568): warning C4018: “<”: 有符号/无符号不匹配
d:\00-钢轨探伤\datasolveny\datasolveylib\holecore.cpp(1585): warning C4474: sprintf: 格式字符串中传递的参数太多
  d:\00-钢轨探伤\datasolveny\datasolveylib\holecore.cpp(1585): note: 占位符和其参数预计 0 可变参数，但提供的却是 1 参数
d:\00-钢轨探伤\datasolveny\datasolveylib\holecore.cpp(1588): warning C4244: “=”: 从“double”转换到“uint16_t”，可能丢失数据
d:\00-钢轨探伤\datasolveny\datasolveylib\holecore.cpp(1602): warning C4018: “<”: 有符号/无符号不匹配
d:\00-钢轨探伤\datasolveny\datasolveylib\holecore.cpp(1626): warning C4244: “=”: 从“double”转换到“uint16_t”，可能丢失数据
d:\00-钢轨探伤\datasolveny\datasolveylib\holecore.cpp(1638): warning C4018: “<”: 有符号/无符号不匹配
d:\00-钢轨探伤\datasolveny\datasolveylib\holecore.cpp(1663): warning C4244: “=”: 从“double”转换到“uint16_t”，可能丢失数据
  正在生成代码...
  DataSolveYLib.vcxproj -> D:\00-钢轨探伤\DataSolveNY\Debug\DataSolve.dll
