d:\00-钢轨探伤\datasolveny\datasolveylib\debug\datasolve.pch
d:\00-钢轨探伤\datasolveny\datasolveylib\debug\vc141.pdb
d:\00-钢轨探伤\datasolveny\datasolveylib\debug\vc141.idb
d:\00-钢轨探伤\datasolveny\datasolveylib\debug\stdafx.obj
d:\00-钢轨探伤\datasolveny\datasolveylib\debug\stackwalker.obj
d:\00-钢轨探伤\datasolveny\datasolveylib\debug\solvedata.obj
d:\00-钢轨探伤\datasolveny\datasolveylib\debug\publicfunc.obj
d:\00-钢轨探伤\datasolveny\datasolveylib\debug\positionhpe.obj
d:\00-钢轨探伤\datasolveny\datasolveylib\debug\judge.obj
d:\00-钢轨探伤\datasolveny\datasolveylib\debug\holecore.obj
d:\00-钢轨探伤\datasolveny\datasolveylib\debug\hole.obj
d:\00-钢轨探伤\datasolveny\datasolveylib\debug\globaldefine.obj
d:\00-钢轨探伤\datasolveny\datasolveylib\debug\datasolvelib.obj
d:\00-钢轨探伤\datasolveny\datasolveylib\debug\dataqualityanalyse.obj
d:\00-钢轨探伤\datasolveny\datasolveylib\debug\dataentities.obj
d:\00-钢轨探伤\datasolveny\datasolveylib\debug\crhpe.obj
d:\00-钢轨探伤\datasolveny\datasolveylib\debug\baseexception.obj
d:\00-钢轨探伤\datasolveny\datasolveylib\debug\dllmain.obj
d:\00-钢轨探伤\datasolveny\debug\datasolve.lib
d:\00-钢轨探伤\datasolveny\debug\datasolve.exp
d:\00-钢轨探伤\datasolveny\debug\datasolve.ilk
d:\00-钢轨探伤\datasolveny\debug\datasolve.dll
d:\00-钢轨探伤\datasolveny\debug\datasolve.pdb
d:\00-钢轨探伤\datasolveny\datasolveylib\debug\datasolve.res
d:\00-钢轨探伤\datasolveny\datasolveylib\debug\datasolve.tlog\cl.command.1.tlog
d:\00-钢轨探伤\datasolveny\datasolveylib\debug\datasolve.tlog\cl.read.1.tlog
d:\00-钢轨探伤\datasolveny\datasolveylib\debug\datasolve.tlog\cl.write.1.tlog
d:\00-钢轨探伤\datasolveny\datasolveylib\debug\datasolve.tlog\datasolve.write.1u.tlog
d:\00-钢轨探伤\datasolveny\datasolveylib\debug\datasolve.tlog\link.command.1.tlog
d:\00-钢轨探伤\datasolveny\datasolveylib\debug\datasolve.tlog\link.read.1.tlog
d:\00-钢轨探伤\datasolveny\datasolveylib\debug\datasolve.tlog\link.write.1.tlog
d:\00-钢轨探伤\datasolveny\datasolveylib\debug\datasolve.tlog\rc.command.1.tlog
d:\00-钢轨探伤\datasolveny\datasolveylib\debug\datasolve.tlog\rc.read.1.tlog
d:\00-钢轨探伤\datasolveny\datasolveylib\debug\datasolve.tlog\rc.write.1.tlog
