  CRHPE.cpp
d:\00-钢轨探伤\datasolveny\datasolveylib\dataentities.h : warning C4819: 该文件包含不能在当前代码页(936)中表示的字符。请将该文件保存为 Unicode 格式以防止数据丢失
d:\00-钢轨探伤\datasolveny\datasolveylib\datadefine.h : warning C4819: 该文件包含不能在当前代码页(936)中表示的字符。请将该文件保存为 Unicode 格式以防止数据丢失
d:\00-钢轨探伤\datasolveny\datasolveylib\dataentities.h(937): warning C4819: 该文件包含不能在当前代码页(936)中表示的字符。请将该文件保存为 Unicode 格式以防止数据丢失
d:\00-钢轨探伤\datasolveny\datasolveylib\dataentitiesfornode.h : warning C4819: 该文件包含不能在当前代码页(936)中表示的字符。请将该文件保存为 Unicode 格式以防止数据丢失
d:\00-钢轨探伤\datasolveny\datasolveylib\crhpe.cpp(13): warning C4018: “<”: 有符号/无符号不匹配
d:\00-钢轨探伤\datasolveny\datasolveylib\crhpe.cpp(114): warning C4018: “<”: 有符号/无符号不匹配
d:\00-钢轨探伤\datasolveny\datasolveylib\crhpe.cpp(143): warning C4018: “<”: 有符号/无符号不匹配
d:\00-钢轨探伤\datasolveny\datasolveylib\crhpe.cpp(205): warning C4018: “<”: 有符号/无符号不匹配
d:\00-钢轨探伤\datasolveny\datasolveylib\crhpe.cpp(205): warning C4018: “>”: 有符号/无符号不匹配
d:\00-钢轨探伤\datasolveny\datasolveylib\crhpe.cpp(223): warning C4018: “<”: 有符号/无符号不匹配
d:\00-钢轨探伤\datasolveny\datasolveylib\crhpe.cpp(240): warning C4018: “<”: 有符号/无符号不匹配
d:\00-钢轨探伤\datasolveny\datasolveylib\crhpe.cpp(268): warning C4018: “<”: 有符号/无符号不匹配
d:\00-钢轨探伤\datasolveny\datasolveylib\crhpe.cpp(297): warning C4018: “<”: 有符号/无符号不匹配
d:\00-钢轨探伤\datasolveny\datasolveylib\crhpe.cpp(306): warning C4018: “<”: 有符号/无符号不匹配
d:\00-钢轨探伤\datasolveny\datasolveylib\crhpe.cpp(413): warning C4018: “<”: 有符号/无符号不匹配
d:\00-钢轨探伤\datasolveny\datasolveylib\crhpe.cpp(473): warning C4018: “>”: 有符号/无符号不匹配
d:\00-钢轨探伤\datasolveny\datasolveylib\crhpe.cpp(473): warning C4018: “<”: 有符号/无符号不匹配
d:\00-钢轨探伤\datasolveny\datasolveylib\crhpe.cpp(633): warning C4018: “<”: 有符号/无符号不匹配
d:\00-钢轨探伤\datasolveny\datasolveylib\crhpe.cpp(642): warning C4018: “<”: 有符号/无符号不匹配
d:\00-钢轨探伤\datasolveny\datasolveylib\crhpe.cpp(680): warning C4018: “<”: 有符号/无符号不匹配
d:\00-钢轨探伤\datasolveny\datasolveylib\crhpe.cpp(689): warning C4018: “<”: 有符号/无符号不匹配
d:\00-钢轨探伤\datasolveny\datasolveylib\crhpe.cpp(1118): warning C4018: “<”: 有符号/无符号不匹配
d:\00-钢轨探伤\datasolveny\datasolveylib\crhpe.cpp(1122): warning C4018: “<”: 有符号/无符号不匹配
d:\00-钢轨探伤\datasolveny\datasolveylib\crhpe.cpp(1151): warning C4018: “<”: 有符号/无符号不匹配
d:\00-钢轨探伤\datasolveny\datasolveylib\crhpe.cpp(1153): warning C4018: “<”: 有符号/无符号不匹配
d:\00-钢轨探伤\datasolveny\datasolveylib\crhpe.cpp(1201): warning C4018: “<”: 有符号/无符号不匹配
d:\00-钢轨探伤\datasolveny\datasolveylib\crhpe.cpp(1257): warning C4018: “<”: 有符号/无符号不匹配
d:\00-钢轨探伤\datasolveny\datasolveylib\crhpe.cpp(1284): warning C4018: “<”: 有符号/无符号不匹配
d:\00-钢轨探伤\datasolveny\datasolveylib\crhpe.cpp(1343): warning C4244: “=”: 从“int16_t”转换到“uint8_t”，可能丢失数据
d:\00-钢轨探伤\datasolveny\datasolveylib\crhpe.cpp(1344): warning C4244: “=”: 从“int16_t”转换到“uint8_t”，可能丢失数据
d:\00-钢轨探伤\datasolveny\datasolveylib\crhpe.cpp(1359): warning C4018: “<”: 有符号/无符号不匹配
d:\00-钢轨探伤\datasolveny\datasolveylib\crhpe.cpp(1411): warning C4018: “<”: 有符号/无符号不匹配
d:\00-钢轨探伤\datasolveny\datasolveylib\crhpe.cpp(1420): warning C4018: “<”: 有符号/无符号不匹配
d:\00-钢轨探伤\datasolveny\datasolveylib\crhpe.cpp(1428): warning C4018: “<”: 有符号/无符号不匹配
d:\00-钢轨探伤\datasolveny\datasolveylib\crhpe.cpp(1578): warning C4018: “<”: 有符号/无符号不匹配
d:\00-钢轨探伤\datasolveny\datasolveylib\crhpe.cpp(1583): warning C4018: “<”: 有符号/无符号不匹配
d:\00-钢轨探伤\datasolveny\datasolveylib\crhpe.cpp(1618): warning C4018: “<”: 有符号/无符号不匹配
d:\00-钢轨探伤\datasolveny\datasolveylib\crhpe.cpp(1670): warning C4018: “<”: 有符号/无符号不匹配
d:\00-钢轨探伤\datasolveny\datasolveylib\crhpe.cpp(1690): warning C4018: “<”: 有符号/无符号不匹配
d:\00-钢轨探伤\datasolveny\datasolveylib\crhpe.cpp(1778): warning C4018: “<”: 有符号/无符号不匹配
d:\00-钢轨探伤\datasolveny\datasolveylib\crhpe.cpp(1838): warning C4018: “<”: 有符号/无符号不匹配
d:\00-钢轨探伤\datasolveny\datasolveylib\crhpe.cpp(1850): warning C4018: “<”: 有符号/无符号不匹配
d:\00-钢轨探伤\datasolveny\datasolveylib\crhpe.cpp(1893): warning C4101: “e”: 未引用的局部变量
d:\00-钢轨探伤\datasolveny\datasolveylib\crhpe.cpp(1905): warning C4018: “<”: 有符号/无符号不匹配
d:\00-钢轨探伤\datasolveny\datasolveylib\crhpe.cpp(1915): warning C4018: “<”: 有符号/无符号不匹配
d:\00-钢轨探伤\datasolveny\datasolveylib\crhpe.cpp(1929): warning C4018: “<”: 有符号/无符号不匹配
d:\00-钢轨探伤\datasolveny\datasolveylib\crhpe.cpp(1946): warning C4018: “<”: 有符号/无符号不匹配
d:\00-钢轨探伤\datasolveny\datasolveylib\crhpe.cpp(1961): warning C4018: “<”: 有符号/无符号不匹配
d:\00-钢轨探伤\datasolveny\datasolveylib\crhpe.cpp(1965): warning C4018: “<”: 有符号/无符号不匹配
d:\00-钢轨探伤\datasolveny\datasolveylib\crhpe.cpp(1982): warning C4018: “<”: 有符号/无符号不匹配
d:\00-钢轨探伤\datasolveny\datasolveylib\crhpe.cpp(2151): warning C4018: “<”: 有符号/无符号不匹配
d:\00-钢轨探伤\datasolveny\datasolveylib\crhpe.cpp(2153): warning C4018: “<”: 有符号/无符号不匹配
d:\00-钢轨探伤\datasolveny\datasolveylib\crhpe.cpp(2177): warning C4244: “=”: 从“double”转换到“int16_t”，可能丢失数据
d:\00-钢轨探伤\datasolveny\datasolveylib\crhpe.cpp(2219): warning C4244: “初始化”: 从“double”转换到“int”，可能丢失数据
d:\00-钢轨探伤\datasolveny\datasolveylib\crhpe.cpp(2248): warning C4244: “参数”: 从“double”转换到“int”，可能丢失数据
d:\00-钢轨探伤\datasolveny\datasolveylib\crhpe.cpp(2359): warning C4018: “<”: 有符号/无符号不匹配
d:\00-钢轨探伤\datasolveny\datasolveylib\crhpe.cpp(2404): warning C4018: “<”: 有符号/无符号不匹配
d:\00-钢轨探伤\datasolveny\datasolveylib\crhpe.cpp(2446): warning C4018: “<”: 有符号/无符号不匹配
d:\00-钢轨探伤\datasolveny\datasolveylib\crhpe.cpp(2462): warning C4018: “<”: 有符号/无符号不匹配
d:\00-钢轨探伤\datasolveny\datasolveylib\crhpe.cpp(2510): warning C4018: “<”: 有符号/无符号不匹配
d:\00-钢轨探伤\datasolveny\datasolveylib\crhpe.cpp(2524): warning C4018: “<”: 有符号/无符号不匹配
d:\00-钢轨探伤\datasolveny\datasolveylib\crhpe.cpp(2526): warning C4018: “<”: 有符号/无符号不匹配
d:\00-钢轨探伤\datasolveny\datasolveylib\crhpe.cpp(2530): warning C4018: “>”: 有符号/无符号不匹配
d:\00-钢轨探伤\datasolveny\datasolveylib\crhpe.cpp(2633): warning C4018: “<”: 有符号/无符号不匹配
d:\00-钢轨探伤\datasolveny\datasolveylib\crhpe.cpp(2703): warning C4018: “<”: 有符号/无符号不匹配
d:\00-钢轨探伤\datasolveny\datasolveylib\crhpe.cpp(2707): warning C4244: “初始化”: 从“double”转换到“int”，可能丢失数据
d:\00-钢轨探伤\datasolveny\datasolveylib\crhpe.cpp(2730): warning C4244: “初始化”: 从“double”转换到“int”，可能丢失数据
d:\00-钢轨探伤\datasolveny\datasolveylib\crhpe.cpp(2789): warning C4018: “<”: 有符号/无符号不匹配
d:\00-钢轨探伤\datasolveny\datasolveylib\crhpe.cpp(2817): warning C4018: “<”: 有符号/无符号不匹配
d:\00-钢轨探伤\datasolveny\datasolveylib\crhpe.cpp(2828): warning C4018: “<”: 有符号/无符号不匹配
d:\00-钢轨探伤\datasolveny\datasolveylib\crhpe.cpp(2831): warning C4244: “初始化”: 从“double”转换到“int”，可能丢失数据
d:\00-钢轨探伤\datasolveny\datasolveylib\crhpe.cpp(2839): warning C4244: “+=”: 从“double”转换到“int32_t”，可能丢失数据
d:\00-钢轨探伤\datasolveny\datasolveylib\crhpe.cpp(2866): warning C4244: “=”: 从“double”转换到“int”，可能丢失数据
d:\00-钢轨探伤\datasolveny\datasolveylib\crhpe.cpp(2867): warning C4244: “=”: 从“double”转换到“int”，可能丢失数据
d:\00-钢轨探伤\datasolveny\datasolveylib\crhpe.cpp(2870): warning C4244: “=”: 从“double”转换到“int”，可能丢失数据
d:\00-钢轨探伤\datasolveny\datasolveylib\crhpe.cpp(2871): warning C4244: “=”: 从“double”转换到“int”，可能丢失数据
d:\00-钢轨探伤\datasolveny\datasolveylib\crhpe.cpp(2873): warning C4244: “=”: 从“double”转换到“int”，可能丢失数据
d:\00-钢轨探伤\datasolveny\datasolveylib\crhpe.cpp(2879): warning C4244: “-=”: 从“float”转换到“int”，可能丢失数据
d:\00-钢轨探伤\datasolveny\datasolveylib\crhpe.cpp(2880): warning C4244: “-=”: 从“float”转换到“int”，可能丢失数据
d:\00-钢轨探伤\datasolveny\datasolveylib\crhpe.cpp(2884): warning C4244: “-=”: 从“float”转换到“int”，可能丢失数据
d:\00-钢轨探伤\datasolveny\datasolveylib\crhpe.cpp(2907): warning C4018: “>=”: 有符号/无符号不匹配
d:\00-钢轨探伤\datasolveny\datasolveylib\crhpe.cpp(3003): warning C4018: “<”: 有符号/无符号不匹配
d:\00-钢轨探伤\datasolveny\datasolveylib\crhpe.cpp(3082): warning C4018: “<”: 有符号/无符号不匹配
d:\00-钢轨探伤\datasolveny\datasolveylib\crhpe.cpp(3184): warning C4018: “<”: 有符号/无符号不匹配
d:\00-钢轨探伤\datasolveny\datasolveylib\crhpe.cpp(3249): warning C4018: “<”: 有符号/无符号不匹配
d:\00-钢轨探伤\datasolveny\datasolveylib\crhpe.cpp(3307): warning C4018: “<”: 有符号/无符号不匹配
d:\00-钢轨探伤\datasolveny\datasolveylib\crhpe.cpp(3349): warning C4018: “<”: 有符号/无符号不匹配
d:\00-钢轨探伤\datasolveny\datasolveylib\crhpe.cpp(3386): warning C4018: “<”: 有符号/无符号不匹配
d:\00-钢轨探伤\datasolveny\datasolveylib\crhpe.cpp(3393): warning C4018: “<”: 有符号/无符号不匹配
d:\00-钢轨探伤\datasolveny\datasolveylib\crhpe.cpp(3401): warning C4018: “<”: 有符号/无符号不匹配
d:\00-钢轨探伤\datasolveny\datasolveylib\crhpe.cpp(3438): warning C4018: “<”: 有符号/无符号不匹配
d:\00-钢轨探伤\datasolveny\datasolveylib\crhpe.cpp(3445): warning C4018: “<”: 有符号/无符号不匹配
d:\00-钢轨探伤\datasolveny\datasolveylib\crhpe.cpp(3453): warning C4018: “<”: 有符号/无符号不匹配
d:\00-钢轨探伤\datasolveny\datasolveylib\crhpe.cpp(3496): warning C4018: “>=”: 有符号/无符号不匹配
d:\00-钢轨探伤\datasolveny\datasolveylib\crhpe.cpp(3512): warning C4018: “>=”: 有符号/无符号不匹配
d:\00-钢轨探伤\datasolveny\datasolveylib\crhpe.cpp(3528): warning C4018: “>=”: 有符号/无符号不匹配
d:\00-钢轨探伤\datasolveny\datasolveylib\crhpe.cpp(3544): warning C4018: “>=”: 有符号/无符号不匹配
d:\00-钢轨探伤\datasolveny\datasolveylib\crhpe.cpp(3560): warning C4018: “>=”: 有符号/无符号不匹配
d:\00-钢轨探伤\datasolveny\datasolveylib\crhpe.cpp(3576): warning C4018: “>=”: 有符号/无符号不匹配
d:\00-钢轨探伤\datasolveny\datasolveylib\crhpe.cpp(3592): warning C4018: “>=”: 有符号/无符号不匹配
d:\00-钢轨探伤\datasolveny\datasolveylib\crhpe.cpp(3608): warning C4018: “>=”: 有符号/无符号不匹配
d:\00-钢轨探伤\datasolveny\datasolveylib\crhpe.cpp(3624): warning C4018: “>=”: 有符号/无符号不匹配
d:\00-钢轨探伤\datasolveny\datasolveylib\crhpe.cpp(3641): warning C4018: “>=”: 有符号/无符号不匹配
d:\00-钢轨探伤\datasolveny\datasolveylib\crhpe.cpp(3662): warning C4018: “<”: 有符号/无符号不匹配
d:\00-钢轨探伤\datasolveny\datasolveylib\crhpe.cpp(3670): warning C4018: “<”: 有符号/无符号不匹配
d:\00-钢轨探伤\datasolveny\datasolveylib\crhpe.cpp(3679): warning C4018: “>=”: 有符号/无符号不匹配
d:\00-钢轨探伤\datasolveny\datasolveylib\crhpe.cpp(3698): warning C4018: “<”: 有符号/无符号不匹配
d:\00-钢轨探伤\datasolveny\datasolveylib\crhpe.cpp(3756): warning C4018: “<”: 有符号/无符号不匹配
d:\00-钢轨探伤\datasolveny\datasolveylib\crhpe.cpp(3845): warning C4018: “<”: 有符号/无符号不匹配
d:\00-钢轨探伤\datasolveny\datasolveylib\crhpe.cpp(3874): warning C4244: “初始化”: 从“double”转换到“int”，可能丢失数据
d:\00-钢轨探伤\datasolveny\datasolveylib\crhpe.cpp(3938): warning C4018: “>=”: 有符号/无符号不匹配
d:\00-钢轨探伤\datasolveny\datasolveylib\crhpe.cpp(3962): warning C4018: “>=”: 有符号/无符号不匹配
d:\00-钢轨探伤\datasolveny\datasolveylib\crhpe.cpp(4038): warning C4018: “<”: 有符号/无符号不匹配
d:\00-钢轨探伤\datasolveny\datasolveylib\crhpe.cpp(4104): warning C4018: “<”: 有符号/无符号不匹配
d:\00-钢轨探伤\datasolveny\datasolveylib\crhpe.cpp(4133): warning C4244: “初始化”: 从“double”转换到“int”，可能丢失数据
d:\00-钢轨探伤\datasolveny\datasolveylib\crhpe.cpp(4157): warning C4018: “>=”: 有符号/无符号不匹配
d:\00-钢轨探伤\datasolveny\datasolveylib\crhpe.cpp(4181): warning C4018: “>=”: 有符号/无符号不匹配
d:\00-钢轨探伤\datasolveny\datasolveylib\crhpe.cpp(4234): warning C4018: “<”: 有符号/无符号不匹配
d:\00-钢轨探伤\datasolveny\datasolveylib\crhpe.cpp(4236): warning C4018: “<”: 有符号/无符号不匹配
d:\00-钢轨探伤\datasolveny\datasolveylib\crhpe.cpp(4266): warning C4018: “<”: 有符号/无符号不匹配
d:\00-钢轨探伤\datasolveny\datasolveylib\crhpe.cpp(4268): warning C4018: “<”: 有符号/无符号不匹配
  Judge.cpp
d:\00-钢轨探伤\datasolveny\datasolveylib\dataentities.h : warning C4819: 该文件包含不能在当前代码页(936)中表示的字符。请将该文件保存为 Unicode 格式以防止数据丢失
d:\00-钢轨探伤\datasolveny\datasolveylib\datadefine.h : warning C4819: 该文件包含不能在当前代码页(936)中表示的字符。请将该文件保存为 Unicode 格式以防止数据丢失
d:\00-钢轨探伤\datasolveny\datasolveylib\dataentities.h(937): warning C4819: 该文件包含不能在当前代码页(936)中表示的字符。请将该文件保存为 Unicode 格式以防止数据丢失
d:\00-钢轨探伤\datasolveny\datasolveylib\dataentitiesfornode.h : warning C4819: 该文件包含不能在当前代码页(936)中表示的字符。请将该文件保存为 Unicode 格式以防止数据丢失
d:\00-钢轨探伤\datasolveny\datasolveylib\judge.cpp(107): warning C4018: “<”: 有符号/无符号不匹配
d:\00-钢轨探伤\datasolveny\datasolveylib\judge.cpp(140): warning C4244: “参数”: 从“_Ty”转换到“const unsigned char”，可能丢失数据
          with
          [
              _Ty=int16_t
          ]
d:\00-钢轨探伤\datasolveny\datasolveylib\judge.cpp(264): warning C4018: “<”: 有符号/无符号不匹配
d:\00-钢轨探伤\datasolveny\datasolveylib\judge.cpp(267): warning C4018: “<”: 有符号/无符号不匹配
d:\00-钢轨探伤\datasolveny\datasolveylib\judge.cpp(272): warning C4244: “=”: 从“int16_t”转换到“uint8_t”，可能丢失数据
d:\00-钢轨探伤\datasolveny\datasolveylib\judge.cpp(273): warning C4244: “=”: 从“int16_t”转换到“uint8_t”，可能丢失数据
d:\00-钢轨探伤\datasolveny\datasolveylib\judge.cpp(299): warning C4018: “<”: 有符号/无符号不匹配
d:\00-钢轨探伤\datasolveny\datasolveylib\judge.cpp(306): warning C4018: “<”: 有符号/无符号不匹配
d:\00-钢轨探伤\datasolveny\datasolveylib\judge.cpp(314): warning C4018: “<”: 有符号/无符号不匹配
d:\00-钢轨探伤\datasolveny\datasolveylib\judge.cpp(405): warning C4018: “>=”: 有符号/无符号不匹配
d:\00-钢轨探伤\datasolveny\datasolveylib\judge.cpp(405): warning C4018: “<=”: 有符号/无符号不匹配
d:\00-钢轨探伤\datasolveny\datasolveylib\judge.cpp(411): warning C4018: “>”: 有符号/无符号不匹配
d:\00-钢轨探伤\datasolveny\datasolveylib\judge.cpp(424): warning C4018: “>=”: 有符号/无符号不匹配
d:\00-钢轨探伤\datasolveny\datasolveylib\judge.cpp(424): warning C4018: “<=”: 有符号/无符号不匹配
d:\00-钢轨探伤\datasolveny\datasolveylib\judge.cpp(430): warning C4018: “>”: 有符号/无符号不匹配
d:\00-钢轨探伤\datasolveny\datasolveylib\judge.cpp(499): warning C4018: “<”: 有符号/无符号不匹配
d:\00-钢轨探伤\datasolveny\datasolveylib\judge.cpp(508): warning C4018: “<”: 有符号/无符号不匹配
d:\00-钢轨探伤\datasolveny\datasolveylib\judge.cpp(565): warning C4018: “<”: 有符号/无符号不匹配
d:\00-钢轨探伤\datasolveny\datasolveylib\judge.cpp(568): warning C4018: “<”: 有符号/无符号不匹配
d:\00-钢轨探伤\datasolveny\datasolveylib\judge.cpp(697): warning C4018: “<”: 有符号/无符号不匹配
d:\00-钢轨探伤\datasolveny\datasolveylib\judge.cpp(722): warning C4244: “=”: 从“double”转换到“uint16_t”，可能丢失数据
d:\00-钢轨探伤\datasolveny\datasolveylib\judge.cpp(723): warning C4244: “=”: 从“float”转换到“uint16_t”，可能丢失数据
d:\00-钢轨探伤\datasolveny\datasolveylib\judge.cpp(739): warning C4244: “=”: 从“double”转换到“uint16_t”，可能丢失数据
d:\00-钢轨探伤\datasolveny\datasolveylib\judge.cpp(740): warning C4244: “=”: 从“float”转换到“uint16_t”，可能丢失数据
d:\00-钢轨探伤\datasolveny\datasolveylib\judge.cpp(758): warning C4244: “=”: 从“double”转换到“uint16_t”，可能丢失数据
d:\00-钢轨探伤\datasolveny\datasolveylib\judge.cpp(759): warning C4244: “=”: 从“float”转换到“uint16_t”，可能丢失数据
d:\00-钢轨探伤\datasolveny\datasolveylib\judge.cpp(771): warning C4244: “=”: 从“double”转换到“uint16_t”，可能丢失数据
d:\00-钢轨探伤\datasolveny\datasolveylib\judge.cpp(772): warning C4244: “=”: 从“double”转换到“uint16_t”，可能丢失数据
d:\00-钢轨探伤\datasolveny\datasolveylib\judge.cpp(784): warning C4244: “=”: 从“double”转换到“uint16_t”，可能丢失数据
d:\00-钢轨探伤\datasolveny\datasolveylib\judge.cpp(785): warning C4244: “=”: 从“float”转换到“uint16_t”，可能丢失数据
d:\00-钢轨探伤\datasolveny\datasolveylib\judge.cpp(817): warning C4244: “=”: 从“double”转换到“uint16_t”，可能丢失数据
d:\00-钢轨探伤\datasolveny\datasolveylib\judge.cpp(818): warning C4244: “=”: 从“double”转换到“uint16_t”，可能丢失数据
d:\00-钢轨探伤\datasolveny\datasolveylib\judge.cpp(834): warning C4244: “=”: 从“double”转换到“uint16_t”，可能丢失数据
d:\00-钢轨探伤\datasolveny\datasolveylib\judge.cpp(835): warning C4244: “=”: 从“float”转换到“uint16_t”，可能丢失数据
d:\00-钢轨探伤\datasolveny\datasolveylib\judge.cpp(857): warning C4244: “=”: 从“double”转换到“uint16_t”，可能丢失数据
d:\00-钢轨探伤\datasolveny\datasolveylib\judge.cpp(858): warning C4244: “=”: 从“float”转换到“uint16_t”，可能丢失数据
d:\00-钢轨探伤\datasolveny\datasolveylib\judge.cpp(875): warning C4244: “=”: 从“double”转换到“uint16_t”，可能丢失数据
d:\00-钢轨探伤\datasolveny\datasolveylib\judge.cpp(876): warning C4244: “=”: 从“float”转换到“uint16_t”，可能丢失数据
d:\00-钢轨探伤\datasolveny\datasolveylib\judge.cpp(898): warning C4244: “初始化”: 从“double”转换到“int”，可能丢失数据
d:\00-钢轨探伤\datasolveny\datasolveylib\judge.cpp(899): warning C4244: “初始化”: 从“double”转换到“int”，可能丢失数据
d:\00-钢轨探伤\datasolveny\datasolveylib\judge.cpp(900): warning C4244: “参数”: 从“const uint16_t”转换到“uint8_t”，可能丢失数据
d:\00-钢轨探伤\datasolveny\datasolveylib\judge.cpp(901): warning C4244: “参数”: 从“const uint16_t”转换到“uint8_t”，可能丢失数据
d:\00-钢轨探伤\datasolveny\datasolveylib\judge.cpp(906): warning C4244: “参数”: 从“const uint16_t”转换到“uint8_t”，可能丢失数据
d:\00-钢轨探伤\datasolveny\datasolveylib\judge.cpp(907): warning C4244: “参数”: 从“const uint16_t”转换到“uint8_t”，可能丢失数据
d:\00-钢轨探伤\datasolveny\datasolveylib\judge.cpp(926): warning C4244: “初始化”: 从“double”转换到“int”，可能丢失数据
d:\00-钢轨探伤\datasolveny\datasolveylib\judge.cpp(927): warning C4244: “初始化”: 从“double”转换到“int”，可能丢失数据
d:\00-钢轨探伤\datasolveny\datasolveylib\judge.cpp(928): warning C4244: “参数”: 从“const uint16_t”转换到“uint8_t”，可能丢失数据
d:\00-钢轨探伤\datasolveny\datasolveylib\judge.cpp(929): warning C4244: “参数”: 从“const uint16_t”转换到“uint8_t”，可能丢失数据
d:\00-钢轨探伤\datasolveny\datasolveylib\judge.cpp(934): warning C4244: “参数”: 从“const uint16_t”转换到“uint8_t”，可能丢失数据
d:\00-钢轨探伤\datasolveny\datasolveylib\judge.cpp(935): warning C4244: “参数”: 从“const uint16_t”转换到“uint8_t”，可能丢失数据
d:\00-钢轨探伤\datasolveny\datasolveylib\judge.cpp(994): warning C4018: “<”: 有符号/无符号不匹配
d:\00-钢轨探伤\datasolveny\datasolveylib\judge.cpp(998): warning C4018: “<”: 有符号/无符号不匹配
d:\00-钢轨探伤\datasolveny\datasolveylib\judge.cpp(1055): warning C4018: “<”: 有符号/无符号不匹配
d:\00-钢轨探伤\datasolveny\datasolveylib\judge.cpp(1067): warning C4018: “<”: 有符号/无符号不匹配
d:\00-钢轨探伤\datasolveny\datasolveylib\judge.cpp(1087): warning C4018: “<”: 有符号/无符号不匹配
d:\00-钢轨探伤\datasolveny\datasolveylib\judge.cpp(1135): warning C4018: “<”: 有符号/无符号不匹配
d:\00-钢轨探伤\datasolveny\datasolveylib\judge.cpp(1142): warning C4018: “<”: 有符号/无符号不匹配
d:\00-钢轨探伤\datasolveny\datasolveylib\judge.cpp(1286): warning C4018: “<”: 有符号/无符号不匹配
d:\00-钢轨探伤\datasolveny\datasolveylib\judge.cpp(1346): warning C4018: “<”: 有符号/无符号不匹配
d:\00-钢轨探伤\datasolveny\datasolveylib\judge.cpp(1402): warning C4018: “<”: 有符号/无符号不匹配
d:\00-钢轨探伤\datasolveny\datasolveylib\judge.cpp(1440): warning C4018: “>=”: 有符号/无符号不匹配
d:\00-钢轨探伤\datasolveny\datasolveylib\judge.cpp(1443): warning C4244: “=”: 从“double”转换到“uint16_t”，可能丢失数据
d:\00-钢轨探伤\datasolveny\datasolveylib\judge.cpp(1444): warning C4244: “=”: 从“float”转换到“uint16_t”，可能丢失数据
d:\00-钢轨探伤\datasolveny\datasolveylib\judge.cpp(1447): warning C4018: “>=”: 有符号/无符号不匹配
d:\00-钢轨探伤\datasolveny\datasolveylib\judge.cpp(1457): warning C4244: “=”: 从“double”转换到“uint16_t”，可能丢失数据
d:\00-钢轨探伤\datasolveny\datasolveylib\judge.cpp(1458): warning C4244: “=”: 从“double”转换到“uint16_t”，可能丢失数据
d:\00-钢轨探伤\datasolveny\datasolveylib\judge.cpp(1463): warning C4018: “>=”: 有符号/无符号不匹配
d:\00-钢轨探伤\datasolveny\datasolveylib\judge.cpp(1476): warning C4244: “=”: 从“double”转换到“uint16_t”，可能丢失数据
d:\00-钢轨探伤\datasolveny\datasolveylib\judge.cpp(1477): warning C4244: “=”: 从“float”转换到“uint16_t”，可能丢失数据
d:\00-钢轨探伤\datasolveny\datasolveylib\judge.cpp(1484): warning C4018: “<”: 有符号/无符号不匹配
d:\00-钢轨探伤\datasolveny\datasolveylib\judge.cpp(1510): warning C4018: “>=”: 有符号/无符号不匹配
d:\00-钢轨探伤\datasolveny\datasolveylib\judge.cpp(1513): warning C4244: “=”: 从“double”转换到“uint16_t”，可能丢失数据
d:\00-钢轨探伤\datasolveny\datasolveylib\judge.cpp(1514): warning C4244: “=”: 从“float”转换到“uint16_t”，可能丢失数据
d:\00-钢轨探伤\datasolveny\datasolveylib\judge.cpp(1517): warning C4018: “>=”: 有符号/无符号不匹配
d:\00-钢轨探伤\datasolveny\datasolveylib\judge.cpp(1527): warning C4244: “=”: 从“double”转换到“uint16_t”，可能丢失数据
d:\00-钢轨探伤\datasolveny\datasolveylib\judge.cpp(1528): warning C4244: “=”: 从“double”转换到“uint16_t”，可能丢失数据
d:\00-钢轨探伤\datasolveny\datasolveylib\judge.cpp(1532): warning C4018: “>=”: 有符号/无符号不匹配
d:\00-钢轨探伤\datasolveny\datasolveylib\judge.cpp(1546): warning C4244: “=”: 从“double”转换到“uint16_t”，可能丢失数据
d:\00-钢轨探伤\datasolveny\datasolveylib\judge.cpp(1547): warning C4244: “=”: 从“float”转换到“uint16_t”，可能丢失数据
d:\00-钢轨探伤\datasolveny\datasolveylib\judge.cpp(1606): warning C4244: “初始化”: 从“double”转换到“int”，可能丢失数据
d:\00-钢轨探伤\datasolveny\datasolveylib\judge.cpp(1607): warning C4244: “初始化”: 从“double”转换到“int”，可能丢失数据
d:\00-钢轨探伤\datasolveny\datasolveylib\judge.cpp(1608): warning C4244: “参数”: 从“const uint16_t”转换到“uint8_t”，可能丢失数据
d:\00-钢轨探伤\datasolveny\datasolveylib\judge.cpp(1609): warning C4244: “参数”: 从“const uint16_t”转换到“uint8_t”，可能丢失数据
d:\00-钢轨探伤\datasolveny\datasolveylib\judge.cpp(1614): warning C4244: “参数”: 从“const uint16_t”转换到“uint8_t”，可能丢失数据
d:\00-钢轨探伤\datasolveny\datasolveylib\judge.cpp(1615): warning C4244: “参数”: 从“const uint16_t”转换到“uint8_t”，可能丢失数据
d:\00-钢轨探伤\datasolveny\datasolveylib\judge.cpp(1634): warning C4244: “初始化”: 从“double”转换到“int”，可能丢失数据
d:\00-钢轨探伤\datasolveny\datasolveylib\judge.cpp(1635): warning C4244: “初始化”: 从“double”转换到“int”，可能丢失数据
d:\00-钢轨探伤\datasolveny\datasolveylib\judge.cpp(1636): warning C4244: “参数”: 从“const uint16_t”转换到“uint8_t”，可能丢失数据
d:\00-钢轨探伤\datasolveny\datasolveylib\judge.cpp(1637): warning C4244: “参数”: 从“const uint16_t”转换到“uint8_t”，可能丢失数据
d:\00-钢轨探伤\datasolveny\datasolveylib\judge.cpp(1642): warning C4244: “参数”: 从“const uint16_t”转换到“uint8_t”，可能丢失数据
d:\00-钢轨探伤\datasolveny\datasolveylib\judge.cpp(1643): warning C4244: “参数”: 从“const uint16_t”转换到“uint8_t”，可能丢失数据
d:\00-钢轨探伤\datasolveny\datasolveylib\judge.cpp(1665): warning C4018: “>=”: 有符号/无符号不匹配
d:\00-钢轨探伤\datasolveny\datasolveylib\judge.cpp(1701): warning C4018: “<”: 有符号/无符号不匹配
d:\00-钢轨探伤\datasolveny\datasolveylib\judge.cpp(1717): warning C4018: “<”: 有符号/无符号不匹配
d:\00-钢轨探伤\datasolveny\datasolveylib\judge.cpp(1750): warning C4018: “<”: 有符号/无符号不匹配
d:\00-钢轨探伤\datasolveny\datasolveylib\judge.cpp(1754): warning C4018: “<”: 有符号/无符号不匹配
d:\00-钢轨探伤\datasolveny\datasolveylib\judge.cpp(1793): warning C4018: “<”: 有符号/无符号不匹配
d:\00-钢轨探伤\datasolveny\datasolveylib\judge.cpp(1809): warning C4018: “<”: 有符号/无符号不匹配
d:\00-钢轨探伤\datasolveny\datasolveylib\judge.cpp(1845): warning C4018: “<”: 有符号/无符号不匹配
d:\00-钢轨探伤\datasolveny\datasolveylib\judge.cpp(1857): warning C4018: “<”: 有符号/无符号不匹配
d:\00-钢轨探伤\datasolveny\datasolveylib\judge.cpp(1877): warning C4018: “<”: 有符号/无符号不匹配
d:\00-钢轨探伤\datasolveny\datasolveylib\judge.cpp(1912): warning C4018: “<”: 有符号/无符号不匹配
d:\00-钢轨探伤\datasolveny\datasolveylib\judge.cpp(1915): warning C4018: “<”: 有符号/无符号不匹配
d:\00-钢轨探伤\datasolveny\datasolveylib\judge.cpp(1995): warning C4018: “<”: 有符号/无符号不匹配
d:\00-钢轨探伤\datasolveny\datasolveylib\judge.cpp(2019): warning C4244: “=”: 从“double”转换到“uint16_t”，可能丢失数据
d:\00-钢轨探伤\datasolveny\datasolveylib\judge.cpp(2020): warning C4244: “=”: 从“float”转换到“uint16_t”，可能丢失数据
d:\00-钢轨探伤\datasolveny\datasolveylib\judge.cpp(2037): warning C4244: “=”: 从“double”转换到“uint16_t”，可能丢失数据
d:\00-钢轨探伤\datasolveny\datasolveylib\judge.cpp(2038): warning C4244: “=”: 从“float”转换到“uint16_t”，可能丢失数据
d:\00-钢轨探伤\datasolveny\datasolveylib\judge.cpp(2050): warning C4244: “=”: 从“double”转换到“uint16_t”，可能丢失数据
d:\00-钢轨探伤\datasolveny\datasolveylib\judge.cpp(2051): warning C4244: “=”: 从“double”转换到“uint16_t”，可能丢失数据
d:\00-钢轨探伤\datasolveny\datasolveylib\judge.cpp(2063): warning C4244: “=”: 从“double”转换到“uint16_t”，可能丢失数据
d:\00-钢轨探伤\datasolveny\datasolveylib\judge.cpp(2064): warning C4244: “=”: 从“float”转换到“uint16_t”，可能丢失数据
d:\00-钢轨探伤\datasolveny\datasolveylib\judge.cpp(2088): warning C4244: “=”: 从“double”转换到“uint16_t”，可能丢失数据
d:\00-钢轨探伤\datasolveny\datasolveylib\judge.cpp(2089): warning C4244: “=”: 从“float”转换到“uint16_t”，可能丢失数据
d:\00-钢轨探伤\datasolveny\datasolveylib\judge.cpp(2106): warning C4244: “=”: 从“double”转换到“uint16_t”，可能丢失数据
d:\00-钢轨探伤\datasolveny\datasolveylib\judge.cpp(2107): warning C4244: “=”: 从“float”转换到“uint16_t”，可能丢失数据
d:\00-钢轨探伤\datasolveny\datasolveylib\judge.cpp(2128): warning C4244: “=”: 从“double”转换到“uint16_t”，可能丢失数据
d:\00-钢轨探伤\datasolveny\datasolveylib\judge.cpp(2129): warning C4244: “=”: 从“float”转换到“uint16_t”，可能丢失数据
d:\00-钢轨探伤\datasolveny\datasolveylib\judge.cpp(2171): warning C4244: “初始化”: 从“double”转换到“int”，可能丢失数据
d:\00-钢轨探伤\datasolveny\datasolveylib\judge.cpp(2172): warning C4244: “初始化”: 从“double”转换到“int”，可能丢失数据
d:\00-钢轨探伤\datasolveny\datasolveylib\judge.cpp(2173): warning C4244: “参数”: 从“const uint16_t”转换到“uint8_t”，可能丢失数据
d:\00-钢轨探伤\datasolveny\datasolveylib\judge.cpp(2174): warning C4244: “参数”: 从“const uint16_t”转换到“uint8_t”，可能丢失数据
d:\00-钢轨探伤\datasolveny\datasolveylib\judge.cpp(2179): warning C4244: “参数”: 从“const uint16_t”转换到“uint8_t”，可能丢失数据
d:\00-钢轨探伤\datasolveny\datasolveylib\judge.cpp(2180): warning C4244: “参数”: 从“const uint16_t”转换到“uint8_t”，可能丢失数据
d:\00-钢轨探伤\datasolveny\datasolveylib\judge.cpp(2199): warning C4244: “初始化”: 从“double”转换到“int”，可能丢失数据
d:\00-钢轨探伤\datasolveny\datasolveylib\judge.cpp(2200): warning C4244: “初始化”: 从“double”转换到“int”，可能丢失数据
d:\00-钢轨探伤\datasolveny\datasolveylib\judge.cpp(2201): warning C4244: “参数”: 从“const uint16_t”转换到“uint8_t”，可能丢失数据
d:\00-钢轨探伤\datasolveny\datasolveylib\judge.cpp(2202): warning C4244: “参数”: 从“const uint16_t”转换到“uint8_t”，可能丢失数据
d:\00-钢轨探伤\datasolveny\datasolveylib\judge.cpp(2207): warning C4244: “参数”: 从“const uint16_t”转换到“uint8_t”，可能丢失数据
d:\00-钢轨探伤\datasolveny\datasolveylib\judge.cpp(2208): warning C4244: “参数”: 从“const uint16_t”转换到“uint8_t”，可能丢失数据
d:\00-钢轨探伤\datasolveny\datasolveylib\judge.cpp(2287): warning C4018: “<”: 有符号/无符号不匹配
d:\00-钢轨探伤\datasolveny\datasolveylib\judge.cpp(2291): warning C4018: “<”: 有符号/无符号不匹配
d:\00-钢轨探伤\datasolveny\datasolveylib\judge.cpp(2347): warning C4018: “<”: 有符号/无符号不匹配
d:\00-钢轨探伤\datasolveny\datasolveylib\judge.cpp(2359): warning C4018: “<”: 有符号/无符号不匹配
d:\00-钢轨探伤\datasolveny\datasolveylib\judge.cpp(2379): warning C4018: “<”: 有符号/无符号不匹配
d:\00-钢轨探伤\datasolveny\datasolveylib\judge.cpp(2396): warning C4018: “<”: 有符号/无符号不匹配
d:\00-钢轨探伤\datasolveny\datasolveylib\judge.cpp(2457): warning C4018: “<”: 有符号/无符号不匹配
d:\00-钢轨探伤\datasolveny\datasolveylib\judge.cpp(2483): warning C4244: “初始化”: 从“int16_t”转换到“uint8_t”，可能丢失数据
d:\00-钢轨探伤\datasolveny\datasolveylib\judge.cpp(2484): warning C4018: “<”: 有符号/无符号不匹配
d:\00-钢轨探伤\datasolveny\datasolveylib\judge.cpp(2492): warning C4244: “初始化”: 从“double”转换到“int”，可能丢失数据
d:\00-钢轨探伤\datasolveny\datasolveylib\judge.cpp(2493): warning C4244: “初始化”: 从“double”转换到“int”，可能丢失数据
d:\00-钢轨探伤\datasolveny\datasolveylib\judge.cpp(2498): warning C4018: “<”: 有符号/无符号不匹配
d:\00-钢轨探伤\datasolveny\datasolveylib\judge.cpp(2501): warning C4018: “<”: 有符号/无符号不匹配
d:\00-钢轨探伤\datasolveny\datasolveylib\judge.cpp(2503): warning C4018: “<”: 有符号/无符号不匹配
d:\00-钢轨探伤\datasolveny\datasolveylib\judge.cpp(2513): warning C4018: “>=”: 有符号/无符号不匹配
d:\00-钢轨探伤\datasolveny\datasolveylib\judge.cpp(2523): warning C4244: “参数”: 从“const uint16_t”转换到“uint8_t”，可能丢失数据
d:\00-钢轨探伤\datasolveny\datasolveylib\judge.cpp(2524): warning C4244: “参数”: 从“const uint16_t”转换到“uint8_t”，可能丢失数据
d:\00-钢轨探伤\datasolveny\datasolveylib\judge.cpp(2528): warning C4244: “参数”: 从“const uint16_t”转换到“uint8_t”，可能丢失数据
d:\00-钢轨探伤\datasolveny\datasolveylib\judge.cpp(2529): warning C4244: “参数”: 从“const uint16_t”转换到“uint8_t”，可能丢失数据
d:\00-钢轨探伤\datasolveny\datasolveylib\judge.cpp(2542): warning C4244: “=”: 从“int16_t”转换到“uint8_t”，可能丢失数据
d:\00-钢轨探伤\datasolveny\datasolveylib\judge.cpp(2543): warning C4018: “<”: 有符号/无符号不匹配
d:\00-钢轨探伤\datasolveny\datasolveylib\judge.cpp(2551): warning C4244: “初始化”: 从“double”转换到“int”，可能丢失数据
d:\00-钢轨探伤\datasolveny\datasolveylib\judge.cpp(2552): warning C4244: “初始化”: 从“double”转换到“int”，可能丢失数据
d:\00-钢轨探伤\datasolveny\datasolveylib\judge.cpp(2557): warning C4018: “>=”: 有符号/无符号不匹配
d:\00-钢轨探伤\datasolveny\datasolveylib\judge.cpp(2573): warning C4018: “>=”: 有符号/无符号不匹配
d:\00-钢轨探伤\datasolveny\datasolveylib\judge.cpp(2582): warning C4244: “参数”: 从“const uint16_t”转换到“uint8_t”，可能丢失数据
d:\00-钢轨探伤\datasolveny\datasolveylib\judge.cpp(2583): warning C4244: “参数”: 从“const uint16_t”转换到“uint8_t”，可能丢失数据
d:\00-钢轨探伤\datasolveny\datasolveylib\judge.cpp(2586): warning C4244: “参数”: 从“const uint16_t”转换到“uint8_t”，可能丢失数据
d:\00-钢轨探伤\datasolveny\datasolveylib\judge.cpp(2587): warning C4244: “参数”: 从“const uint16_t”转换到“uint8_t”，可能丢失数据
d:\00-钢轨探伤\datasolveny\datasolveylib\judge.cpp(2603): warning C4018: “<”: 有符号/无符号不匹配
d:\00-钢轨探伤\datasolveny\datasolveylib\judge.cpp(2637): warning C4018: “<”: 有符号/无符号不匹配
d:\00-钢轨探伤\datasolveny\datasolveylib\judge.cpp(2712): warning C4018: “<”: 有符号/无符号不匹配
d:\00-钢轨探伤\datasolveny\datasolveylib\judge.cpp(2767): warning C4018: “<”: 有符号/无符号不匹配
d:\00-钢轨探伤\datasolveny\datasolveylib\judge.cpp(2818): warning C4018: “<”: 有符号/无符号不匹配
d:\00-钢轨探伤\datasolveny\datasolveylib\judge.cpp(2825): warning C4018: “<”: 有符号/无符号不匹配
d:\00-钢轨探伤\datasolveny\datasolveylib\judge.cpp(2839): warning C4018: “<”: 有符号/无符号不匹配
d:\00-钢轨探伤\datasolveny\datasolveylib\judge.cpp(2860): warning C4018: “<”: 有符号/无符号不匹配
d:\00-钢轨探伤\datasolveny\datasolveylib\judge.cpp(2889): warning C4244: “初始化”: 从“double”转换到“int”，可能丢失数据
d:\00-钢轨探伤\datasolveny\datasolveylib\judge.cpp(2891): warning C4244: “参数”: 从“const uint16_t”转换到“uint8_t”，可能丢失数据
d:\00-钢轨探伤\datasolveny\datasolveylib\judge.cpp(2897): warning C4018: “<”: 有符号/无符号不匹配
d:\00-钢轨探伤\datasolveny\datasolveylib\judge.cpp(2948): warning C4018: “<”: 有符号/无符号不匹配
d:\00-钢轨探伤\datasolveny\datasolveylib\judge.cpp(2974): warning C4244: “=”: 从“double”转换到“uint16_t”，可能丢失数据
d:\00-钢轨探伤\datasolveny\datasolveylib\judge.cpp(2991): warning C4244: “参数”: 从“const uint16_t”转换到“uint8_t”，可能丢失数据
d:\00-钢轨探伤\datasolveny\datasolveylib\judge.cpp(2997): warning C4018: “<”: 有符号/无符号不匹配
d:\00-钢轨探伤\datasolveny\datasolveylib\judge.cpp(3047): warning C4018: “<”: 有符号/无符号不匹配
d:\00-钢轨探伤\datasolveny\datasolveylib\judge.cpp(3071): warning C4244: “=”: 从“double”转换到“uint16_t”，可能丢失数据
d:\00-钢轨探伤\datasolveny\datasolveylib\judge.cpp(3092): warning C4018: “<”: 有符号/无符号不匹配
d:\00-钢轨探伤\datasolveny\datasolveylib\judge.cpp(3098): warning C4018: “<”: 有符号/无符号不匹配
d:\00-钢轨探伤\datasolveny\datasolveylib\judge.cpp(3113): warning C4018: “<”: 有符号/无符号不匹配
d:\00-钢轨探伤\datasolveny\datasolveylib\judge.cpp(3122): warning C4018: “<”: 有符号/无符号不匹配
d:\00-钢轨探伤\datasolveny\datasolveylib\judge.cpp(3158): warning C4244: “=”: 从“int16_t”转换到“uint8_t”，可能丢失数据
d:\00-钢轨探伤\datasolveny\datasolveylib\judge.cpp(3175): warning C4244: “=”: 从“float”转换到“uint16_t”，可能丢失数据
d:\00-钢轨探伤\datasolveny\datasolveylib\judge.cpp(3213): warning C4018: “<”: 有符号/无符号不匹配
d:\00-钢轨探伤\datasolveny\datasolveylib\judge.cpp(3222): warning C4018: “<”: 有符号/无符号不匹配
d:\00-钢轨探伤\datasolveny\datasolveylib\judge.cpp(3289): warning C4018: “<”: 有符号/无符号不匹配
d:\00-钢轨探伤\datasolveny\datasolveylib\judge.cpp(3307): warning C4244: “=”: 从“float”转换到“uint16_t”，可能丢失数据
d:\00-钢轨探伤\datasolveny\datasolveylib\judge.cpp(3323): warning C4244: “=”: 从“float”转换到“uint16_t”，可能丢失数据
d:\00-钢轨探伤\datasolveny\datasolveylib\judge.cpp(3339): warning C4244: “=”: 从“float”转换到“uint16_t”，可能丢失数据
d:\00-钢轨探伤\datasolveny\datasolveylib\judge.cpp(3356): warning C4018: “<”: 有符号/无符号不匹配
d:\00-钢轨探伤\datasolveny\datasolveylib\judge.cpp(3389): warning C4244: “=”: 从“float”转换到“uint16_t”，可能丢失数据
d:\00-钢轨探伤\datasolveny\datasolveylib\judge.cpp(3400): warning C4244: “=”: 从“int16_t”转换到“uint8_t”，可能丢失数据
d:\00-钢轨探伤\datasolveny\datasolveylib\judge.cpp(3411): warning C4018: “<”: 有符号/无符号不匹配
d:\00-钢轨探伤\datasolveny\datasolveylib\judge.cpp(3424): warning C4018: “<”: 有符号/无符号不匹配
d:\00-钢轨探伤\datasolveny\datasolveylib\judge.cpp(3478): warning C4018: “<”: 有符号/无符号不匹配
d:\00-钢轨探伤\datasolveny\datasolveylib\judge.cpp(3487): warning C4018: “<”: 有符号/无符号不匹配
d:\00-钢轨探伤\datasolveny\datasolveylib\judge.cpp(3555): warning C4018: “<”: 有符号/无符号不匹配
d:\00-钢轨探伤\datasolveny\datasolveylib\judge.cpp(3616): warning C4244: “参数”: 从“int16_t”转换到“uint8_t”，可能丢失数据
d:\00-钢轨探伤\datasolveny\datasolveylib\judge.cpp(3645): warning C4018: “<”: 有符号/无符号不匹配
d:\00-钢轨探伤\datasolveny\datasolveylib\judge.cpp(3666): warning C4244: “=”: 从“double”转换到“uint16_t”，可能丢失数据
d:\00-钢轨探伤\datasolveny\datasolveylib\judge.cpp(3667): warning C4244: “=”: 从“double”转换到“uint16_t”，可能丢失数据
d:\00-钢轨探伤\datasolveny\datasolveylib\judge.cpp(3741): warning C4018: “<”: 有符号/无符号不匹配
d:\00-钢轨探伤\datasolveny\datasolveylib\judge.cpp(3754): warning C4018: “<”: 有符号/无符号不匹配
d:\00-钢轨探伤\datasolveny\datasolveylib\judge.cpp(3782): warning C4244: “=”: 从“double”转换到“uint16_t”，可能丢失数据
d:\00-钢轨探伤\datasolveny\datasolveylib\judge.cpp(3783): warning C4244: “=”: 从“double”转换到“uint16_t”，可能丢失数据
d:\00-钢轨探伤\datasolveny\datasolveylib\judge.cpp(3804): warning C4018: “<”: 有符号/无符号不匹配
d:\00-钢轨探伤\datasolveny\datasolveylib\judge.cpp(3822): warning C4244: “=”: 从“double”转换到“uint16_t”，可能丢失数据
d:\00-钢轨探伤\datasolveny\datasolveylib\judge.cpp(3878): warning C4244: “=”: 从“double”转换到“uint16_t”，可能丢失数据
d:\00-钢轨探伤\datasolveny\datasolveylib\judge.cpp(3918): warning C4244: “=”: 从“double”转换到“uint16_t”，可能丢失数据
d:\00-钢轨探伤\datasolveny\datasolveylib\judge.cpp(3963): warning C4244: “=”: 从“double”转换到“uint16_t”，可能丢失数据
d:\00-钢轨探伤\datasolveny\datasolveylib\judge.cpp(4055): warning C4018: “<”: 有符号/无符号不匹配
d:\00-钢轨探伤\datasolveny\datasolveylib\judge.cpp(4067): warning C4018: “<”: 有符号/无符号不匹配
d:\00-钢轨探伤\datasolveny\datasolveylib\judge.cpp(4076): warning C4018: “<”: 有符号/无符号不匹配
d:\00-钢轨探伤\datasolveny\datasolveylib\judge.cpp(4085): warning C4018: “<”: 有符号/无符号不匹配
d:\00-钢轨探伤\datasolveny\datasolveylib\judge.cpp(4135): warning C4244: “=”: 从“double”转换到“uint16_t”，可能丢失数据
d:\00-钢轨探伤\datasolveny\datasolveylib\judge.cpp(4257): warning C4018: “<”: 有符号/无符号不匹配
d:\00-钢轨探伤\datasolveny\datasolveylib\judge.cpp(4315): warning C4018: “<”: 有符号/无符号不匹配
d:\00-钢轨探伤\datasolveny\datasolveylib\judge.cpp(4534): warning C4018: “<”: 有符号/无符号不匹配
d:\00-钢轨探伤\datasolveny\datasolveylib\judge.cpp(4565): warning C4553: “==”: 未使用表达式结果；是否打算使用“=”?
d:\00-钢轨探伤\datasolveny\datasolveylib\judge.cpp(4645): warning C4018: “<”: 有符号/无符号不匹配
d:\00-钢轨探伤\datasolveny\datasolveylib\judge.cpp(4676): warning C4018: “<”: 有符号/无符号不匹配
d:\00-钢轨探伤\datasolveny\datasolveylib\judge.cpp(4687): warning C4018: “<”: 有符号/无符号不匹配
d:\00-钢轨探伤\datasolveny\datasolveylib\judge.cpp(4703): warning C4018: “<”: 有符号/无符号不匹配
d:\00-钢轨探伤\datasolveny\datasolveylib\judge.cpp(4714): warning C4018: “<”: 有符号/无符号不匹配
d:\00-钢轨探伤\datasolveny\datasolveylib\judge.cpp(4744): warning C4018: “<”: 有符号/无符号不匹配
d:\00-钢轨探伤\datasolveny\datasolveylib\judge.cpp(4756): warning C4018: “<”: 有符号/无符号不匹配
d:\00-钢轨探伤\datasolveny\datasolveylib\judge.cpp(4824): warning C4018: “<”: 有符号/无符号不匹配
d:\00-钢轨探伤\datasolveny\datasolveylib\judge.cpp(4852): warning C4018: “<”: 有符号/无符号不匹配
d:\00-钢轨探伤\datasolveny\datasolveylib\judge.cpp(4913): warning C4244: “=”: 从“double”转换到“uint16_t”，可能丢失数据
d:\00-钢轨探伤\datasolveny\datasolveylib\judge.cpp(4950): warning C4244: “=”: 从“double”转换到“uint16_t”，可能丢失数据
d:\00-钢轨探伤\datasolveny\datasolveylib\judge.cpp(5022): warning C4018: “<”: 有符号/无符号不匹配
d:\00-钢轨探伤\datasolveny\datasolveylib\judge.cpp(5039): warning C4244: “=”: 从“double”转换到“uint16_t”，可能丢失数据
d:\00-钢轨探伤\datasolveny\datasolveylib\judge.cpp(5061): warning C4244: “=”: 从“double”转换到“uint16_t”，可能丢失数据
d:\00-钢轨探伤\datasolveny\datasolveylib\judge.cpp(5099): warning C4018: “<”: 有符号/无符号不匹配
d:\00-钢轨探伤\datasolveny\datasolveylib\judge.cpp(5165): warning C4244: “=”: 从“double”转换到“uint16_t”，可能丢失数据
d:\00-钢轨探伤\datasolveny\datasolveylib\judge.cpp(5307): warning C4018: “<”: 有符号/无符号不匹配
d:\00-钢轨探伤\datasolveny\datasolveylib\judge.cpp(5311): warning C4018: “<”: 有符号/无符号不匹配
d:\00-钢轨探伤\datasolveny\datasolveylib\judge.cpp(5315): warning C4018: “<”: 有符号/无符号不匹配
d:\00-钢轨探伤\datasolveny\datasolveylib\judge.cpp(5366): warning C4018: “<”: 有符号/无符号不匹配
d:\00-钢轨探伤\datasolveny\datasolveylib\judge.cpp(5407): warning C4244: “=”: 从“double”转换到“uint16_t”，可能丢失数据
d:\00-钢轨探伤\datasolveny\datasolveylib\judge.cpp(5514): warning C4244: “参数”: 从“int16_t”转换到“uint8_t”，可能丢失数据
d:\00-钢轨探伤\datasolveny\datasolveylib\judge.cpp(5515): warning C4244: “参数”: 从“int16_t”转换到“uint8_t”，可能丢失数据
d:\00-钢轨探伤\datasolveny\datasolveylib\judge.cpp(5572): warning C4244: “=”: 从“double”转换到“uint16_t”，可能丢失数据
d:\00-钢轨探伤\datasolveny\datasolveylib\judge.cpp(5598): warning C4018: “<”: 有符号/无符号不匹配
d:\00-钢轨探伤\datasolveny\datasolveylib\judge.cpp(5601): warning C4018: “<”: 有符号/无符号不匹配
d:\00-钢轨探伤\datasolveny\datasolveylib\judge.cpp(5612): warning C4018: “>=”: 有符号/无符号不匹配
d:\00-钢轨探伤\datasolveny\datasolveylib\judge.cpp(5612): warning C4018: “<=”: 有符号/无符号不匹配
d:\00-钢轨探伤\datasolveny\datasolveylib\judge.cpp(5618): warning C4018: “<”: 有符号/无符号不匹配
d:\00-钢轨探伤\datasolveny\datasolveylib\judge.cpp(5621): warning C4018: “<”: 有符号/无符号不匹配
d:\00-钢轨探伤\datasolveny\datasolveylib\judge.cpp(5632): warning C4018: “>=”: 有符号/无符号不匹配
d:\00-钢轨探伤\datasolveny\datasolveylib\judge.cpp(5632): warning C4018: “<=”: 有符号/无符号不匹配
d:\00-钢轨探伤\datasolveny\datasolveylib\judge.cpp(5674): warning C4018: “<”: 有符号/无符号不匹配
d:\00-钢轨探伤\datasolveny\datasolveylib\judge.cpp(5824): warning C4018: “<”: 有符号/无符号不匹配
d:\00-钢轨探伤\datasolveny\datasolveylib\judge.cpp(5854): warning C4018: “<”: 有符号/无符号不匹配
d:\00-钢轨探伤\datasolveny\datasolveylib\judge.cpp(5866): warning C4018: “>=”: 有符号/无符号不匹配
d:\00-钢轨探伤\datasolveny\datasolveylib\judge.cpp(5866): warning C4018: “<=”: 有符号/无符号不匹配
d:\00-钢轨探伤\datasolveny\datasolveylib\judge.cpp(5870): warning C4018: “>=”: 有符号/无符号不匹配
d:\00-钢轨探伤\datasolveny\datasolveylib\judge.cpp(5880): warning C4018: “<”: 有符号/无符号不匹配
d:\00-钢轨探伤\datasolveny\datasolveylib\judge.cpp(5931): warning C4018: “<”: 有符号/无符号不匹配
d:\00-钢轨探伤\datasolveny\datasolveylib\judge.cpp(5966): warning C4018: “<”: 有符号/无符号不匹配
d:\00-钢轨探伤\datasolveny\datasolveylib\judge.cpp(5990): warning C4018: “<”: 有符号/无符号不匹配
d:\00-钢轨探伤\datasolveny\datasolveylib\judge.cpp(5992): warning C4018: “>”: 有符号/无符号不匹配
d:\00-钢轨探伤\datasolveny\datasolveylib\judge.cpp(6065): warning C4018: “<”: 有符号/无符号不匹配
d:\00-钢轨探伤\datasolveny\datasolveylib\judge.cpp(6095): warning C4018: “<”: 有符号/无符号不匹配
d:\00-钢轨探伤\datasolveny\datasolveylib\judge.cpp(6158): warning C4018: “<”: 有符号/无符号不匹配
d:\00-钢轨探伤\datasolveny\datasolveylib\judge.cpp(6162): warning C4018: “<”: 有符号/无符号不匹配
d:\00-钢轨探伤\datasolveny\datasolveylib\judge.cpp(6200): warning C4018: “<”: 有符号/无符号不匹配
d:\00-钢轨探伤\datasolveny\datasolveylib\judge.cpp(6206): warning C4018: “<”: 有符号/无符号不匹配
d:\00-钢轨探伤\datasolveny\datasolveylib\judge.cpp(6253): warning C4018: “<”: 有符号/无符号不匹配
d:\00-钢轨探伤\datasolveny\datasolveylib\judge.cpp(6289): warning C4018: “<”: 有符号/无符号不匹配
d:\00-钢轨探伤\datasolveny\datasolveylib\judge.cpp(6291): warning C4018: “<”: 有符号/无符号不匹配
d:\00-钢轨探伤\datasolveny\datasolveylib\judge.cpp(6339): warning C4018: “<”: 有符号/无符号不匹配
d:\00-钢轨探伤\datasolveny\datasolveylib\judge.cpp(6369): warning C4018: “<”: 有符号/无符号不匹配
d:\00-钢轨探伤\datasolveny\datasolveylib\judge.cpp(6399): warning C4018: “<”: 有符号/无符号不匹配
d:\00-钢轨探伤\datasolveny\datasolveylib\judge.cpp(6537): warning C4018: “<”: 有符号/无符号不匹配
d:\00-钢轨探伤\datasolveny\datasolveylib\judge.cpp(6539): warning C4018: “<”: 有符号/无符号不匹配
d:\00-钢轨探伤\datasolveny\datasolveylib\judge.cpp(6549): warning C4018: “<”: 有符号/无符号不匹配
d:\00-钢轨探伤\datasolveny\datasolveylib\judge.cpp(6554): warning C4018: “<”: 有符号/无符号不匹配
d:\00-钢轨探伤\datasolveny\datasolveylib\judge.cpp(6559): warning C4018: “<”: 有符号/无符号不匹配
d:\00-钢轨探伤\datasolveny\datasolveylib\judge.cpp(6565): warning C4018: “<”: 有符号/无符号不匹配
d:\00-钢轨探伤\datasolveny\datasolveylib\judge.cpp(6574): warning C4018: “<”: 有符号/无符号不匹配
d:\00-钢轨探伤\datasolveny\datasolveylib\judge.cpp(6650): warning C4018: “<”: 有符号/无符号不匹配
d:\00-钢轨探伤\datasolveny\datasolveylib\judge.cpp(6659): warning C4018: “<”: 有符号/无符号不匹配
d:\00-钢轨探伤\datasolveny\datasolveylib\judge.cpp(6661): warning C4267: “+=”: 从“size_t”转换到“uint16_t”，可能丢失数据
d:\00-钢轨探伤\datasolveny\datasolveylib\judge.cpp(6732): warning C4305: “初始化”: 从“double”到“float”截断
d:\00-钢轨探伤\datasolveny\datasolveylib\judge.cpp(6738): warning C4244: “=”: 从“double”转换到“float”，可能丢失数据
d:\00-钢轨探伤\datasolveny\datasolveylib\judge.cpp(6749): warning C4018: “<”: 有符号/无符号不匹配
d:\00-钢轨探伤\datasolveny\datasolveylib\judge.cpp(6809): warning C4018: “<”: 有符号/无符号不匹配
d:\00-钢轨探伤\datasolveny\datasolveylib\judge.cpp(6884): warning C4018: “<”: 有符号/无符号不匹配
d:\00-钢轨探伤\datasolveny\datasolveylib\judge.cpp(7258): warning C4018: “<”: 有符号/无符号不匹配
d:\00-钢轨探伤\datasolveny\datasolveylib\judge.cpp(7362): warning C4018: “<”: 有符号/无符号不匹配
d:\00-钢轨探伤\datasolveny\datasolveylib\judge.cpp(7387): warning C4018: “<”: 有符号/无符号不匹配
d:\00-钢轨探伤\datasolveny\datasolveylib\judge.cpp(7409): warning C4018: “<”: 有符号/无符号不匹配
d:\00-钢轨探伤\datasolveny\datasolveylib\judge.cpp(7527): warning C4018: “<”: 有符号/无符号不匹配
d:\00-钢轨探伤\datasolveny\datasolveylib\judge.cpp(7572): warning C4018: “<”: 有符号/无符号不匹配
d:\00-钢轨探伤\datasolveny\datasolveylib\judge.cpp(7578): warning C4018: “<”: 有符号/无符号不匹配
d:\00-钢轨探伤\datasolveny\datasolveylib\judge.cpp(7612): warning C4018: “<”: 有符号/无符号不匹配
d:\00-钢轨探伤\datasolveny\datasolveylib\judge.cpp(7626): warning C4244: “参数”: 从“double”转换到“uint8_t”，可能丢失数据
d:\00-钢轨探伤\datasolveny\datasolveylib\judge.cpp(7627): warning C4244: “参数”: 从“double”转换到“uint8_t”，可能丢失数据
d:\00-钢轨探伤\datasolveny\datasolveylib\judge.cpp(7628): warning C4244: “参数”: 从“double”转换到“uint8_t”，可能丢失数据
d:\00-钢轨探伤\datasolveny\datasolveylib\judge.cpp(7629): warning C4244: “参数”: 从“double”转换到“uint8_t”，可能丢失数据
d:\00-钢轨探伤\datasolveny\datasolveylib\judge.cpp(7695): warning C4018: “<”: 有符号/无符号不匹配
d:\00-钢轨探伤\datasolveny\datasolveylib\judge.cpp(7700): warning C4018: “<”: 有符号/无符号不匹配
d:\00-钢轨探伤\datasolveny\datasolveylib\judge.cpp(7748): warning C4018: “<”: 有符号/无符号不匹配
d:\00-钢轨探伤\datasolveny\datasolveylib\judge.cpp(7750): warning C4018: “<”: 有符号/无符号不匹配
d:\00-钢轨探伤\datasolveny\datasolveylib\judge.cpp(7756): warning C4018: “<”: 有符号/无符号不匹配
d:\00-钢轨探伤\datasolveny\datasolveylib\judge.cpp(7787): warning C4018: “<”: 有符号/无符号不匹配
d:\00-钢轨探伤\datasolveny\datasolveylib\judge.cpp(7795): warning C4018: “<”: 有符号/无符号不匹配
d:\00-钢轨探伤\datasolveny\datasolveylib\judge.cpp(7800): warning C4018: “<”: 有符号/无符号不匹配
d:\00-钢轨探伤\datasolveny\datasolveylib\judge.cpp(7860): warning C4018: “<”: 有符号/无符号不匹配
d:\00-钢轨探伤\datasolveny\datasolveylib\judge.cpp(7872): warning C4018: “<”: 有符号/无符号不匹配
d:\00-钢轨探伤\datasolveny\datasolveylib\judge.cpp(7900): warning C4018: “<”: 有符号/无符号不匹配
d:\00-钢轨探伤\datasolveny\datasolveylib\judge.cpp(7914): warning C4018: “<”: 有符号/无符号不匹配
d:\00-钢轨探伤\datasolveny\datasolveylib\judge.cpp(7921): warning C4018: “<”: 有符号/无符号不匹配
d:\00-钢轨探伤\datasolveny\datasolveylib\judge.cpp(7982): warning C4018: “<”: 有符号/无符号不匹配
d:\00-钢轨探伤\datasolveny\datasolveylib\judge.cpp(6726): warning C4101: “pm”: 未引用的局部变量
d:\00-钢轨探伤\datasolveny\datasolveylib\judge.cpp(6777): warning C4101: “bi”: 未引用的局部变量
d:\00-钢轨探伤\datasolveny\datasolveylib\judge.cpp(8050): warning C4018: “<”: 有符号/无符号不匹配
d:\00-钢轨探伤\datasolveny\datasolveylib\judge.cpp(8073): warning C4018: “<”: 有符号/无符号不匹配
d:\00-钢轨探伤\datasolveny\datasolveylib\judge.cpp(8111): warning C4018: “<”: 有符号/无符号不匹配
d:\00-钢轨探伤\datasolveny\datasolveylib\judge.cpp(8128): warning C4018: “<”: 有符号/无符号不匹配
d:\00-钢轨探伤\datasolveny\datasolveylib\judge.cpp(8147): warning C4018: “<”: 有符号/无符号不匹配
d:\00-钢轨探伤\datasolveny\datasolveylib\judge.cpp(8155): warning C4018: “<”: 有符号/无符号不匹配
d:\00-钢轨探伤\datasolveny\datasolveylib\judge.cpp(8163): warning C4018: “<”: 有符号/无符号不匹配
d:\00-钢轨探伤\datasolveny\datasolveylib\judge.cpp(8221): warning C4018: “<”: 有符号/无符号不匹配
d:\00-钢轨探伤\datasolveny\datasolveylib\judge.cpp(8426): warning C4018: “<”: 有符号/无符号不匹配
d:\00-钢轨探伤\datasolveny\datasolveylib\judge.cpp(8480): warning C4018: “<”: 有符号/无符号不匹配
d:\00-钢轨探伤\datasolveny\datasolveylib\judge.cpp(8539): warning C4018: “<”: 有符号/无符号不匹配
d:\00-钢轨探伤\datasolveny\datasolveylib\judge.cpp(8593): warning C4018: “<”: 有符号/无符号不匹配
d:\00-钢轨探伤\datasolveny\datasolveylib\judge.cpp(8609): warning C4018: “<”: 有符号/无符号不匹配
d:\00-钢轨探伤\datasolveny\datasolveylib\judge.cpp(8629): warning C4018: “<”: 有符号/无符号不匹配
d:\00-钢轨探伤\datasolveny\datasolveylib\judge.cpp(8654): warning C4018: “<”: 有符号/无符号不匹配
d:\00-钢轨探伤\datasolveny\datasolveylib\judge.cpp(8670): warning C4101: “e”: 未引用的局部变量
d:\00-钢轨探伤\datasolveny\datasolveylib\judge.cpp(8687): warning C4018: “<”: 有符号/无符号不匹配
d:\00-钢轨探伤\datasolveny\datasolveylib\judge.cpp(8689): warning C4018: “>”: 有符号/无符号不匹配
d:\00-钢轨探伤\datasolveny\datasolveylib\judge.cpp(8693): warning C4018: “<”: 有符号/无符号不匹配
d:\00-钢轨探伤\datasolveny\datasolveylib\judge.cpp(8709): warning C4018: “<”: 有符号/无符号不匹配
d:\00-钢轨探伤\datasolveny\datasolveylib\judge.cpp(8731): warning C4018: “<”: 有符号/无符号不匹配
d:\00-钢轨探伤\datasolveny\datasolveylib\judge.cpp(8747): warning C4018: “<”: 有符号/无符号不匹配
d:\00-钢轨探伤\datasolveny\datasolveylib\judge.cpp(8753): warning C4018: “<”: 有符号/无符号不匹配
d:\00-钢轨探伤\datasolveny\datasolveylib\judge.cpp(8757): warning C4018: “<”: 有符号/无符号不匹配
d:\00-钢轨探伤\datasolveny\datasolveylib\judge.cpp(8770): warning C4018: “<”: 有符号/无符号不匹配
d:\00-钢轨探伤\datasolveny\datasolveylib\judge.cpp(8807): warning C4018: “<”: 有符号/无符号不匹配
d:\00-钢轨探伤\datasolveny\datasolveylib\judge.cpp(8977): warning C4018: “<”: 有符号/无符号不匹配
d:\00-钢轨探伤\datasolveny\datasolveylib\judge.cpp(8995): warning C4018: “<”: 有符号/无符号不匹配
d:\00-钢轨探伤\datasolveny\datasolveylib\judge.cpp(9000): warning C4018: “<”: 有符号/无符号不匹配
d:\00-钢轨探伤\datasolveny\datasolveylib\judge.cpp(9076): warning C4018: “<”: 有符号/无符号不匹配
d:\00-钢轨探伤\datasolveny\datasolveylib\judge.cpp(9092): warning C4018: “<”: 有符号/无符号不匹配
d:\00-钢轨探伤\datasolveny\datasolveylib\judge.cpp(9096): warning C4018: “<”: 有符号/无符号不匹配
d:\00-钢轨探伤\datasolveny\datasolveylib\judge.cpp(9113): warning C4018: “<”: 有符号/无符号不匹配
d:\00-钢轨探伤\datasolveny\datasolveylib\judge.cpp(9144): warning C4018: “<”: 有符号/无符号不匹配
d:\00-钢轨探伤\datasolveny\datasolveylib\judge.cpp(9181): warning C4018: “<”: 有符号/无符号不匹配
d:\00-钢轨探伤\datasolveny\datasolveylib\judge.cpp(9212): warning C4018: “<”: 有符号/无符号不匹配
d:\00-钢轨探伤\datasolveny\datasolveylib\judge.cpp(9215): warning C4018: “<”: 有符号/无符号不匹配
d:\00-钢轨探伤\datasolveny\datasolveylib\judge.cpp(9220): warning C4018: “<”: 有符号/无符号不匹配
d:\00-钢轨探伤\datasolveny\datasolveylib\judge.cpp(9224): warning C4018: “>”: 有符号/无符号不匹配
d:\00-钢轨探伤\datasolveny\datasolveylib\judge.cpp(9288): warning C4018: “<”: 有符号/无符号不匹配
d:\00-钢轨探伤\datasolveny\datasolveylib\judge.cpp(9313): warning C4018: “<”: 有符号/无符号不匹配
d:\00-钢轨探伤\datasolveny\datasolveylib\judge.cpp(9321): warning C4018: “>”: 有符号/无符号不匹配
d:\00-钢轨探伤\datasolveny\datasolveylib\judge.cpp(9340): warning C4018: “<”: 有符号/无符号不匹配
d:\00-钢轨探伤\datasolveny\datasolveylib\judge.cpp(9347): warning C4018: “<”: 有符号/无符号不匹配
    正在创建库 D:\00-钢轨探伤\DataSolveNY\Release\DataSolve.lib 和对象 D:\00-钢轨探伤\DataSolveNY\Release\DataSolve.exp
  正在生成代码
  0 of 6013 functions ( 0.0%) were compiled, the rest were copied from previous compilation.
    0 functions were new in current compilation
    0 functions had inline decision re-evaluated but remain unchanged
  已完成代码的生成
  DataSolveYLib.vcxproj -> D:\00-钢轨探伤\DataSolveNY\Release\DataSolve.dll
