d:\00-钢轨探伤\datasolveny\datasolveylib\release\datasolve.pch
d:\00-钢轨探伤\datasolveny\datasolveylib\release\vc141.pdb
d:\00-钢轨探伤\datasolveny\datasolveylib\release\stdafx.obj
d:\00-钢轨探伤\datasolveny\datasolveylib\release\stackwalker.obj
d:\00-钢轨探伤\datasolveny\datasolveylib\release\solvedata.obj
d:\00-钢轨探伤\datasolveny\datasolveylib\release\publicfunc.obj
d:\00-钢轨探伤\datasolveny\datasolveylib\release\positionhpe.obj
d:\00-钢轨探伤\datasolveny\datasolveylib\release\judge.obj
d:\00-钢轨探伤\datasolveny\datasolveylib\release\holecore.obj
d:\00-钢轨探伤\datasolveny\datasolveylib\release\hole.obj
d:\00-钢轨探伤\datasolveny\datasolveylib\release\globaldefine.obj
d:\00-钢轨探伤\datasolveny\datasolveylib\release\datasolvelib.obj
d:\00-钢轨探伤\datasolveny\datasolveylib\release\dataqualityanalyse.obj
d:\00-钢轨探伤\datasolveny\datasolveylib\release\dataentities.obj
d:\00-钢轨探伤\datasolveny\datasolveylib\release\crhpe.obj
d:\00-钢轨探伤\datasolveny\datasolveylib\release\baseexception.obj
d:\00-钢轨探伤\datasolveny\datasolveylib\release\dllmain.obj
d:\00-钢轨探伤\datasolveny\release\datasolve.lib
d:\00-钢轨探伤\datasolveny\release\datasolve.exp
d:\00-钢轨探伤\datasolveny\release\datasolve.ipdb
d:\00-钢轨探伤\datasolveny\release\datasolve.iobj
d:\00-钢轨探伤\datasolveny\release\datasolve.dll
d:\00-钢轨探伤\datasolveny\release\datasolve.pdb
d:\00-钢轨探伤\datasolveny\datasolveylib\release\datasolve.res
d:\00-钢轨探伤\datasolveny\datasolveylib\release\datasolve.tlog\cl.command.1.tlog
d:\00-钢轨探伤\datasolveny\datasolveylib\release\datasolve.tlog\cl.read.1.tlog
d:\00-钢轨探伤\datasolveny\datasolveylib\release\datasolve.tlog\cl.write.1.tlog
d:\00-钢轨探伤\datasolveny\datasolveylib\release\datasolve.tlog\datasolve.write.1u.tlog
d:\00-钢轨探伤\datasolveny\datasolveylib\release\datasolve.tlog\link.command.1.tlog
d:\00-钢轨探伤\datasolveny\datasolveylib\release\datasolve.tlog\link.read.1.tlog
d:\00-钢轨探伤\datasolveny\datasolveylib\release\datasolve.tlog\link.write.1.tlog
d:\00-钢轨探伤\datasolveny\datasolveylib\release\datasolve.tlog\rc.command.1.tlog
d:\00-钢轨探伤\datasolveny\datasolveylib\release\datasolve.tlog\rc.read.1.tlog
d:\00-钢轨探伤\datasolveny\datasolveylib\release\datasolve.tlog\rc.write.1.tlog
