f:\tfs\datasolveny\datasolveylib\x64\debug\datasolvey.pch
f:\tfs\datasolveny\datasolveylib\x64\debug\vc141.pdb
f:\tfs\datasolveny\datasolveylib\x64\debug\vc141.idb
f:\tfs\datasolveny\datasolveylib\x64\debug\stdafx.obj
f:\tfs\datasolveny\datasolveylib\x64\debug\stackwalker.obj
f:\tfs\datasolveny\datasolveylib\x64\debug\solvedata.obj
f:\tfs\datasolveny\datasolveylib\x64\debug\publicfunc.obj
f:\tfs\datasolveny\datasolveylib\x64\debug\positionhpe.obj
f:\tfs\datasolveny\datasolveylib\x64\debug\judge.obj
f:\tfs\datasolveny\datasolveylib\x64\debug\holecore.obj
f:\tfs\datasolveny\datasolveylib\x64\debug\hole.obj
f:\tfs\datasolveny\datasolveylib\x64\debug\globaldefine.obj
f:\tfs\datasolveny\datasolveylib\x64\debug\datasolvelib.obj
f:\tfs\datasolveny\datasolveylib\x64\debug\dataqualityanalyse.obj
f:\tfs\datasolveny\datasolveylib\x64\debug\dataentities.obj
f:\tfs\datasolveny\datasolveylib\x64\debug\crhpe.obj
f:\tfs\datasolveny\datasolveylib\x64\debug\baseexception.obj
f:\tfs\datasolveny\datasolveylib\x64\debug\dllmain.obj
f:\tfs\datasolveny\x64\debug\datasolvey.lib
f:\tfs\datasolveny\x64\debug\datasolvey.exp
f:\tfs\datasolveny\x64\debug\datasolvey.dll
f:\tfs\datasolveny\x64\debug\datasolvey.ilk
f:\tfs\datasolveny\x64\debug\datasolvey.pdb
f:\tfs\datasolveny\datasolveylib\x64\debug\datasolve.res
f:\tfs\datasolveny\datasolveylib\x64\debug\positionhpe.obj.enc
f:\tfs\datasolveny\datasolveylib\x64\debug\datasolvey.tlog\cl.command.1.tlog
f:\tfs\datasolveny\datasolveylib\x64\debug\datasolvey.tlog\cl.read.1.tlog
f:\tfs\datasolveny\datasolveylib\x64\debug\datasolvey.tlog\cl.write.1.tlog
f:\tfs\datasolveny\datasolveylib\x64\debug\datasolvey.tlog\datasolvey.write.1u.tlog
f:\tfs\datasolveny\datasolveylib\x64\debug\datasolvey.tlog\link.command.1.tlog
f:\tfs\datasolveny\datasolveylib\x64\debug\datasolvey.tlog\link.read.1.tlog
f:\tfs\datasolveny\datasolveylib\x64\debug\datasolvey.tlog\link.write.1.tlog
f:\tfs\datasolveny\datasolveylib\x64\debug\datasolvey.tlog\rc.command.1.tlog
f:\tfs\datasolveny\datasolveylib\x64\debug\datasolvey.tlog\rc.read.1.tlog
f:\tfs\datasolveny\datasolveylib\x64\debug\datasolvey.tlog\rc.write.1.tlog
